{"level":"info","message":"API listening port 3005","timestamp":"2023-12-03 00:28:25"}
{"level":"info","message":"Connected to Database","timestamp":"2023-12-03 00:28:26"}
{"level":"info","message":{"body":{"email":"taoQuispe@gmial.com","password":"957902342"},"method":"POST","params":"","query":"","url":"/api/user/validate"},"timestamp":"2023-12-03 00:32:02"}
{"level":"info","message":{"body":"","method":"GET","params":{},"query":{},"url":"/api/comercio/getByPersonId/41c3c221-4738-4206-8fa8-053a73fe043d"},"timestamp":"2023-12-03 00:32:03"}
{"level":"info","message":{"body":"","method":"GET","params":{},"query":{},"url":"/api/comercio/getByPersonId/41c3c221-4738-4206-8fa8-053a73fe043d"},"timestamp":"2023-12-03 00:32:04"}
{"level":"info","message":{"body":"","method":"GET","params":{},"query":{},"url":"/api/comercio/getById/ae584ccd-b691-4619-aabf-7b15539743ee"},"timestamp":"2023-12-03 01:27:06"}
{"level":"info","message":{"body":"","method":"GET","params":{},"query":{},"url":"/api/comercio/getById/ae584ccd-b691-4619-aabf-7b15539743ee"},"timestamp":"2023-12-03 01:27:06"}
{"level":"info","message":{"body":"","method":"GET","params":{},"query":{},"url":"/api/comercio/getById/ae584ccd-b691-4619-aabf-7b15539743ee"},"timestamp":"2023-12-03 01:34:27"}
{"level":"info","message":{"body":"","method":"GET","params":{},"query":{},"url":"/api/comercio/getById/ae584ccd-b691-4619-aabf-7b15539743ee"},"timestamp":"2023-12-03 01:34:28"}
{"level":"info","message":{"body":"","method":"GET","params":{},"query":{},"url":"/api/comercio/getById/ae584ccd-b691-4619-aabf-7b15539743ee"},"timestamp":"2023-12-03 01:35:25"}
{"level":"info","message":{"body":"","method":"GET","params":{},"query":{},"url":"/api/comercio/getById/ae584ccd-b691-4619-aabf-7b15539743ee"},"timestamp":"2023-12-03 01:35:25"}
{"level":"info","message":{"body":"","method":"GET","params":{},"query":{},"url":"/api/comercio/getById/ae584ccd-b691-4619-aabf-7b15539743ee"},"timestamp":"2023-12-03 01:37:25"}
{"level":"info","message":{"body":"","method":"GET","params":{},"query":{},"url":"/api/comercio/getById/ae584ccd-b691-4619-aabf-7b15539743ee"},"timestamp":"2023-12-03 01:37:25"}
{"level":"info","message":{"body":"","method":"GET","params":{},"query":{},"url":"/api/comercio/getById/ae584ccd-b691-4619-aabf-7b15539743ee"},"timestamp":"2023-12-03 01:56:58"}
{"level":"info","message":{"body":"","method":"GET","params":{},"query":{},"url":"/api/comercio/getById/ae584ccd-b691-4619-aabf-7b15539743ee"},"timestamp":"2023-12-03 01:56:58"}
{"level":"info","message":{"body":{"email":"taoQuispe@gmial.com","password":"957902342"},"method":"POST","params":"","query":"","url":"/api/user/validate"},"timestamp":"2023-12-03 02:26:01"}
{"level":"info","message":{"body":"","method":"GET","params":{},"query":{},"url":"/api/comercio/getByPersonId/41c3c221-4738-4206-8fa8-053a73fe043d"},"timestamp":"2023-12-03 02:26:01"}
{"level":"info","message":{"body":"","method":"GET","params":{},"query":{},"url":"/api/comercio/getByPersonId/41c3c221-4738-4206-8fa8-053a73fe043d"},"timestamp":"2023-12-03 02:26:01"}
{"level":"info","message":{"body":"","method":"GET","params":{},"query":{},"url":"/api/comercio/getById/ae584ccd-b691-4619-aabf-7b15539743ee"},"timestamp":"2023-12-03 03:16:06"}
{"level":"info","message":{"body":"","method":"GET","params":{},"query":{},"url":"/api/comercio/getById/ae584ccd-b691-4619-aabf-7b15539743ee"},"timestamp":"2023-12-03 03:16:06"}
{"level":"info","message":{"body":"","method":"GET","params":{},"query":{},"url":"/api/comercio/getById/ae584ccd-b691-4619-aabf-7b15539743ee"},"timestamp":"2023-12-03 03:40:34"}
{"level":"info","message":{"body":"","method":"GET","params":{},"query":{},"url":"/api/comercio/getById/ae584ccd-b691-4619-aabf-7b15539743ee"},"timestamp":"2023-12-03 03:40:34"}
{"level":"info","message":{"body":"","method":"GET","params":{},"query":{},"url":"/api/comercio/getById/ae584ccd-b691-4619-aabf-7b15539743ee"},"timestamp":"2023-12-03 03:50:17"}
{"level":"info","message":{"body":"","method":"GET","params":{},"query":{},"url":"/api/comercio/getById/ae584ccd-b691-4619-aabf-7b15539743ee"},"timestamp":"2023-12-03 03:50:17"}
{"level":"info","message":{"body":"","method":"GET","params":{},"query":{},"url":"/api/comercio/getById/ae584ccd-b691-4619-aabf-7b15539743ee"},"timestamp":"2023-12-03 03:56:21"}
{"level":"info","message":{"body":"","method":"GET","params":{},"query":{},"url":"/api/comercio/getById/ae584ccd-b691-4619-aabf-7b15539743ee"},"timestamp":"2023-12-03 03:56:22"}
{"level":"info","message":{"body":{},"method":"POST","params":"","query":"","url":"/api/file/add"},"timestamp":"2023-12-03 03:57:33"}
{"level":"info","message":{"data":{},"model":"file/add"},"timestamp":"2023-12-03 03:57:35"}
{"level":"info","message":{"body":"","method":"GET","params":{},"query":{},"url":"/api/comercio/getById/ae584ccd-b691-4619-aabf-7b15539743ee"},"timestamp":"2023-12-03 04:02:33"}
{"level":"info","message":{"body":"","method":"GET","params":{},"query":{},"url":"/api/comercio/getById/ae584ccd-b691-4619-aabf-7b15539743ee"},"timestamp":"2023-12-03 04:02:33"}
{"level":"info","message":"API listening port 3005","timestamp":"2023-12-03 09:44:08"}
{"level":"info","message":"Connected to Database","timestamp":"2023-12-03 09:44:08"}
{"level":"info","message":{"body":{"email":"taoQuispe@gmial.com","password":"957902342"},"method":"POST","params":"","query":"","url":"/api/user/validate"},"timestamp":"2023-12-03 09:46:55"}
{"level":"info","message":{"body":"","method":"GET","params":{},"query":{},"url":"/api/comercio/getByPersonId/41c3c221-4738-4206-8fa8-053a73fe043d"},"timestamp":"2023-12-03 09:46:57"}
{"level":"info","message":{"body":"","method":"GET","params":{},"query":{},"url":"/api/comercio/getByPersonId/41c3c221-4738-4206-8fa8-053a73fe043d"},"timestamp":"2023-12-03 09:46:57"}
{"level":"info","message":{"body":{},"method":"POST","params":"","query":"","url":"/api/file/add"},"timestamp":"2023-12-03 09:55:25"}
{"level":"info","message":{"data":{},"model":"file/add"},"timestamp":"2023-12-03 09:55:27"}
{"level":"info","message":{"body":"","method":"GET","params":{},"query":{},"url":"/api/comercio/getByPersonId/41c3c221-4738-4206-8fa8-053a73fe043d"},"timestamp":"2023-12-03 09:55:59"}
{"level":"info","message":{"body":"","method":"GET","params":{},"query":{},"url":"/api/comercio/getByPersonId/41c3c221-4738-4206-8fa8-053a73fe043d"},"timestamp":"2023-12-03 09:55:59"}
{"level":"info","message":{"body":"","method":"GET","params":{},"query":{},"url":"/api/comercio/getByPersonId/41c3c221-4738-4206-8fa8-053a73fe043d"},"timestamp":"2023-12-03 09:56:23"}
{"level":"info","message":{"body":"","method":"GET","params":{},"query":{},"url":"/api/comercio/getByPersonId/41c3c221-4738-4206-8fa8-053a73fe043d"},"timestamp":"2023-12-03 09:56:24"}
{"level":"info","message":{"body":"","method":"GET","params":{},"query":{},"url":"/api/comercio/getById/ae584ccd-b691-4619-aabf-7b15539743ee"},"timestamp":"2023-12-03 10:08:38"}
{"level":"info","message":{"body":"","method":"GET","params":{},"query":{},"url":"/api/comercio/getById/ae584ccd-b691-4619-aabf-7b15539743ee"},"timestamp":"2023-12-03 10:08:38"}
{"level":"info","message":{"body":"","method":"GET","params":{},"query":{},"url":"/api/comercio/getById/ae584ccd-b691-4619-aabf-7b15539743ee"},"timestamp":"2023-12-03 10:43:17"}
{"level":"info","message":{"body":"","method":"GET","params":{},"query":{},"url":"/api/comercio/getById/ae584ccd-b691-4619-aabf-7b15539743ee"},"timestamp":"2023-12-03 10:43:17"}
{"level":"info","message":{"body":"","method":"GET","params":{},"query":{},"url":"/api/comercio/getById/ae584ccd-b691-4619-aabf-7b15539743ee"},"timestamp":"2023-12-03 10:43:21"}
{"level":"info","message":{"body":"","method":"GET","params":{},"query":{},"url":"/api/comercio/getById/ae584ccd-b691-4619-aabf-7b15539743ee"},"timestamp":"2023-12-03 10:43:21"}
{"level":"info","message":{"body":"","method":"GET","params":{},"query":{},"url":"/api/comercio/getById/ae584ccd-b691-4619-aabf-7b15539743ee"},"timestamp":"2023-12-03 10:43:35"}
{"level":"info","message":{"body":"","method":"GET","params":{},"query":{},"url":"/api/comercio/getById/ae584ccd-b691-4619-aabf-7b15539743ee"},"timestamp":"2023-12-03 10:43:35"}
{"level":"info","message":{"body":{},"method":"POST","params":"","query":"","url":"/api/file/add"},"timestamp":"2023-12-03 10:47:34"}
{"level":"info","message":{"data":{},"model":"file/add"},"timestamp":"2023-12-03 10:47:36"}
{"level":"info","message":{"body":"","method":"GET","params":{},"query":{},"url":"/api/comercio/getById/ae584ccd-b691-4619-aabf-7b15539743ee"},"timestamp":"2023-12-03 10:51:14"}
{"level":"info","message":{"body":"","method":"GET","params":{},"query":{},"url":"/api/comercio/getById/ae584ccd-b691-4619-aabf-7b15539743ee"},"timestamp":"2023-12-03 10:51:14"}
{"level":"info","message":{"body":{},"method":"POST","params":"","query":"","url":"/api/file/add"},"timestamp":"2023-12-03 10:55:12"}
{"level":"info","message":{"data":{},"model":"file/add"},"timestamp":"2023-12-03 10:55:14"}
{"level":"info","message":{"body":{},"method":"POST","params":"","query":"","url":"/api/file/add"},"timestamp":"2023-12-03 10:59:01"}
{"level":"info","message":{"data":{},"model":"file/add"},"timestamp":"2023-12-03 10:59:03"}
{"level":"info","message":{"body":"","method":"GET","params":{},"query":{},"url":"/api/comercio/getById/ae584ccd-b691-4619-aabf-7b15539743ee"},"timestamp":"2023-12-03 11:02:27"}
{"level":"info","message":{"body":"","method":"GET","params":{},"query":{},"url":"/api/comercio/getById/ae584ccd-b691-4619-aabf-7b15539743ee"},"timestamp":"2023-12-03 11:02:27"}
{"level":"info","message":"API listening port 3005","timestamp":"2023-12-03 13:47:35"}
{"level":"info","message":"Connected to Database","timestamp":"2023-12-03 13:47:36"}
{"level":"info","message":{"body":{"email":"taoQuispe@gmial.com","password":"957902342"},"method":"POST","params":"","query":"","url":"/api/user/validate"},"timestamp":"2023-12-03 13:53:08"}
{"level":"info","message":{"body":"","method":"GET","params":{},"query":{},"url":"/api/comercio/getByPersonId/41c3c221-4738-4206-8fa8-053a73fe043d"},"timestamp":"2023-12-03 13:53:09"}
{"level":"info","message":{"body":"","method":"GET","params":{},"query":{},"url":"/api/comercio/getByPersonId/41c3c221-4738-4206-8fa8-053a73fe043d"},"timestamp":"2023-12-03 13:53:09"}
{"level":"info","message":{"body":"","method":"GET","params":{},"query":{},"url":"/api/comercio/getById/ae584ccd-b691-4619-aabf-7b15539743ee"},"timestamp":"2023-12-03 14:03:15"}
{"level":"info","message":{"body":"","method":"GET","params":{},"query":{},"url":"/api/comercio/getById/ae584ccd-b691-4619-aabf-7b15539743ee"},"timestamp":"2023-12-03 14:03:15"}
{"level":"info","message":{"body":"","method":"GET","params":{},"query":{},"url":"/api/comercio/getById/ae584ccd-b691-4619-aabf-7b15539743ee"},"timestamp":"2023-12-03 14:04:56"}
{"level":"info","message":{"body":"","method":"GET","params":{},"query":{},"url":"/api/comercio/getById/ae584ccd-b691-4619-aabf-7b15539743ee"},"timestamp":"2023-12-03 14:04:56"}
{"level":"info","message":{"body":"","method":"GET","params":{},"query":{},"url":"/api/comercio/getById/ae584ccd-b691-4619-aabf-7b15539743ee"},"timestamp":"2023-12-03 14:05:01"}
{"level":"info","message":{"body":"","method":"GET","params":{},"query":{},"url":"/api/comercio/getById/ae584ccd-b691-4619-aabf-7b15539743ee"},"timestamp":"2023-12-03 14:05:01"}
{"level":"info","message":{"body":"","method":"GET","params":{},"query":{},"url":"/api/comercio/getById/ae584ccd-b691-4619-aabf-7b15539743ee"},"timestamp":"2023-12-03 19:10:58"}
{"level":"info","message":{"body":"","method":"GET","params":{},"query":{},"url":"/api/comercio/getById/ae584ccd-b691-4619-aabf-7b15539743ee"},"timestamp":"2023-12-03 19:10:58"}
{"level":"info","message":{"body":"","method":"GET","params":{},"query":{},"url":"/api/comercio/getById/ae584ccd-b691-4619-aabf-7b15539743ee"},"timestamp":"2023-12-03 20:46:08"}
{"level":"info","message":{"body":"","method":"GET","params":{},"query":{},"url":"/api/comercio/getById/ae584ccd-b691-4619-aabf-7b15539743ee"},"timestamp":"2023-12-03 20:46:08"}
{"level":"info","message":{"body":"","method":"GET","params":{},"query":{},"url":"/api/comercio/getById/ae584ccd-b691-4619-aabf-7b15539743ee"},"timestamp":"2023-12-03 21:17:39"}
{"level":"info","message":{"body":"","method":"GET","params":{},"query":{},"url":"/api/comercio/getById/ae584ccd-b691-4619-aabf-7b15539743ee"},"timestamp":"2023-12-03 21:17:39"}
{"level":"info","message":{"body":"","method":"GET","params":{},"query":{},"url":"/api/comercio/getById/ae584ccd-b691-4619-aabf-7b15539743ee"},"timestamp":"2023-12-03 21:29:30"}
{"level":"info","message":{"body":"","method":"GET","params":{},"query":{},"url":"/api/comercio/getById/ae584ccd-b691-4619-aabf-7b15539743ee"},"timestamp":"2023-12-03 21:29:30"}
{"level":"info","message":{"body":"","method":"GET","params":{},"query":{},"url":"/api/comercio/getById/ae584ccd-b691-4619-aabf-7b15539743ee"},"timestamp":"2023-12-03 21:38:46"}
{"level":"info","message":{"body":"","method":"GET","params":{},"query":{},"url":"/api/comercio/getById/ae584ccd-b691-4619-aabf-7b15539743ee"},"timestamp":"2023-12-03 21:38:47"}
