{"level":"info","message":"API listening port 3005","timestamp":"2023-12-08 20:12:50"}
{"level":"info","message":"Connected to Database","timestamp":"2023-12-08 20:12:51"}
{"level":"info","message":{"body":{"email":"taoQuispe@gmial.com","password":"957902342"},"method":"POST","params":"","query":"","url":"/api/user/validate"},"timestamp":"2023-12-08 20:15:29"}
{"level":"info","message":{"body":{"email":"taoQuispe@gmial.com","password":"957902342"},"method":"POST","params":"","query":"","url":"/api/user/validate"},"timestamp":"2023-12-08 20:15:44"}
{"level":"info","message":{"body":"","method":"GET","params":{},"query":{},"url":"/api/comercio/getByPersonId/41c3c221-4738-4206-8fa8-053a73fe043d"},"timestamp":"2023-12-08 20:15:45"}
{"level":"info","message":{"body":"","method":"GET","params":{},"query":{},"url":"/api/comercio/getByPersonId/41c3c221-4738-4206-8fa8-053a73fe043d"},"timestamp":"2023-12-08 20:15:45"}
{"level":"info","message":{"body":"","method":"GET","params":{},"query":{},"url":"/api/product/getAllByRestaurantId/e2b6bc80-ef0b-4d50-9974-ef8ada8a4a51"},"timestamp":"2023-12-08 20:15:51"}
{"level":"info","message":{"data":{},"model":"product/getAllByRestaurantId"},"timestamp":"2023-12-08 20:15:51"}
{"level":"info","message":{"body":"","method":"GET","params":{},"query":{},"url":"/api/product/getAllByRestaurantId/e2b6bc80-ef0b-4d50-9974-ef8ada8a4a51"},"timestamp":"2023-12-08 20:15:51"}
{"level":"info","message":{"data":{},"model":"product/getAllByRestaurantId"},"timestamp":"2023-12-08 20:15:51"}
{"level":"info","message":{"body":"","method":"GET","params":{},"query":{},"url":"/api/product/getAllByRestaurantId/e2b6bc80-ef0b-4d50-9974-ef8ada8a4a51"},"timestamp":"2023-12-08 20:20:52"}
{"level":"info","message":{"data":{},"model":"product/getAllByRestaurantId"},"timestamp":"2023-12-08 20:20:52"}
{"level":"info","message":{"body":"","method":"GET","params":{},"query":{},"url":"/api/product/getAllByRestaurantId/e2b6bc80-ef0b-4d50-9974-ef8ada8a4a51"},"timestamp":"2023-12-08 20:20:52"}
{"level":"info","message":{"data":{},"model":"product/getAllByRestaurantId"},"timestamp":"2023-12-08 20:20:52"}
{"level":"info","message":{"body":"","method":"GET","params":{},"query":{},"url":"/api/comercio/getByPersonId/41c3c221-4738-4206-8fa8-053a73fe043d"},"timestamp":"2023-12-08 20:26:48"}
{"level":"info","message":{"body":"","method":"GET","params":{},"query":{},"url":"/api/comercio/getByPersonId/41c3c221-4738-4206-8fa8-053a73fe043d"},"timestamp":"2023-12-08 20:26:48"}
{"level":"info","message":{"body":"","method":"GET","params":{},"query":{},"url":"/api/product/getAllByRestaurantId/e2b6bc80-ef0b-4d50-9974-ef8ada8a4a51"},"timestamp":"2023-12-08 20:26:58"}
{"level":"info","message":{"data":{},"model":"product/getAllByRestaurantId"},"timestamp":"2023-12-08 20:26:58"}
{"level":"info","message":{"body":"","method":"GET","params":{},"query":{},"url":"/api/product/getAllByRestaurantId/e2b6bc80-ef0b-4d50-9974-ef8ada8a4a51"},"timestamp":"2023-12-08 20:26:58"}
{"level":"info","message":{"data":{},"model":"product/getAllByRestaurantId"},"timestamp":"2023-12-08 20:26:58"}
{"level":"info","message":{"body":"","method":"GET","params":{},"query":{},"url":"/api/comercio/getByPersonId/41c3c221-4738-4206-8fa8-053a73fe043d"},"timestamp":"2023-12-08 20:27:05"}
{"level":"info","message":{"body":"","method":"GET","params":{},"query":{},"url":"/api/comercio/getByPersonId/41c3c221-4738-4206-8fa8-053a73fe043d"},"timestamp":"2023-12-08 20:27:05"}
{"level":"info","message":{"body":"","method":"GET","params":{},"query":{},"url":"/api/product/getAllByRestaurantId/e2b6bc80-ef0b-4d50-9974-ef8ada8a4a51"},"timestamp":"2023-12-08 20:27:14"}
{"level":"info","message":{"data":{},"model":"product/getAllByRestaurantId"},"timestamp":"2023-12-08 20:27:14"}
{"level":"info","message":{"body":"","method":"GET","params":{},"query":{},"url":"/api/product/getAllByRestaurantId/e2b6bc80-ef0b-4d50-9974-ef8ada8a4a51"},"timestamp":"2023-12-08 20:27:14"}
{"level":"info","message":{"data":{},"model":"product/getAllByRestaurantId"},"timestamp":"2023-12-08 20:27:14"}
{"level":"info","message":"API listening port 3005","timestamp":"2023-12-08 20:28:00"}
{"level":"info","message":{"body":"","method":"GET","params":{},"query":{},"url":"/api/comercio/getById/ae584ccd-b691-4619-aabf-7b15539743ee"},"timestamp":"2023-12-08 20:28:00"}
{"level":"info","message":"Connected to Database","timestamp":"2023-12-08 20:28:00"}
{"level":"info","message":{"body":"","method":"GET","params":{},"query":{},"url":"/api/comercio/getById/ae584ccd-b691-4619-aabf-7b15539743ee"},"timestamp":"2023-12-08 20:28:00"}
{"level":"info","message":{"body":"","method":"GET","params":{},"query":{},"url":"/api/product/getAllByRestaurantId/e2b6bc80-ef0b-4d50-9974-ef8ada8a4a51"},"timestamp":"2023-12-08 20:28:00"}
{"level":"info","message":{"data":{},"model":"product/getAllByRestaurantId"},"timestamp":"2023-12-08 20:28:00"}
{"level":"info","message":{"body":"","method":"GET","params":{},"query":{},"url":"/api/product/getAllByRestaurantId/e2b6bc80-ef0b-4d50-9974-ef8ada8a4a51"},"timestamp":"2023-12-08 20:28:00"}
{"level":"info","message":{"data":{},"model":"product/getAllByRestaurantId"},"timestamp":"2023-12-08 20:28:00"}
{"level":"info","message":"API listening port 3005","timestamp":"2023-12-08 20:29:39"}
{"level":"info","message":"Connected to Database","timestamp":"2023-12-08 20:29:39"}
{"level":"info","message":"API listening port 3005","timestamp":"2023-12-08 20:29:44"}
{"level":"info","message":"Connected to Database","timestamp":"2023-12-08 20:29:45"}
{"level":"info","message":"API listening port 3005","timestamp":"2023-12-08 20:29:58"}
{"level":"info","message":"Connected to Database","timestamp":"2023-12-08 20:29:58"}
{"level":"info","message":"API listening port 3005","timestamp":"2023-12-08 20:30:20"}
{"level":"info","message":"Connected to Database","timestamp":"2023-12-08 20:30:20"}
{"level":"info","message":{"body":"","method":"GET","params":{},"query":{},"url":"/api/comercio/getById/ae584ccd-b691-4619-aabf-7b15539743ee"},"timestamp":"2023-12-08 20:30:32"}
{"level":"info","message":{"body":"","method":"GET","params":{},"query":{},"url":"/api/comercio/getById/ae584ccd-b691-4619-aabf-7b15539743ee"},"timestamp":"2023-12-08 20:30:32"}
{"level":"info","message":{"body":"","method":"GET","params":{},"query":{},"url":"/api/product/getAllByRestaurantId/e2b6bc80-ef0b-4d50-9974-ef8ada8a4a51"},"timestamp":"2023-12-08 20:30:32"}
{"level":"info","message":{"data":{},"model":"product/getAllByRestaurantId"},"timestamp":"2023-12-08 20:30:32"}
{"level":"info","message":{"body":"","method":"GET","params":{},"query":{},"url":"/api/product/getAllByRestaurantId/e2b6bc80-ef0b-4d50-9974-ef8ada8a4a51"},"timestamp":"2023-12-08 20:30:32"}
{"level":"info","message":{"data":{},"model":"product/getAllByRestaurantId"},"timestamp":"2023-12-08 20:30:32"}
{"level":"info","message":"API listening port 3005","timestamp":"2023-12-08 20:32:09"}
{"level":"info","message":"Connected to Database","timestamp":"2023-12-08 20:32:10"}
{"level":"info","message":"API listening port 3005","timestamp":"2023-12-08 20:32:20"}
{"level":"info","message":"Connected to Database","timestamp":"2023-12-08 20:32:20"}
{"level":"info","message":"API listening port 3005","timestamp":"2023-12-08 20:32:29"}
{"level":"info","message":"Connected to Database","timestamp":"2023-12-08 20:32:29"}
{"level":"info","message":"API listening port 3005","timestamp":"2023-12-08 20:32:35"}
{"level":"info","message":"Connected to Database","timestamp":"2023-12-08 20:32:35"}
{"level":"info","message":"API listening port 3005","timestamp":"2023-12-08 20:32:39"}
{"level":"info","message":"Connected to Database","timestamp":"2023-12-08 20:32:39"}
{"level":"info","message":"API listening port 3005","timestamp":"2023-12-08 20:32:59"}
{"level":"info","message":"Connected to Database","timestamp":"2023-12-08 20:32:59"}
{"level":"info","message":{"body":{},"method":"POST","params":"","query":"","url":"/api/file/add"},"timestamp":"2023-12-08 20:36:51"}
{"level":"info","message":{"data":{},"model":"file/add"},"timestamp":"2023-12-08 20:36:52"}
{"level":"info","message":{"body":"","method":"GET","params":{},"query":{},"url":"/api/comercio/getById/ae584ccd-b691-4619-aabf-7b15539743ee"},"timestamp":"2023-12-08 20:45:12"}
{"level":"info","message":{"body":"","method":"GET","params":{},"query":{},"url":"/api/comercio/getById/ae584ccd-b691-4619-aabf-7b15539743ee"},"timestamp":"2023-12-08 20:45:12"}
{"level":"info","message":{"body":"","method":"GET","params":{},"query":{},"url":"/api/product/getAllByRestaurantId/e2b6bc80-ef0b-4d50-9974-ef8ada8a4a51"},"timestamp":"2023-12-08 20:45:12"}
{"level":"info","message":{"data":{},"model":"product/getAllByRestaurantId"},"timestamp":"2023-12-08 20:45:12"}
{"level":"info","message":{"body":"","method":"GET","params":{},"query":{},"url":"/api/product/getAllByRestaurantId/e2b6bc80-ef0b-4d50-9974-ef8ada8a4a51"},"timestamp":"2023-12-08 20:45:12"}
{"level":"info","message":{"data":{},"model":"product/getAllByRestaurantId"},"timestamp":"2023-12-08 20:45:12"}
{"level":"info","message":{"body":"","method":"GET","params":{},"query":{},"url":"/api/comercio/getById/ae584ccd-b691-4619-aabf-7b15539743ee"},"timestamp":"2023-12-08 20:46:15"}
{"level":"info","message":{"body":"","method":"GET","params":{},"query":{},"url":"/api/comercio/getById/ae584ccd-b691-4619-aabf-7b15539743ee"},"timestamp":"2023-12-08 20:46:15"}
{"level":"info","message":{"body":"","method":"GET","params":{},"query":{},"url":"/api/product/getAllByRestaurantId/e2b6bc80-ef0b-4d50-9974-ef8ada8a4a51"},"timestamp":"2023-12-08 20:46:15"}
{"level":"info","message":{"data":{},"model":"product/getAllByRestaurantId"},"timestamp":"2023-12-08 20:46:15"}
{"level":"info","message":{"body":"","method":"GET","params":{},"query":{},"url":"/api/product/getAllByRestaurantId/e2b6bc80-ef0b-4d50-9974-ef8ada8a4a51"},"timestamp":"2023-12-08 20:46:15"}
{"level":"info","message":{"data":{},"model":"product/getAllByRestaurantId"},"timestamp":"2023-12-08 20:46:15"}
{"level":"info","message":"API listening port 3005","timestamp":"2023-12-08 20:47:34"}
{"level":"info","message":"Connected to Database","timestamp":"2023-12-08 20:47:34"}
{"level":"info","message":{"body":{},"method":"POST","params":"","query":"","url":"/api/file/add"},"timestamp":"2023-12-08 20:48:01"}
{"level":"info","message":{"data":{},"model":"file/add"},"timestamp":"2023-12-08 20:48:02"}
{"level":"info","message":{"body":{"description":"Description12","favorite":0,"img":"http://res.cloudinary.com/dzfg8xnxn/image/upload/v1702079283/ecfphehlxjolgetbpn5m.jpg","ingredients":[{"id":"","name":"Abad"},{"id":"","name":"Matias"},{"id":"","name":"Alexander"}],"name":"Producto12","price":54788,"restaurant_id":"e2b6bc80-ef0b-4d50-9974-ef8ada8a4a51"},"method":"POST","params":"","query":"","url":"/api/product/create"},"timestamp":"2023-12-08 20:48:17"}
{"level":"info","message":{"data":{"description":"Description12","favorite":0,"img":"http://res.cloudinary.com/dzfg8xnxn/image/upload/v1702079283/ecfphehlxjolgetbpn5m.jpg","ingredients":[{"id":"","name":"Abad"},{"id":"","name":"Matias"},{"id":"","name":"Alexander"}],"name":"Producto12","price":54788,"restaurant_id":"e2b6bc80-ef0b-4d50-9974-ef8ada8a4a51"},"model":"product/create"},"timestamp":"2023-12-08 20:48:17"}
{"level":"info","message":"API listening port 3005","timestamp":"2023-12-08 20:49:32"}
{"level":"info","message":"Connected to Database","timestamp":"2023-12-08 20:49:32"}
{"level":"info","message":"API listening port 3005","timestamp":"2023-12-08 20:50:31"}
{"level":"info","message":"Connected to Database","timestamp":"2023-12-08 20:50:32"}
{"level":"info","message":"API listening port 3005","timestamp":"2023-12-08 20:50:37"}
{"level":"info","message":"Connected to Database","timestamp":"2023-12-08 20:50:37"}
{"level":"info","message":"API listening port 3005","timestamp":"2023-12-08 20:50:46"}
{"level":"info","message":"Connected to Database","timestamp":"2023-12-08 20:50:46"}
{"level":"info","message":"API listening port 3005","timestamp":"2023-12-08 20:50:56"}
{"level":"info","message":"Connected to Database","timestamp":"2023-12-08 20:50:56"}
{"level":"info","message":"API listening port 3005","timestamp":"2023-12-08 20:51:01"}
{"level":"info","message":"Connected to Database","timestamp":"2023-12-08 20:51:01"}
{"level":"info","message":"API listening port 3005","timestamp":"2023-12-08 20:51:05"}
{"level":"info","message":"Connected to Database","timestamp":"2023-12-08 20:51:06"}
{"level":"info","message":"API listening port 3005","timestamp":"2023-12-08 20:51:11"}
{"level":"info","message":"Connected to Database","timestamp":"2023-12-08 20:51:11"}
{"level":"info","message":"API listening port 3005","timestamp":"2023-12-08 20:51:17"}
{"level":"info","message":"Connected to Database","timestamp":"2023-12-08 20:51:17"}
{"level":"info","message":"API listening port 3005","timestamp":"2023-12-08 20:51:35"}
{"level":"info","message":"Connected to Database","timestamp":"2023-12-08 20:51:35"}
{"level":"info","message":"API listening port 3005","timestamp":"2023-12-08 20:51:49"}
{"level":"info","message":"Connected to Database","timestamp":"2023-12-08 20:51:49"}
{"level":"info","message":{"body":{"description":"Description12","favorite":0,"img":"http://res.cloudinary.com/dzfg8xnxn/image/upload/v1702079283/ecfphehlxjolgetbpn5m.jpg","ingredients":[{"id":"","name":"Abad"},{"id":"","name":"Matias"},{"id":"","name":"Alexander"}],"name":"Producto12","price":54788,"restaurant_id":"e2b6bc80-ef0b-4d50-9974-ef8ada8a4a51"},"method":"POST","params":"","query":"","url":"/api/product/create"},"timestamp":"2023-12-08 20:51:54"}
{"level":"info","message":{"data":{"description":"Description12","favorite":0,"img":"http://res.cloudinary.com/dzfg8xnxn/image/upload/v1702079283/ecfphehlxjolgetbpn5m.jpg","ingredients":[{"id":"","name":"Abad"},{"id":"","name":"Matias"},{"id":"","name":"Alexander"}],"name":"Producto12","price":54788,"restaurant_id":"e2b6bc80-ef0b-4d50-9974-ef8ada8a4a51"},"model":"product/create"},"timestamp":"2023-12-08 20:51:54"}
{"level":"error","message":{"data":"error de sintaxis en o cerca de «*»","model":"product/create"},"timestamp":"2023-12-08 20:51:54"}
{"level":"info","message":"API listening port 3005","timestamp":"2023-12-08 20:52:24"}
{"level":"info","message":"Connected to Database","timestamp":"2023-12-08 20:52:24"}
{"level":"info","message":"API listening port 3005","timestamp":"2023-12-08 20:52:28"}
{"level":"info","message":"Connected to Database","timestamp":"2023-12-08 20:52:28"}
{"level":"info","message":{"body":{"description":"Description12","favorite":0,"img":"http://res.cloudinary.com/dzfg8xnxn/image/upload/v1702079283/ecfphehlxjolgetbpn5m.jpg","ingredients":[{"id":"","name":"Abad"},{"id":"","name":"Matias"},{"id":"","name":"Alexander"}],"name":"Producto12","price":54788,"restaurant_id":"e2b6bc80-ef0b-4d50-9974-ef8ada8a4a51"},"method":"POST","params":"","query":"","url":"/api/product/create"},"timestamp":"2023-12-08 20:52:38"}
{"level":"info","message":{"data":{"description":"Description12","favorite":0,"img":"http://res.cloudinary.com/dzfg8xnxn/image/upload/v1702079283/ecfphehlxjolgetbpn5m.jpg","ingredients":[{"id":"","name":"Abad"},{"id":"","name":"Matias"},{"id":"","name":"Alexander"}],"name":"Producto12","price":54788,"restaurant_id":"e2b6bc80-ef0b-4d50-9974-ef8ada8a4a51"},"model":"product/create"},"timestamp":"2023-12-08 20:52:38"}
{"level":"info","message":"API listening port 3005","timestamp":"2023-12-08 20:53:30"}
{"level":"info","message":"Connected to Database","timestamp":"2023-12-08 20:53:30"}
{"level":"info","message":"API listening port 3005","timestamp":"2023-12-08 20:53:38"}
{"level":"info","message":"Connected to Database","timestamp":"2023-12-08 20:53:38"}
{"level":"info","message":{"body":"","method":"GET","params":{},"query":{},"url":"/api/comercio/getById/ae584ccd-b691-4619-aabf-7b15539743ee"},"timestamp":"2023-12-08 20:53:42"}
{"level":"info","message":{"body":"","method":"GET","params":{},"query":{},"url":"/api/comercio/getById/ae584ccd-b691-4619-aabf-7b15539743ee"},"timestamp":"2023-12-08 20:53:42"}
{"level":"info","message":{"body":"","method":"GET","params":{},"query":{},"url":"/api/product/getAllByRestaurantId/e2b6bc80-ef0b-4d50-9974-ef8ada8a4a51"},"timestamp":"2023-12-08 20:53:42"}
{"level":"info","message":{"data":{},"model":"product/getAllByRestaurantId"},"timestamp":"2023-12-08 20:53:42"}
{"level":"info","message":{"body":"","method":"GET","params":{},"query":{},"url":"/api/product/getAllByRestaurantId/e2b6bc80-ef0b-4d50-9974-ef8ada8a4a51"},"timestamp":"2023-12-08 20:53:42"}
{"level":"info","message":{"data":{},"model":"product/getAllByRestaurantId"},"timestamp":"2023-12-08 20:53:42"}
{"level":"info","message":{"body":{},"method":"POST","params":"","query":"","url":"/api/file/add"},"timestamp":"2023-12-08 20:54:33"}
{"level":"info","message":{"data":{},"model":"file/add"},"timestamp":"2023-12-08 20:54:34"}
{"level":"info","message":{"body":{"description":"description13","favorite":0,"img":"http://res.cloudinary.com/dzfg8xnxn/image/upload/v1702079675/gtstgknfxybbrfe2fgeu.jpg","ingredients":[{"id":"","name":"mayo"},{"id":"","name":"zapñlao"},{"id":"","name":"legucha"},{"id":"","name":"cebolla"},{"id":"","name":"pimenton"}],"name":"producto13","price":25544,"restaurant_id":"e2b6bc80-ef0b-4d50-9974-ef8ada8a4a51"},"method":"POST","params":"","query":"","url":"/api/product/create"},"timestamp":"2023-12-08 20:54:40"}
{"level":"info","message":{"data":{"description":"description13","favorite":0,"img":"http://res.cloudinary.com/dzfg8xnxn/image/upload/v1702079675/gtstgknfxybbrfe2fgeu.jpg","ingredients":[{"id":"","name":"mayo"},{"id":"","name":"zapñlao"},{"id":"","name":"legucha"},{"id":"","name":"cebolla"},{"id":"","name":"pimenton"}],"name":"producto13","price":25544,"restaurant_id":"e2b6bc80-ef0b-4d50-9974-ef8ada8a4a51"},"model":"product/create"},"timestamp":"2023-12-08 20:54:40"}
{"level":"info","message":{"body":"","method":"GET","params":{},"query":{},"url":"/api/comercio/getById/ae584ccd-b691-4619-aabf-7b15539743ee"},"timestamp":"2023-12-08 20:56:49"}
{"level":"info","message":{"body":"","method":"GET","params":{},"query":{},"url":"/api/comercio/getById/ae584ccd-b691-4619-aabf-7b15539743ee"},"timestamp":"2023-12-08 20:56:50"}
{"level":"info","message":{"body":"","method":"GET","params":{},"query":{},"url":"/api/product/getAllByRestaurantId/e2b6bc80-ef0b-4d50-9974-ef8ada8a4a51"},"timestamp":"2023-12-08 20:56:50"}
{"level":"info","message":{"data":{},"model":"product/getAllByRestaurantId"},"timestamp":"2023-12-08 20:56:50"}
{"level":"info","message":{"body":"","method":"GET","params":{},"query":{},"url":"/api/product/getAllByRestaurantId/e2b6bc80-ef0b-4d50-9974-ef8ada8a4a51"},"timestamp":"2023-12-08 20:56:50"}
{"level":"info","message":{"data":{},"model":"product/getAllByRestaurantId"},"timestamp":"2023-12-08 20:56:50"}
{"level":"info","message":{"body":"","method":"GET","params":{},"query":{},"url":"/api/product/getAllByRestaurantId/e2b6bc80-ef0b-4d50-9974-ef8ada8a4a51"},"timestamp":"2023-12-08 20:57:36"}
{"level":"info","message":{"data":{},"model":"product/getAllByRestaurantId"},"timestamp":"2023-12-08 20:57:36"}
{"level":"info","message":{"body":"","method":"GET","params":{},"query":{},"url":"/api/product/getAllByRestaurantId/e2b6bc80-ef0b-4d50-9974-ef8ada8a4a51"},"timestamp":"2023-12-08 20:57:36"}
{"level":"info","message":{"data":{},"model":"product/getAllByRestaurantId"},"timestamp":"2023-12-08 20:57:36"}
{"level":"info","message":{"body":"","method":"GET","params":{},"query":{},"url":"/api/comercio/getById/ae584ccd-b691-4619-aabf-7b15539743ee"},"timestamp":"2023-12-08 21:04:58"}
{"level":"info","message":{"body":"","method":"GET","params":{},"query":{},"url":"/api/comercio/getById/ae584ccd-b691-4619-aabf-7b15539743ee"},"timestamp":"2023-12-08 21:04:58"}
{"level":"info","message":{"body":"","method":"GET","params":{},"query":{},"url":"/api/product/getAllByRestaurantId/e2b6bc80-ef0b-4d50-9974-ef8ada8a4a51"},"timestamp":"2023-12-08 21:04:58"}
{"level":"info","message":{"data":{},"model":"product/getAllByRestaurantId"},"timestamp":"2023-12-08 21:04:58"}
{"level":"info","message":{"body":"","method":"GET","params":{},"query":{},"url":"/api/product/getAllByRestaurantId/e2b6bc80-ef0b-4d50-9974-ef8ada8a4a51"},"timestamp":"2023-12-08 21:04:59"}
{"level":"info","message":{"data":{},"model":"product/getAllByRestaurantId"},"timestamp":"2023-12-08 21:04:59"}
{"level":"info","message":{"body":"","method":"GET","params":{},"query":{},"url":"/api/comercio/getById/ae584ccd-b691-4619-aabf-7b15539743ee"},"timestamp":"2023-12-08 21:07:20"}
{"level":"info","message":{"body":"","method":"GET","params":{},"query":{},"url":"/api/comercio/getById/ae584ccd-b691-4619-aabf-7b15539743ee"},"timestamp":"2023-12-08 21:07:20"}
{"level":"info","message":{"body":"","method":"GET","params":{},"query":{},"url":"/api/product/getAllByRestaurantId/e2b6bc80-ef0b-4d50-9974-ef8ada8a4a51"},"timestamp":"2023-12-08 21:07:20"}
{"level":"info","message":{"data":{},"model":"product/getAllByRestaurantId"},"timestamp":"2023-12-08 21:07:20"}
{"level":"info","message":{"body":"","method":"GET","params":{},"query":{},"url":"/api/product/getAllByRestaurantId/e2b6bc80-ef0b-4d50-9974-ef8ada8a4a51"},"timestamp":"2023-12-08 21:07:20"}
{"level":"info","message":{"data":{},"model":"product/getAllByRestaurantId"},"timestamp":"2023-12-08 21:07:20"}
{"level":"info","message":{"body":"","method":"GET","params":{},"query":{},"url":"/api/comercio/getById/ae584ccd-b691-4619-aabf-7b15539743ee"},"timestamp":"2023-12-08 21:10:00"}
{"level":"info","message":{"body":"","method":"GET","params":{},"query":{},"url":"/api/comercio/getById/ae584ccd-b691-4619-aabf-7b15539743ee"},"timestamp":"2023-12-08 21:10:00"}
{"level":"info","message":{"body":"","method":"GET","params":{},"query":{},"url":"/api/product/getAllByRestaurantId/e2b6bc80-ef0b-4d50-9974-ef8ada8a4a51"},"timestamp":"2023-12-08 21:10:00"}
{"level":"info","message":{"data":{},"model":"product/getAllByRestaurantId"},"timestamp":"2023-12-08 21:10:00"}
{"level":"info","message":{"body":"","method":"GET","params":{},"query":{},"url":"/api/product/getAllByRestaurantId/e2b6bc80-ef0b-4d50-9974-ef8ada8a4a51"},"timestamp":"2023-12-08 21:10:00"}
{"level":"info","message":{"data":{},"model":"product/getAllByRestaurantId"},"timestamp":"2023-12-08 21:10:00"}
{"level":"info","message":{"body":{},"method":"POST","params":"","query":"","url":"/api/file/add"},"timestamp":"2023-12-08 21:15:06"}
{"level":"info","message":{"data":{},"model":"file/add"},"timestamp":"2023-12-08 21:15:07"}
{"level":"info","message":{"body":{"description":"Description12","favorite":0,"img":"http://res.cloudinary.com/dzfg8xnxn/image/upload/v1702080908/fxxlw7ceubl9omlkm6i5.jpg","ingredients":[{"id":"","name":"Alexander"},{"id":"","name":"Alexjjjjj"},{"id":"","name":"ttguhhjuju"}],"name":"Abad","price":25555,"restaurant_id":"e2b6bc80-ef0b-4d50-9974-ef8ada8a4a51"},"method":"POST","params":"","query":"","url":"/api/product/create"},"timestamp":"2023-12-08 21:15:25"}
{"level":"info","message":{"data":{"description":"Description12","favorite":0,"img":"http://res.cloudinary.com/dzfg8xnxn/image/upload/v1702080908/fxxlw7ceubl9omlkm6i5.jpg","ingredients":[{"id":"","name":"Alexander"},{"id":"","name":"Alexjjjjj"},{"id":"","name":"ttguhhjuju"}],"name":"Abad","price":25555,"restaurant_id":"e2b6bc80-ef0b-4d50-9974-ef8ada8a4a51"},"model":"product/create"},"timestamp":"2023-12-08 21:15:26"}
{"level":"info","message":{"body":"","method":"GET","params":{},"query":{},"url":"/api/product/getAllByRestaurantId/e2b6bc80-ef0b-4d50-9974-ef8ada8a4a51"},"timestamp":"2023-12-08 21:17:31"}
{"level":"info","message":{"data":{},"model":"product/getAllByRestaurantId"},"timestamp":"2023-12-08 21:17:31"}
{"level":"info","message":{"body":"","method":"GET","params":{},"query":{},"url":"/api/product/getAllByRestaurantId/e2b6bc80-ef0b-4d50-9974-ef8ada8a4a51"},"timestamp":"2023-12-08 21:17:31"}
{"level":"info","message":{"data":{},"model":"product/getAllByRestaurantId"},"timestamp":"2023-12-08 21:17:31"}
{"level":"info","message":{"body":"","method":"GET","params":{},"query":{},"url":"/api/comercio/getById/ae584ccd-b691-4619-aabf-7b15539743ee"},"timestamp":"2023-12-08 21:17:35"}
{"level":"info","message":{"body":"","method":"GET","params":{},"query":{},"url":"/api/comercio/getById/ae584ccd-b691-4619-aabf-7b15539743ee"},"timestamp":"2023-12-08 21:17:35"}
{"level":"info","message":{"body":"","method":"GET","params":{},"query":{},"url":"/api/product/getAllByRestaurantId/e2b6bc80-ef0b-4d50-9974-ef8ada8a4a51"},"timestamp":"2023-12-08 21:17:35"}
{"level":"info","message":{"data":{},"model":"product/getAllByRestaurantId"},"timestamp":"2023-12-08 21:17:35"}
{"level":"info","message":{"body":"","method":"GET","params":{},"query":{},"url":"/api/product/getAllByRestaurantId/e2b6bc80-ef0b-4d50-9974-ef8ada8a4a51"},"timestamp":"2023-12-08 21:17:35"}
{"level":"info","message":{"data":{},"model":"product/getAllByRestaurantId"},"timestamp":"2023-12-08 21:17:35"}
{"level":"info","message":{"body":{},"method":"POST","params":"","query":"","url":"/api/file/add"},"timestamp":"2023-12-08 21:18:16"}
{"level":"info","message":{"data":{},"model":"file/add"},"timestamp":"2023-12-08 21:18:18"}
{"level":"info","message":{"body":{"description":"camelllo","favorite":0,"img":"http://res.cloudinary.com/dzfg8xnxn/image/upload/v1702081099/ezqnieo6lvccrhzbybiq.jpg","ingredients":[{"id":"","name":"Matias"},{"id":"","name":"Matias"},{"id":"","name":"Abad"}],"name":"proucto 15","price":2544,"restaurant_id":"e2b6bc80-ef0b-4d50-9974-ef8ada8a4a51"},"method":"POST","params":"","query":"","url":"/api/product/create"},"timestamp":"2023-12-08 21:18:32"}
{"level":"info","message":{"data":{"description":"camelllo","favorite":0,"img":"http://res.cloudinary.com/dzfg8xnxn/image/upload/v1702081099/ezqnieo6lvccrhzbybiq.jpg","ingredients":[{"id":"","name":"Matias"},{"id":"","name":"Matias"},{"id":"","name":"Abad"}],"name":"proucto 15","price":2544,"restaurant_id":"e2b6bc80-ef0b-4d50-9974-ef8ada8a4a51"},"model":"product/create"},"timestamp":"2023-12-08 21:18:32"}
{"level":"info","message":{"body":"","method":"GET","params":{},"query":{},"url":"/api/comercio/getByPersonId/41c3c221-4738-4206-8fa8-053a73fe043d"},"timestamp":"2023-12-08 21:18:43"}
{"level":"info","message":{"body":"","method":"GET","params":{},"query":{},"url":"/api/comercio/getByPersonId/41c3c221-4738-4206-8fa8-053a73fe043d"},"timestamp":"2023-12-08 21:18:43"}
{"level":"info","message":{"body":"","method":"GET","params":{},"query":{},"url":"/api/comercio/getByPersonId/41c3c221-4738-4206-8fa8-053a73fe043d"},"timestamp":"2023-12-08 21:19:00"}
{"level":"info","message":{"body":"","method":"GET","params":{},"query":{},"url":"/api/comercio/getById/c503866d-2c5a-4fe2-be97-1a0084bccc5c"},"timestamp":"2023-12-08 21:19:17"}
{"level":"info","message":{"body":"","method":"GET","params":{},"query":{},"url":"/api/comercio/getById/c503866d-2c5a-4fe2-be97-1a0084bccc5c"},"timestamp":"2023-12-08 21:19:18"}
{"level":"info","message":{"body":"","method":"GET","params":{},"query":{},"url":"/api/comercio/getById/c503866d-2c5a-4fe2-be97-1a0084bccc5c"},"timestamp":"2023-12-08 21:21:16"}
{"level":"info","message":{"body":"","method":"GET","params":{},"query":{},"url":"/api/comercio/getById/c503866d-2c5a-4fe2-be97-1a0084bccc5c"},"timestamp":"2023-12-08 21:21:16"}
{"level":"info","message":{"body":"","method":"GET","params":{},"query":{},"url":"/api/comercio/getById/c503866d-2c5a-4fe2-be97-1a0084bccc5c"},"timestamp":"2023-12-08 21:22:38"}
{"level":"info","message":{"body":"","method":"GET","params":{},"query":{},"url":"/api/comercio/getById/c503866d-2c5a-4fe2-be97-1a0084bccc5c"},"timestamp":"2023-12-08 21:22:38"}
