{"level":"info","message":"API listening port 3005","timestamp":"2023-12-24 14:25:46"}
{"level":"info","message":"Connected to Database","timestamp":"2023-12-24 14:25:46"}
{"level":"info","message":{"body":{"email":"taoQuispe@gmial.com","password":"957902342"},"method":"POST","params":"","query":"","url":"/api/user/validate"},"timestamp":"2023-12-24 14:26:18"}
{"level":"info","message":{"body":"","method":"GET","params":{},"query":{},"url":"/api/comercio/getByPersonId/41c3c221-4738-4206-8fa8-053a73fe043d"},"timestamp":"2023-12-24 14:26:20"}
{"level":"info","message":{"body":"","method":"GET","params":{},"query":{},"url":"/api/comercio/getByPersonId/41c3c221-4738-4206-8fa8-053a73fe043d"},"timestamp":"2023-12-24 14:26:20"}
{"level":"info","message":{"body":"","method":"GET","params":{},"query":{},"url":"/api/comercio/getByPersonId/41c3c221-4738-4206-8fa8-053a73fe043d"},"timestamp":"2023-12-24 14:26:33"}
{"level":"info","message":{"body":"","method":"GET","params":{},"query":{},"url":"/api/comercio/getByPersonId/41c3c221-4738-4206-8fa8-053a73fe043d"},"timestamp":"2023-12-24 14:26:33"}
{"level":"info","message":{"body":{"email":"taoQuispe@gmial.com","password":"957902342"},"method":"POST","params":"","query":"","url":"/api/user/validate"},"timestamp":"2023-12-24 14:27:11"}
{"level":"info","message":{"body":"","method":"GET","params":{},"query":{},"url":"/api/comercio/getByPersonId/41c3c221-4738-4206-8fa8-053a73fe043d"},"timestamp":"2023-12-24 14:27:11"}
{"level":"info","message":{"body":"","method":"GET","params":{},"query":{},"url":"/api/comercio/getByPersonId/41c3c221-4738-4206-8fa8-053a73fe043d"},"timestamp":"2023-12-24 14:27:11"}
{"level":"info","message":{"body":"","method":"GET","params":{},"query":{},"url":"/api/comercio/getByPersonId/41c3c221-4738-4206-8fa8-053a73fe043d"},"timestamp":"2023-12-24 14:35:16"}
{"level":"info","message":{"body":"","method":"GET","params":{},"query":{},"url":"/api/comercio/getByPersonId/41c3c221-4738-4206-8fa8-053a73fe043d"},"timestamp":"2023-12-24 14:35:17"}
{"level":"info","message":{"body":"","method":"GET","params":{},"query":{},"url":"/api/comercio/getByPersonId/41c3c221-4738-4206-8fa8-053a73fe043d"},"timestamp":"2023-12-24 14:48:48"}
{"level":"info","message":{"body":"","method":"GET","params":{},"query":{},"url":"/api/comercio/getByPersonId/41c3c221-4738-4206-8fa8-053a73fe043d"},"timestamp":"2023-12-24 14:48:48"}
{"level":"info","message":{"body":"","method":"GET","params":{},"query":{},"url":"/api/product/getAllByRestaurantId/e2b6bc80-ef0b-4d50-9974-ef8ada8a4a51"},"timestamp":"2023-12-24 14:49:02"}
{"level":"info","message":{"data":{},"model":"product/getAllByRestaurantId"},"timestamp":"2023-12-24 14:49:02"}
{"level":"info","message":{"body":"","method":"GET","params":{},"query":{},"url":"/api/product/getAllByRestaurantId/e2b6bc80-ef0b-4d50-9974-ef8ada8a4a51"},"timestamp":"2023-12-24 14:49:02"}
{"level":"info","message":{"data":{},"model":"product/getAllByRestaurantId"},"timestamp":"2023-12-24 14:49:02"}
{"level":"info","message":{"body":"","method":"GET","params":{},"query":{},"url":"/api/comercio/getById/ae584ccd-b691-4619-aabf-7b15539743ee"},"timestamp":"2023-12-24 14:53:48"}
{"level":"info","message":{"body":"","method":"GET","params":{},"query":{},"url":"/api/comercio/getById/ae584ccd-b691-4619-aabf-7b15539743ee"},"timestamp":"2023-12-24 14:53:48"}
{"level":"info","message":{"body":"","method":"GET","params":{},"query":{},"url":"/api/product/getAllByRestaurantId/e2b6bc80-ef0b-4d50-9974-ef8ada8a4a51"},"timestamp":"2023-12-24 14:53:48"}
{"level":"info","message":{"data":{},"model":"product/getAllByRestaurantId"},"timestamp":"2023-12-24 14:53:48"}
{"level":"info","message":{"body":"","method":"GET","params":{},"query":{},"url":"/api/product/getAllByRestaurantId/e2b6bc80-ef0b-4d50-9974-ef8ada8a4a51"},"timestamp":"2023-12-24 14:53:48"}
{"level":"info","message":{"data":{},"model":"product/getAllByRestaurantId"},"timestamp":"2023-12-24 14:53:48"}
{"level":"info","message":{"body":"","method":"GET","params":{},"query":{},"url":"/api/comercio/getById/ae584ccd-b691-4619-aabf-7b15539743ee"},"timestamp":"2023-12-24 14:57:05"}
{"level":"info","message":{"body":"","method":"GET","params":{},"query":{},"url":"/api/comercio/getById/ae584ccd-b691-4619-aabf-7b15539743ee"},"timestamp":"2023-12-24 14:57:05"}
{"level":"info","message":{"body":"","method":"GET","params":{},"query":{},"url":"/api/product/getAllByRestaurantId/e2b6bc80-ef0b-4d50-9974-ef8ada8a4a51"},"timestamp":"2023-12-24 14:57:05"}
{"level":"info","message":{"data":{},"model":"product/getAllByRestaurantId"},"timestamp":"2023-12-24 14:57:05"}
{"level":"info","message":{"body":"","method":"GET","params":{},"query":{},"url":"/api/product/getAllByRestaurantId/e2b6bc80-ef0b-4d50-9974-ef8ada8a4a51"},"timestamp":"2023-12-24 14:57:06"}
{"level":"info","message":{"data":{},"model":"product/getAllByRestaurantId"},"timestamp":"2023-12-24 14:57:06"}
{"level":"info","message":{"body":"","method":"GET","params":{},"query":{},"url":"/api/comercio/getById/ae584ccd-b691-4619-aabf-7b15539743ee"},"timestamp":"2023-12-24 15:05:15"}
{"level":"info","message":{"body":"","method":"GET","params":{},"query":{},"url":"/api/comercio/getById/ae584ccd-b691-4619-aabf-7b15539743ee"},"timestamp":"2023-12-24 15:05:15"}
{"level":"info","message":{"body":"","method":"GET","params":{},"query":{},"url":"/api/product/getAllByRestaurantId/e2b6bc80-ef0b-4d50-9974-ef8ada8a4a51"},"timestamp":"2023-12-24 15:05:15"}
{"level":"info","message":{"data":{},"model":"product/getAllByRestaurantId"},"timestamp":"2023-12-24 15:05:15"}
{"level":"info","message":{"body":"","method":"GET","params":{},"query":{},"url":"/api/product/getAllByRestaurantId/e2b6bc80-ef0b-4d50-9974-ef8ada8a4a51"},"timestamp":"2023-12-24 15:05:15"}
{"level":"info","message":{"data":{},"model":"product/getAllByRestaurantId"},"timestamp":"2023-12-24 15:05:15"}
{"level":"info","message":{"body":"","method":"GET","params":{},"query":{},"url":"/api/comercio/getById/ae584ccd-b691-4619-aabf-7b15539743ee"},"timestamp":"2023-12-24 15:08:02"}
{"level":"info","message":{"body":"","method":"GET","params":{},"query":{},"url":"/api/comercio/getById/ae584ccd-b691-4619-aabf-7b15539743ee"},"timestamp":"2023-12-24 15:08:02"}
{"level":"info","message":{"body":"","method":"GET","params":{},"query":{},"url":"/api/product/getAllByRestaurantId/e2b6bc80-ef0b-4d50-9974-ef8ada8a4a51"},"timestamp":"2023-12-24 15:08:02"}
{"level":"info","message":{"data":{},"model":"product/getAllByRestaurantId"},"timestamp":"2023-12-24 15:08:02"}
{"level":"info","message":{"body":"","method":"GET","params":{},"query":{},"url":"/api/product/getAllByRestaurantId/e2b6bc80-ef0b-4d50-9974-ef8ada8a4a51"},"timestamp":"2023-12-24 15:08:03"}
{"level":"info","message":{"data":{},"model":"product/getAllByRestaurantId"},"timestamp":"2023-12-24 15:08:03"}
{"level":"info","message":{"body":"","method":"GET","params":{},"query":{},"url":"/api/comercio/getById/ae584ccd-b691-4619-aabf-7b15539743ee"},"timestamp":"2023-12-24 15:09:07"}
{"level":"info","message":{"body":"","method":"GET","params":{},"query":{},"url":"/api/comercio/getById/ae584ccd-b691-4619-aabf-7b15539743ee"},"timestamp":"2023-12-24 15:09:07"}
{"level":"info","message":{"body":"","method":"GET","params":{},"query":{},"url":"/api/product/getAllByRestaurantId/e2b6bc80-ef0b-4d50-9974-ef8ada8a4a51"},"timestamp":"2023-12-24 15:09:07"}
{"level":"info","message":{"data":{},"model":"product/getAllByRestaurantId"},"timestamp":"2023-12-24 15:09:07"}
{"level":"info","message":{"body":"","method":"GET","params":{},"query":{},"url":"/api/product/getAllByRestaurantId/e2b6bc80-ef0b-4d50-9974-ef8ada8a4a51"},"timestamp":"2023-12-24 15:09:07"}
{"level":"info","message":{"data":{},"model":"product/getAllByRestaurantId"},"timestamp":"2023-12-24 15:09:07"}
{"level":"info","message":{"body":"","method":"GET","params":{},"query":{},"url":"/api/comercio/getById/ae584ccd-b691-4619-aabf-7b15539743ee"},"timestamp":"2023-12-24 15:10:36"}
{"level":"info","message":{"body":"","method":"GET","params":{},"query":{},"url":"/api/comercio/getById/ae584ccd-b691-4619-aabf-7b15539743ee"},"timestamp":"2023-12-24 15:10:36"}
{"level":"info","message":{"body":"","method":"GET","params":{},"query":{},"url":"/api/product/getAllByRestaurantId/e2b6bc80-ef0b-4d50-9974-ef8ada8a4a51"},"timestamp":"2023-12-24 15:10:36"}
{"level":"info","message":{"data":{},"model":"product/getAllByRestaurantId"},"timestamp":"2023-12-24 15:10:36"}
{"level":"info","message":{"body":"","method":"GET","params":{},"query":{},"url":"/api/product/getAllByRestaurantId/e2b6bc80-ef0b-4d50-9974-ef8ada8a4a51"},"timestamp":"2023-12-24 15:10:36"}
{"level":"info","message":{"data":{},"model":"product/getAllByRestaurantId"},"timestamp":"2023-12-24 15:10:36"}
{"level":"info","message":{"body":"","method":"GET","params":{},"query":{},"url":"/api/comercio/getById/ae584ccd-b691-4619-aabf-7b15539743ee"},"timestamp":"2023-12-24 15:13:00"}
{"level":"info","message":{"body":"","method":"GET","params":{},"query":{},"url":"/api/comercio/getById/ae584ccd-b691-4619-aabf-7b15539743ee"},"timestamp":"2023-12-24 15:13:00"}
{"level":"info","message":{"body":"","method":"GET","params":{},"query":{},"url":"/api/product/getAllByRestaurantId/e2b6bc80-ef0b-4d50-9974-ef8ada8a4a51"},"timestamp":"2023-12-24 15:13:01"}
{"level":"info","message":{"data":{},"model":"product/getAllByRestaurantId"},"timestamp":"2023-12-24 15:13:01"}
{"level":"info","message":{"body":"","method":"GET","params":{},"query":{},"url":"/api/product/getAllByRestaurantId/e2b6bc80-ef0b-4d50-9974-ef8ada8a4a51"},"timestamp":"2023-12-24 15:13:01"}
{"level":"info","message":{"data":{},"model":"product/getAllByRestaurantId"},"timestamp":"2023-12-24 15:13:01"}
