{"level":"info","message":"API listening port 3005","timestamp":"2023-11-30 20:57:12"}
{"level":"info","message":"Connected to Database","timestamp":"2023-11-30 20:57:12"}
{"level":"info","message":{"body":{"email":"taoQuispe@gmial.com","password":"957902342"},"method":"POST","params":"","query":"","url":"/api/user/validate"},"timestamp":"2023-11-30 20:57:58"}
{"level":"info","message":{"body":"","method":"GET","params":{},"query":{},"url":"/api/comercio/getByPersonId/41c3c221-4738-4206-8fa8-053a73fe043d"},"timestamp":"2023-11-30 20:58:00"}
{"level":"info","message":{"body":"","method":"GET","params":{},"query":{},"url":"/api/comercio/getByPersonId/41c3c221-4738-4206-8fa8-053a73fe043d"},"timestamp":"2023-11-30 20:58:00"}
{"level":"info","message":{"body":"","method":"GET","params":{},"query":{},"url":"/api/category/getByComercioId/ae584ccd-b691-4619-aabf-7b15539743ee"},"timestamp":"2023-11-30 20:58:06"}
{"level":"info","message":{"body":"","method":"GET","params":{},"query":{},"url":"/api/category/getByComercioId/ae584ccd-b691-4619-aabf-7b15539743ee"},"timestamp":"2023-11-30 20:58:06"}
{"level":"info","message":{"body":{"category_id":"5f0197be-2a05-476b-8d5a-d759b025442e","comercio_id":"ae584ccd-b691-4619-aabf-7b15539743ee"},"method":"POST","params":"","query":"","url":"/api/category/updateImg"},"timestamp":"2023-11-30 20:59:13"}
{"level":"info","message":{"data":{"category_id":"5f0197be-2a05-476b-8d5a-d759b025442e","comercio_id":"ae584ccd-b691-4619-aabf-7b15539743ee"},"model":"file/add"},"timestamp":"2023-11-30 20:59:15"}
{"level":"info","message":{"data":{"category_id":"5f0197be-2a05-476b-8d5a-d759b025442e","comercio_id":"ae584ccd-b691-4619-aabf-7b15539743ee"},"model":"category/updateImg"},"timestamp":"2023-11-30 20:59:15"}
{"level":"info","message":{"data":{"category_id":"5f0197be-2a05-476b-8d5a-d759b025442e","comercio_id":"ae584ccd-b691-4619-aabf-7b15539743ee"},"model":"category/getbyidcomercio"},"timestamp":"2023-11-30 20:59:15"}
{"level":"info","message":{"body":{"email":"taoQuispe@gmial.com","password":"957902342"},"method":"POST","params":"","query":"","url":"/api/user/validate"},"timestamp":"2023-11-30 21:04:07"}
{"level":"info","message":{"body":"","method":"GET","params":{},"query":{},"url":"/api/comercio/getByPersonId/41c3c221-4738-4206-8fa8-053a73fe043d"},"timestamp":"2023-11-30 21:04:07"}
{"level":"info","message":{"body":"","method":"GET","params":{},"query":{},"url":"/api/comercio/getByPersonId/41c3c221-4738-4206-8fa8-053a73fe043d"},"timestamp":"2023-11-30 21:04:07"}
{"level":"info","message":{"body":"","method":"GET","params":{},"query":{},"url":"/api/category/getByComercioId/ae584ccd-b691-4619-aabf-7b15539743ee"},"timestamp":"2023-11-30 21:04:18"}
{"level":"info","message":{"body":"","method":"GET","params":{},"query":{},"url":"/api/category/getByComercioId/ae584ccd-b691-4619-aabf-7b15539743ee"},"timestamp":"2023-11-30 21:04:18"}
{"level":"info","message":{"body":"","method":"GET","params":{},"query":{},"url":"/api/comercio/getByPersonId/41c3c221-4738-4206-8fa8-053a73fe043d"},"timestamp":"2023-11-30 21:42:41"}
{"level":"info","message":{"body":"","method":"GET","params":{},"query":{},"url":"/api/comercio/getByPersonId/41c3c221-4738-4206-8fa8-053a73fe043d"},"timestamp":"2023-11-30 21:46:32"}
{"level":"info","message":{"body":"","method":"GET","params":{},"query":{},"url":"/api/comercio/getByPersonId/41c3c221-4738-4206-8fa8-053a73fe043d"},"timestamp":"2023-11-30 21:46:32"}
{"level":"info","message":{"body":"","method":"GET","params":{},"query":{},"url":"/api/comercio/getByPersonId/41c3c221-4738-4206-8fa8-053a73fe043d"},"timestamp":"2023-11-30 21:47:23"}
{"level":"info","message":{"body":"","method":"GET","params":{},"query":{},"url":"/api/comercio/getByPersonId/41c3c221-4738-4206-8fa8-053a73fe043d"},"timestamp":"2023-11-30 21:47:24"}
{"level":"info","message":{"body":"","method":"GET","params":{},"query":{},"url":"/api/comercio/getByPersonId/41c3c221-4738-4206-8fa8-053a73fe043d"},"timestamp":"2023-11-30 21:48:49"}
{"level":"info","message":{"body":"","method":"GET","params":{},"query":{},"url":"/api/comercio/getByPersonId/41c3c221-4738-4206-8fa8-053a73fe043d"},"timestamp":"2023-11-30 21:50:02"}
{"level":"info","message":{"body":"","method":"GET","params":{},"query":{},"url":"/api/comercio/getByPersonId/41c3c221-4738-4206-8fa8-053a73fe043d"},"timestamp":"2023-11-30 21:50:02"}
{"level":"info","message":{"body":"","method":"GET","params":{},"query":{},"url":"/api/comercio/getByPersonId/41c3c221-4738-4206-8fa8-053a73fe043d"},"timestamp":"2023-11-30 21:52:41"}
{"level":"info","message":{"body":"","method":"GET","params":{},"query":{},"url":"/api/comercio/getByPersonId/41c3c221-4738-4206-8fa8-053a73fe043d"},"timestamp":"2023-11-30 22:23:31"}
{"level":"info","message":{"body":"","method":"GET","params":{},"query":{},"url":"/api/comercio/getByPersonId/41c3c221-4738-4206-8fa8-053a73fe043d"},"timestamp":"2023-11-30 22:23:31"}
{"level":"info","message":{"body":"","method":"GET","params":{},"query":{},"url":"/api/comercio/getByPersonId/41c3c221-4738-4206-8fa8-053a73fe043d"},"timestamp":"2023-11-30 22:25:03"}
{"level":"info","message":{"body":"","method":"GET","params":{},"query":{},"url":"/api/comercio/getByPersonId/41c3c221-4738-4206-8fa8-053a73fe043d"},"timestamp":"2023-11-30 22:25:03"}
{"level":"info","message":{"body":"","method":"GET","params":{},"query":{},"url":"/api/comercio/getByPersonId/41c3c221-4738-4206-8fa8-053a73fe043d"},"timestamp":"2023-11-30 22:25:53"}
{"level":"info","message":{"body":"","method":"GET","params":{},"query":{},"url":"/api/comercio/getByPersonId/41c3c221-4738-4206-8fa8-053a73fe043d"},"timestamp":"2023-11-30 22:25:53"}
{"level":"info","message":{"body":"","method":"GET","params":{},"query":{},"url":"/api/comercio/getByPersonId/41c3c221-4738-4206-8fa8-053a73fe043d"},"timestamp":"2023-11-30 22:26:12"}
{"level":"info","message":{"body":"","method":"GET","params":{},"query":{},"url":"/api/comercio/getByPersonId/41c3c221-4738-4206-8fa8-053a73fe043d"},"timestamp":"2023-11-30 22:26:12"}
{"level":"info","message":{"body":"","method":"GET","params":{},"query":{},"url":"/api/comercio/getByPersonId/41c3c221-4738-4206-8fa8-053a73fe043d"},"timestamp":"2023-11-30 22:26:29"}
{"level":"info","message":{"body":"","method":"GET","params":{},"query":{},"url":"/api/comercio/getByPersonId/41c3c221-4738-4206-8fa8-053a73fe043d"},"timestamp":"2023-11-30 22:26:29"}
{"level":"info","message":{"body":"","method":"GET","params":{},"query":{},"url":"/api/comercio/getByPersonId/41c3c221-4738-4206-8fa8-053a73fe043d"},"timestamp":"2023-11-30 22:27:43"}
{"level":"info","message":{"body":"","method":"GET","params":{},"query":{},"url":"/api/comercio/getByPersonId/41c3c221-4738-4206-8fa8-053a73fe043d"},"timestamp":"2023-11-30 22:27:43"}
{"level":"info","message":{"body":"","method":"GET","params":{},"query":{},"url":"/api/comercio/getByPersonId/41c3c221-4738-4206-8fa8-053a73fe043d"},"timestamp":"2023-11-30 22:27:49"}
{"level":"info","message":{"body":"","method":"GET","params":{},"query":{},"url":"/api/comercio/getByPersonId/41c3c221-4738-4206-8fa8-053a73fe043d"},"timestamp":"2023-11-30 22:27:49"}
{"level":"info","message":{"body":"","method":"GET","params":{},"query":{},"url":"/api/comercio/getByPersonId/41c3c221-4738-4206-8fa8-053a73fe043d"},"timestamp":"2023-11-30 22:32:24"}
{"level":"info","message":{"body":"","method":"GET","params":{},"query":{},"url":"/api/comercio/getByPersonId/41c3c221-4738-4206-8fa8-053a73fe043d"},"timestamp":"2023-11-30 22:32:24"}
{"level":"info","message":{"body":"","method":"GET","params":{},"query":{},"url":"/api/comercio/getByPersonId/41c3c221-4738-4206-8fa8-053a73fe043d"},"timestamp":"2023-11-30 22:39:33"}
{"level":"info","message":{"body":"","method":"GET","params":{},"query":{},"url":"/api/comercio/getByPersonId/41c3c221-4738-4206-8fa8-053a73fe043d"},"timestamp":"2023-11-30 22:39:33"}
{"level":"info","message":"API listening port 3005","timestamp":"2023-12-01 12:47:54"}
{"level":"info","message":"Connected to Database","timestamp":"2023-12-01 12:47:54"}
{"level":"info","message":{"body":{"email":"taoQuispe@gmial.com","password":"957902342"},"method":"POST","params":"","query":"","url":"/api/user/validate"},"timestamp":"2023-12-01 13:15:33"}
{"level":"info","message":{"body":"","method":"GET","params":{},"query":{},"url":"/api/comercio/getByPersonId/41c3c221-4738-4206-8fa8-053a73fe043d"},"timestamp":"2023-12-01 13:15:39"}
{"level":"info","message":{"body":"","method":"GET","params":{},"query":{},"url":"/api/comercio/getByPersonId/41c3c221-4738-4206-8fa8-053a73fe043d"},"timestamp":"2023-12-01 13:15:39"}
{"level":"info","message":{"body":"","method":"GET","params":{},"query":{},"url":"/api/comercio/getByPersonId/41c3c221-4738-4206-8fa8-053a73fe043d"},"timestamp":"2023-12-01 13:37:14"}
{"level":"info","message":{"body":"","method":"GET","params":{},"query":{},"url":"/api/comercio/getByPersonId/41c3c221-4738-4206-8fa8-053a73fe043d"},"timestamp":"2023-12-01 13:37:14"}
{"level":"info","message":{"body":"","method":"GET","params":{},"query":{},"url":"/api/comercio/getByPersonId/41c3c221-4738-4206-8fa8-053a73fe043d"},"timestamp":"2023-12-01 13:39:01"}
{"level":"info","message":{"body":"","method":"GET","params":{},"query":{},"url":"/api/comercio/getByPersonId/41c3c221-4738-4206-8fa8-053a73fe043d"},"timestamp":"2023-12-01 13:39:01"}
{"level":"info","message":{"body":"","method":"GET","params":{},"query":{},"url":"/api/comercio/getByPersonId/41c3c221-4738-4206-8fa8-053a73fe043d"},"timestamp":"2023-12-01 13:49:19"}
{"level":"info","message":{"body":"","method":"GET","params":{},"query":{},"url":"/api/comercio/getByPersonId/41c3c221-4738-4206-8fa8-053a73fe043d"},"timestamp":"2023-12-01 13:49:19"}
{"level":"info","message":{"body":{"category_id":"ac386470-551e-4ca2-b474-aa5776f863d5","comercio_id":"ae584ccd-b691-4619-aabf-7b15539743ee"},"method":"POST","params":"","query":"","url":"/api/category/updateImg"},"timestamp":"2023-12-01 14:13:15"}
{"level":"info","message":{"data":{"category_id":"ac386470-551e-4ca2-b474-aa5776f863d5","comercio_id":"ae584ccd-b691-4619-aabf-7b15539743ee"},"model":"file/add"},"timestamp":"2023-12-01 14:13:17"}
{"level":"info","message":{"data":{"category_id":"ac386470-551e-4ca2-b474-aa5776f863d5","comercio_id":"ae584ccd-b691-4619-aabf-7b15539743ee"},"model":"category/updateImg"},"timestamp":"2023-12-01 14:13:17"}
{"level":"info","message":{"data":{"category_id":"ac386470-551e-4ca2-b474-aa5776f863d5","comercio_id":"ae584ccd-b691-4619-aabf-7b15539743ee"},"model":"category/getbyidcomercio"},"timestamp":"2023-12-01 14:13:17"}
{"level":"info","message":{"body":"","method":"GET","params":{},"query":{},"url":"/api/comercio/getByPersonId/41c3c221-4738-4206-8fa8-053a73fe043d"},"timestamp":"2023-12-01 14:15:06"}
{"level":"info","message":{"body":"","method":"GET","params":{},"query":{},"url":"/api/comercio/getByPersonId/41c3c221-4738-4206-8fa8-053a73fe043d"},"timestamp":"2023-12-01 14:15:07"}
