{"level":"info","message":"API listening port 3005","timestamp":"2023-12-16 22:32:37"}
{"level":"info","message":"Connected to Database","timestamp":"2023-12-16 22:32:38"}
{"level":"info","message":{"body":{"email":"taoQuispe@gmial.com","password":"957902342"},"method":"POST","params":"","query":"","url":"/api/user/validate"},"timestamp":"2023-12-16 22:41:38"}
{"level":"info","message":{"body":"","method":"GET","params":{},"query":{},"url":"/api/comercio/getByPersonId/41c3c221-4738-4206-8fa8-053a73fe043d"},"timestamp":"2023-12-16 22:41:39"}
{"level":"info","message":{"body":"","method":"GET","params":{},"query":{},"url":"/api/comercio/getByPersonId/41c3c221-4738-4206-8fa8-053a73fe043d"},"timestamp":"2023-12-16 22:41:39"}
{"level":"info","message":{"body":"","method":"GET","params":{},"query":{},"url":"/api/product/getAllByRestaurantId/e2b6bc80-ef0b-4d50-9974-ef8ada8a4a51"},"timestamp":"2023-12-16 22:41:49"}
{"level":"info","message":{"data":{},"model":"product/getAllByRestaurantId"},"timestamp":"2023-12-16 22:41:49"}
{"level":"info","message":{"body":"","method":"GET","params":{},"query":{},"url":"/api/product/getAllByRestaurantId/e2b6bc80-ef0b-4d50-9974-ef8ada8a4a51"},"timestamp":"2023-12-16 22:41:49"}
{"level":"info","message":{"data":{},"model":"product/getAllByRestaurantId"},"timestamp":"2023-12-16 22:41:49"}
{"level":"info","message":"API listening port 3005","timestamp":"2023-12-17 02:12:12"}
{"level":"info","message":"Connected to Database","timestamp":"2023-12-17 02:12:13"}
{"level":"info","message":{"body":{"email":"taoQuispe@gmial.com","password":"957902342"},"method":"POST","params":"","query":"","url":"/api/user/validate"},"timestamp":"2023-12-17 02:12:29"}
{"level":"info","message":{"body":"","method":"GET","params":{},"query":{},"url":"/api/comercio/getByPersonId/41c3c221-4738-4206-8fa8-053a73fe043d"},"timestamp":"2023-12-17 02:12:31"}
{"level":"info","message":{"body":"","method":"GET","params":{},"query":{},"url":"/api/comercio/getByPersonId/41c3c221-4738-4206-8fa8-053a73fe043d"},"timestamp":"2023-12-17 02:12:31"}
{"level":"info","message":{"body":"","method":"GET","params":{},"query":{},"url":"/api/product/getAllByRestaurantId/b9c59574-4b51-46a8-b0b9-720a7f03d21b"},"timestamp":"2023-12-17 02:12:45"}
{"level":"info","message":{"data":{},"model":"product/getAllByRestaurantId"},"timestamp":"2023-12-17 02:12:45"}
{"level":"info","message":{"body":"","method":"GET","params":{},"query":{},"url":"/api/product/getAllByRestaurantId/b9c59574-4b51-46a8-b0b9-720a7f03d21b"},"timestamp":"2023-12-17 02:12:45"}
{"level":"info","message":{"data":{},"model":"product/getAllByRestaurantId"},"timestamp":"2023-12-17 02:12:45"}
{"level":"info","message":{"body":"","method":"GET","params":{},"query":{},"url":"/api/comercio/getByPersonId/41c3c221-4738-4206-8fa8-053a73fe043d"},"timestamp":"2023-12-17 02:13:30"}
{"level":"info","message":{"body":"","method":"GET","params":{},"query":{},"url":"/api/comercio/getByPersonId/41c3c221-4738-4206-8fa8-053a73fe043d"},"timestamp":"2023-12-17 02:13:30"}
{"level":"info","message":{"body":"","method":"GET","params":{},"query":{},"url":"/api/product/getAllByRestaurantId/e2b6bc80-ef0b-4d50-9974-ef8ada8a4a51"},"timestamp":"2023-12-17 02:13:34"}
{"level":"info","message":{"data":{},"model":"product/getAllByRestaurantId"},"timestamp":"2023-12-17 02:13:34"}
{"level":"info","message":{"body":"","method":"GET","params":{},"query":{},"url":"/api/product/getAllByRestaurantId/e2b6bc80-ef0b-4d50-9974-ef8ada8a4a51"},"timestamp":"2023-12-17 02:13:34"}
{"level":"info","message":{"data":{},"model":"product/getAllByRestaurantId"},"timestamp":"2023-12-17 02:13:34"}
{"level":"info","message":{"body":{},"method":"POST","params":"","query":"","url":"/api/file/add"},"timestamp":"2023-12-17 02:15:48"}
{"level":"info","message":{"data":{},"model":"file/add"},"timestamp":"2023-12-17 02:15:50"}
{"level":"info","message":{"body":{"classe":"original","comercio_id":"ae584ccd-b691-4619-aabf-7b15539743ee","description":"DescriptionDe nueva Categorya","img":"http://res.cloudinary.com/dzfg8xnxn/image/upload/v1702790149/si8zsctloeaoh55hhoow.png","name":"NuevaCategory","order":2},"method":"POST","params":"","query":"","url":"/api/category/create"},"timestamp":"2023-12-17 02:15:51"}
{"level":"info","message":{"data":{"classe":"original","comercio_id":"ae584ccd-b691-4619-aabf-7b15539743ee","description":"DescriptionDe nueva Categorya","img":"http://res.cloudinary.com/dzfg8xnxn/image/upload/v1702790149/si8zsctloeaoh55hhoow.png","name":"NuevaCategory","order":2},"model":"category/create"},"timestamp":"2023-12-17 02:15:52"}
{"level":"info","message":{"body":"","method":"GET","params":{},"query":{},"url":"/api/comercio/getById/ae584ccd-b691-4619-aabf-7b15539743ee"},"timestamp":"2023-12-17 02:15:56"}
{"level":"info","message":{"body":"","method":"GET","params":{},"query":{},"url":"/api/comercio/getById/ae584ccd-b691-4619-aabf-7b15539743ee"},"timestamp":"2023-12-17 02:15:57"}
{"level":"info","message":{"body":"","method":"GET","params":{},"query":{},"url":"/api/product/getAllByRestaurantId/e2b6bc80-ef0b-4d50-9974-ef8ada8a4a51"},"timestamp":"2023-12-17 02:15:57"}
{"level":"info","message":{"data":{},"model":"product/getAllByRestaurantId"},"timestamp":"2023-12-17 02:15:57"}
{"level":"info","message":{"body":"","method":"GET","params":{},"query":{},"url":"/api/product/getAllByRestaurantId/e2b6bc80-ef0b-4d50-9974-ef8ada8a4a51"},"timestamp":"2023-12-17 02:15:57"}
{"level":"info","message":{"data":{},"model":"product/getAllByRestaurantId"},"timestamp":"2023-12-17 02:15:57"}
{"level":"info","message":{"body":"","method":"GET","params":{},"query":{},"url":"/api/product/getAllByRestaurantId/e2b6bc80-ef0b-4d50-9974-ef8ada8a4a51"},"timestamp":"2023-12-17 02:17:13"}
{"level":"info","message":{"data":{},"model":"product/getAllByRestaurantId"},"timestamp":"2023-12-17 02:17:13"}
{"level":"info","message":{"body":"","method":"GET","params":{},"query":{},"url":"/api/product/getAllByRestaurantId/e2b6bc80-ef0b-4d50-9974-ef8ada8a4a51"},"timestamp":"2023-12-17 02:17:13"}
{"level":"info","message":{"data":{},"model":"product/getAllByRestaurantId"},"timestamp":"2023-12-17 02:17:13"}
{"level":"info","message":{"body":{},"method":"POST","params":"","query":"","url":"/api/file/add"},"timestamp":"2023-12-17 02:19:04"}
{"level":"info","message":{"data":{},"model":"file/add"},"timestamp":"2023-12-17 02:19:05"}
{"level":"info","message":{"body":{},"method":"POST","params":"","query":"","url":"/api/file/add"},"timestamp":"2023-12-17 02:19:12"}
{"level":"info","message":{"data":{},"model":"file/add"},"timestamp":"2023-12-17 02:19:13"}
{"level":"info","message":{"body":{},"method":"POST","params":"","query":"","url":"/api/file/add"},"timestamp":"2023-12-17 02:19:47"}
{"level":"info","message":{"data":{},"model":"file/add"},"timestamp":"2023-12-17 02:19:48"}
{"level":"info","message":{"body":"","method":"GET","params":{},"query":{},"url":"/api/comercio/getById/ae584ccd-b691-4619-aabf-7b15539743ee"},"timestamp":"2023-12-17 02:20:15"}
{"level":"info","message":{"body":"","method":"GET","params":{},"query":{},"url":"/api/comercio/getById/ae584ccd-b691-4619-aabf-7b15539743ee"},"timestamp":"2023-12-17 02:20:15"}
{"level":"info","message":{"body":"","method":"GET","params":{},"query":{},"url":"/api/product/getAllByRestaurantId/e2b6bc80-ef0b-4d50-9974-ef8ada8a4a51"},"timestamp":"2023-12-17 02:20:15"}
{"level":"info","message":{"data":{},"model":"product/getAllByRestaurantId"},"timestamp":"2023-12-17 02:20:15"}
{"level":"info","message":{"body":"","method":"GET","params":{},"query":{},"url":"/api/product/getAllByRestaurantId/e2b6bc80-ef0b-4d50-9974-ef8ada8a4a51"},"timestamp":"2023-12-17 02:20:15"}
{"level":"info","message":{"data":{},"model":"product/getAllByRestaurantId"},"timestamp":"2023-12-17 02:20:15"}
{"level":"info","message":{"body":{},"method":"POST","params":"","query":"","url":"/api/file/add"},"timestamp":"2023-12-17 02:20:35"}
{"level":"info","message":{"data":{},"model":"file/add"},"timestamp":"2023-12-17 02:20:36"}
{"level":"info","message":{"body":{"description":"Zapallo con queso gratinado al horno","favorite":0,"img":"http://res.cloudinary.com/dzfg8xnxn/image/upload/v1702790436/bjqo1ndyijnwifoaym0t.jpg","ingredients":[{"id":"","name":"Zapallo"},{"id":"","name":"Queso"},{"id":"","name":"Carne molida"}],"name":"Zapallo relleno","price":5000,"restaurant_id":"e2b6bc80-ef0b-4d50-9974-ef8ada8a4a51"},"method":"POST","params":"","query":"","url":"/api/product/create"},"timestamp":"2023-12-17 02:21:20"}
{"level":"info","message":{"data":{"description":"Zapallo con queso gratinado al horno","favorite":0,"img":"http://res.cloudinary.com/dzfg8xnxn/image/upload/v1702790436/bjqo1ndyijnwifoaym0t.jpg","ingredients":[{"id":"","name":"Zapallo"},{"id":"","name":"Queso"},{"id":"","name":"Carne molida"}],"name":"Zapallo relleno","price":5000,"restaurant_id":"e2b6bc80-ef0b-4d50-9974-ef8ada8a4a51"},"model":"product/create"},"timestamp":"2023-12-17 02:21:20"}
{"level":"info","message":{"body":"","method":"GET","params":{},"query":{},"url":"/api/comercio/getById/ae584ccd-b691-4619-aabf-7b15539743ee"},"timestamp":"2023-12-17 02:26:00"}
{"level":"info","message":{"body":"","method":"GET","params":{},"query":{},"url":"/api/comercio/getById/ae584ccd-b691-4619-aabf-7b15539743ee"},"timestamp":"2023-12-17 02:26:00"}
{"level":"info","message":{"body":"","method":"GET","params":{},"query":{},"url":"/api/product/getAllByRestaurantId/e2b6bc80-ef0b-4d50-9974-ef8ada8a4a51"},"timestamp":"2023-12-17 02:26:00"}
{"level":"info","message":{"data":{},"model":"product/getAllByRestaurantId"},"timestamp":"2023-12-17 02:26:00"}
{"level":"info","message":{"body":"","method":"GET","params":{},"query":{},"url":"/api/product/getAllByRestaurantId/e2b6bc80-ef0b-4d50-9974-ef8ada8a4a51"},"timestamp":"2023-12-17 02:26:00"}
{"level":"info","message":{"data":{},"model":"product/getAllByRestaurantId"},"timestamp":"2023-12-17 02:26:00"}
{"level":"info","message":"API listening port 3005","timestamp":"2023-12-17 02:29:23"}
{"level":"info","message":"Connected to Database","timestamp":"2023-12-17 02:29:23"}
{"level":"info","message":"API listening port 3005","timestamp":"2023-12-17 02:29:39"}
{"level":"info","message":"Connected to Database","timestamp":"2023-12-17 02:29:39"}
{"level":"info","message":"API listening port 3005","timestamp":"2023-12-17 02:29:44"}
{"level":"info","message":"Connected to Database","timestamp":"2023-12-17 02:29:45"}
{"level":"info","message":"API listening port 3005","timestamp":"2023-12-17 02:30:01"}
{"level":"info","message":"Connected to Database","timestamp":"2023-12-17 02:30:01"}
{"level":"info","message":"API listening port 3005","timestamp":"2023-12-17 02:33:50"}
{"level":"info","message":"Connected to Database","timestamp":"2023-12-17 02:33:50"}
{"level":"info","message":"API listening port 3005","timestamp":"2023-12-17 02:34:00"}
{"level":"info","message":"Connected to Database","timestamp":"2023-12-17 02:34:00"}
{"level":"info","message":"API listening port 3005","timestamp":"2023-12-17 02:34:08"}
{"level":"info","message":"Connected to Database","timestamp":"2023-12-17 02:34:08"}
{"level":"info","message":"API listening port 3005","timestamp":"2023-12-17 02:34:15"}
{"level":"info","message":"Connected to Database","timestamp":"2023-12-17 02:34:15"}
{"level":"info","message":"API listening port 3005","timestamp":"2023-12-17 02:34:30"}
{"level":"info","message":"Connected to Database","timestamp":"2023-12-17 02:34:30"}
{"level":"info","message":"API listening port 3005","timestamp":"2023-12-17 02:34:40"}
{"level":"info","message":"Connected to Database","timestamp":"2023-12-17 02:34:40"}
{"level":"info","message":"API listening port 3005","timestamp":"2023-12-17 02:34:47"}
{"level":"info","message":"Connected to Database","timestamp":"2023-12-17 02:34:47"}
{"level":"info","message":"API listening port 3005","timestamp":"2023-12-17 02:34:51"}
{"level":"info","message":"Connected to Database","timestamp":"2023-12-17 02:34:51"}
{"level":"info","message":"API listening port 3005","timestamp":"2023-12-17 02:39:37"}
{"level":"info","message":"Connected to Database","timestamp":"2023-12-17 02:39:37"}
{"level":"info","message":"API listening port 3005","timestamp":"2023-12-17 02:39:47"}
{"level":"info","message":"Connected to Database","timestamp":"2023-12-17 02:39:47"}
{"level":"info","message":"API listening port 3005","timestamp":"2023-12-17 02:43:51"}
{"level":"info","message":"Connected to Database","timestamp":"2023-12-17 02:43:51"}
{"level":"info","message":"API listening port 3005","timestamp":"2023-12-17 02:44:22"}
{"level":"info","message":"Connected to Database","timestamp":"2023-12-17 02:44:22"}
{"level":"info","message":"API listening port 3005","timestamp":"2023-12-17 02:44:42"}
{"level":"info","message":"Connected to Database","timestamp":"2023-12-17 02:44:42"}
{"level":"info","message":"API listening port 3005","timestamp":"2023-12-17 02:44:47"}
{"level":"info","message":"Connected to Database","timestamp":"2023-12-17 02:44:48"}
{"level":"info","message":"API listening port 3005","timestamp":"2023-12-17 02:44:53"}
{"level":"info","message":"Connected to Database","timestamp":"2023-12-17 02:44:53"}
{"level":"info","message":"API listening port 3005","timestamp":"2023-12-17 02:44:58"}
{"level":"info","message":"Connected to Database","timestamp":"2023-12-17 02:44:58"}
{"level":"info","message":"API listening port 3005","timestamp":"2023-12-17 02:45:20"}
{"level":"info","message":"Connected to Database","timestamp":"2023-12-17 02:45:20"}
{"level":"info","message":"API listening port 3005","timestamp":"2023-12-17 02:45:47"}
{"level":"info","message":"Connected to Database","timestamp":"2023-12-17 02:45:47"}
{"level":"info","message":"API listening port 3005","timestamp":"2023-12-17 02:45:51"}
{"level":"info","message":"Connected to Database","timestamp":"2023-12-17 02:45:51"}
{"level":"info","message":"API listening port 3005","timestamp":"2023-12-17 02:45:55"}
{"level":"info","message":"Connected to Database","timestamp":"2023-12-17 02:45:55"}
{"level":"info","message":"API listening port 3005","timestamp":"2023-12-17 02:46:04"}
{"level":"info","message":"Connected to Database","timestamp":"2023-12-17 02:46:04"}
{"level":"info","message":{"body":"","method":"GET","params":{},"query":{},"url":"/api/comercio/getById/ae584ccd-b691-4619-aabf-7b15539743ee"},"timestamp":"2023-12-17 02:49:56"}
{"level":"info","message":{"body":"","method":"GET","params":{},"query":{},"url":"/api/comercio/getById/ae584ccd-b691-4619-aabf-7b15539743ee"},"timestamp":"2023-12-17 02:49:56"}
{"level":"info","message":{"body":"","method":"GET","params":{},"query":{},"url":"/api/product/getAllByRestaurantId/e2b6bc80-ef0b-4d50-9974-ef8ada8a4a51"},"timestamp":"2023-12-17 02:49:56"}
{"level":"info","message":{"data":{},"model":"product/getAllByRestaurantId"},"timestamp":"2023-12-17 02:49:56"}
{"level":"info","message":{"body":"","method":"GET","params":{},"query":{},"url":"/api/product/getAllByRestaurantId/e2b6bc80-ef0b-4d50-9974-ef8ada8a4a51"},"timestamp":"2023-12-17 02:49:56"}
{"level":"info","message":{"data":{},"model":"product/getAllByRestaurantId"},"timestamp":"2023-12-17 02:49:56"}
{"level":"info","message":"API listening port 3005","timestamp":"2023-12-17 02:51:25"}
{"level":"info","message":"Connected to Database","timestamp":"2023-12-17 02:51:25"}
{"level":"info","message":{"body":"","method":"GET","params":{},"query":{},"url":"/api/comercio/getById/ae584ccd-b691-4619-aabf-7b15539743ee"},"timestamp":"2023-12-17 02:54:02"}
{"level":"info","message":{"body":"","method":"GET","params":{},"query":{},"url":"/api/comercio/getById/ae584ccd-b691-4619-aabf-7b15539743ee"},"timestamp":"2023-12-17 02:54:02"}
{"level":"info","message":{"body":"","method":"GET","params":{},"query":{},"url":"/api/product/getAllByRestaurantId/e2b6bc80-ef0b-4d50-9974-ef8ada8a4a51"},"timestamp":"2023-12-17 02:54:02"}
{"level":"info","message":{"data":{},"model":"product/getAllByRestaurantId"},"timestamp":"2023-12-17 02:54:02"}
{"level":"info","message":{"body":"","method":"GET","params":{},"query":{},"url":"/api/product/getAllByRestaurantId/e2b6bc80-ef0b-4d50-9974-ef8ada8a4a51"},"timestamp":"2023-12-17 02:54:02"}
{"level":"info","message":{"data":{},"model":"product/getAllByRestaurantId"},"timestamp":"2023-12-17 02:54:02"}
{"level":"info","message":{"body":{"comercio":{"category":[{"classe":"ofert","description":"El sandwich: la única tentación que hará que rompas tus creencias sin pensarlo dos veces.","id":"5f0197be-2a05-476b-8d5a-d759b025442e","img":"http://res.cloudinary.com/dzfg8xnxn/image/upload/v1701388755/ej1dnberlfdlxn6dscbo.jpg","name":"Principal","products":[{"description":"La cocina de autor es poner tu personalidad en lo que haces y ese sentimiento la convierte en algo distinto.","favorite":525,"id":"b6857c73-619a-4245-94c4-1a104a2f0323","img":"https://res.cloudinary.com/dzfg8xnxn/image/upload/v1701317902/rlmfwcjwkmvkiedgr9bc.jpg","ingredients":null,"name":"Cazuela de vacuno","price":6500},{"description":"La cocina de autor es poner tu personalidad en lo que haces y ese sentimiento la convierte en algo distinto.","favorite":855,"id":"9836e567-7068-46b5-9d1e-e8662ffa0468","img":"https://res.cloudinary.com/dzfg8xnxn/image/upload/v1701317902/rlmfwcjwkmvkiedgr9bc.jpg","ingredients":[{"id":"a937e4b8-bc00-415c-a1bd-de5943004448","name":"Carne de vacuno"},{"id":"aed812b6-f0d4-4e5a-a913-b729787b227c","name":"Poroto verde"},{"id":"2ebca95f-ed6d-4638-9fa5-4f2aae6b6d7b","name":"Zapallo"},{"id":"d2a3ad70-15ab-4ded-8bf5-551a6ee1f59f","name":"choclo"}],"name":"Cazuela","price":5000}]},{"classe":"original","description":"El sandwich: la única tentación que hará que rompas tus creencias sin pensarlo dos veces.","id":"ac386470-551e-4ca2-b474-aa5776f863d5","img":"http://res.cloudinary.com/dzfg8xnxn/image/upload/v1701450797/yiqmzxcpj990qfqubqzv.png","name":"Sandwich","products":[{"description":"La cocina de autor es poner tu personalidad en lo que haces y ese sentimiento la convierte en algo distinto.","favorite":525,"id":"b6857c73-619a-4245-94c4-1a104a2f0323","img":"https://res.cloudinary.com/dzfg8xnxn/image/upload/v1701317902/rlmfwcjwkmvkiedgr9bc.jpg","ingredients":null,"name":"Cazuela de vacuno","price":6500},{"description":"La cocina de autor es poner tu personalidad en lo que haces y ese sentimiento la convierte en algo distinto.","favorite":55,"id":"5d7f6b0d-c255-453b-b3c9-55299a6d7762","img":"https://res.cloudinary.com/dzfg8xnxn/image/upload/v1701317902/rlmfwcjwkmvkiedgr9bc.jpg","ingredients":[{"id":"10de577d-1535-4246-8074-356c0dfecb02","name":"sal"},{"id":"f73a476d-4823-41d0-81af-b0d10b1c1ecf","name":"aceite"},{"id":"8e36d88b-21da-44a8-8b7b-ee1bf2dbc67e","name":"limon"},{"id":"0be215d0-4802-47d6-a2ad-deab1f69083e","name":"ajo"}],"name":"Mayo","price":5000}]},{"classe":"original","description":"El sandwich: la única tentación que hará que rompas tus creencias sin pensarlo dos veces.","id":"e4065c1e-e993-4b55-8d13-7b217d0136cf","img":"http://res.cloudinary.com/dzfg8xnxn/image/upload/v1701450797/yiqmzxcpj990qfqubqzv.png","name":"Completos","products":[{"description":"La cocina de autor es poner tu personalidad en lo que haces y ese sentimiento la convierte en algo distinto.","favorite":55,"id":"5d7f6b0d-c255-453b-b3c9-55299a6d7762","img":"https://res.cloudinary.com/dzfg8xnxn/image/upload/v1701317902/rlmfwcjwkmvkiedgr9bc.jpg","ingredients":[{"id":"10de577d-1535-4246-8074-356c0dfecb02","name":"sal"},{"id":"f73a476d-4823-41d0-81af-b0d10b1c1ecf","name":"aceite"},{"id":"8e36d88b-21da-44a8-8b7b-ee1bf2dbc67e","name":"limon"},{"id":"0be215d0-4802-47d6-a2ad-deab1f69083e","name":"ajo"}],"name":"Mayo","price":5000},{"description":"La cocina de autor es poner tu personalidad en lo que haces y ese sentimiento la convierte en algo distinto.","favorite":55,"id":"de46c746-1605-4e5b-badf-c78b8573778e","img":"https://res.cloudinary.com/dzfg8xnxn/image/upload/v1701317902/rlmfwcjwkmvkiedgr9bc.jpg","ingredients":null,"name":"Chorrilana","price":5000}]},{"classe":"original","description":"El sandwich: la única tentación que hará que rompas tus creencias sin pensarlo dos veces.","id":"388bd978-69a6-4c2d-913a-8dd6a576f684","img":"http://res.cloudinary.com/dzfg8xnxn/image/upload/v1701519630/lddr7jztvpqemhcujrqn.jpg","name":"Sopas","products":[{"description":"La cocina de autor es poner tu personalidad en lo que haces y ese sentimiento la convierte en algo distinto.","favorite":855,"id":"9836e567-7068-46b5-9d1e-e8662ffa0468","img":"https://res.cloudinary.com/dzfg8xnxn/image/upload/v1701317902/rlmfwcjwkmvkiedgr9bc.jpg","ingredients":[{"id":"a937e4b8-bc00-415c-a1bd-de5943004448","name":"Carne de vacuno"},{"id":"aed812b6-f0d4-4e5a-a913-b729787b227c","name":"Poroto verde"},{"id":"2ebca95f-ed6d-4638-9fa5-4f2aae6b6d7b","name":"Zapallo"},{"id":"d2a3ad70-15ab-4ded-8bf5-551a6ee1f59f","name":"choclo"}],"name":"Cazuela","price":5000}]},{"classe":"original","description":"DescriptionDe nueva Categorya","id":"d4406f97-beb0-460e-9881-f38da508dca1","img":"http://res.cloudinary.com/dzfg8xnxn/image/upload/v1702790149/si8zsctloeaoh55hhoow.png","name":"NuevaCategory","products":null}],"comercio":{"date":"2012-12-12T00:00:00","id":"ae584ccd-b691-4619-aabf-7b15539743ee"},"person":{"email":"taoQuispe@gmial.com","id":"41c3c221-4738-4206-8fa8-053a73fe043d","maternalLastName":"Maquito","name":"Tao","paternalLastName":"Montero","phone":"957902342"},"restaurant":{"address":"Rivas 820","close":"6:00","comercio_id":"ae584ccd-b691-4619-aabf-7b15539743ee","distric":"Santiago","email":"dellis@gmial.com","id":"e2b6bc80-ef0b-4d50-9974-ef8ada8a4a51","logo":"https://img.freepik.com/vector-gratis/vector-degradado-logotipo-colorido-pajaro_343694-1365.jpg","name":"Startup","open":"8:00","phone":"957902342","web":"www-dellis.com","wifi":"true"},"user":{"id":"086cab4f-e4ca-4c35-b56e-416a86ad13cd","person_id":"41c3c221-4738-4206-8fa8-053a73fe043d"}}},"method":"POST","params":"","query":"","url":"/api/comercio/updateCategoryProduct"},"timestamp":"2023-12-17 02:54:07"}
{"level":"error","message":{"controller":"comercio/getById","error":"Cannot read properties of null (reading 'map')"},"timestamp":"2023-12-17 02:54:07"}
{"level":"info","message":"API listening port 3005","timestamp":"2023-12-17 02:54:56"}
{"level":"info","message":"Connected to Database","timestamp":"2023-12-17 02:54:56"}
{"level":"info","message":"API listening port 3005","timestamp":"2023-12-17 02:55:06"}
{"level":"info","message":"Connected to Database","timestamp":"2023-12-17 02:55:06"}
{"level":"info","message":{"body":{"comercio":{"category":[{"classe":"ofert","description":"El sandwich: la única tentación que hará que rompas tus creencias sin pensarlo dos veces.","id":"5f0197be-2a05-476b-8d5a-d759b025442e","img":"http://res.cloudinary.com/dzfg8xnxn/image/upload/v1701388755/ej1dnberlfdlxn6dscbo.jpg","name":"Principal","products":[{"description":"La cocina de autor es poner tu personalidad en lo que haces y ese sentimiento la convierte en algo distinto.","favorite":525,"id":"b6857c73-619a-4245-94c4-1a104a2f0323","img":"https://res.cloudinary.com/dzfg8xnxn/image/upload/v1701317902/rlmfwcjwkmvkiedgr9bc.jpg","ingredients":null,"name":"Cazuela de vacuno","price":6500},{"description":"La cocina de autor es poner tu personalidad en lo que haces y ese sentimiento la convierte en algo distinto.","favorite":855,"id":"9836e567-7068-46b5-9d1e-e8662ffa0468","img":"https://res.cloudinary.com/dzfg8xnxn/image/upload/v1701317902/rlmfwcjwkmvkiedgr9bc.jpg","ingredients":[{"id":"a937e4b8-bc00-415c-a1bd-de5943004448","name":"Carne de vacuno"},{"id":"aed812b6-f0d4-4e5a-a913-b729787b227c","name":"Poroto verde"},{"id":"2ebca95f-ed6d-4638-9fa5-4f2aae6b6d7b","name":"Zapallo"},{"id":"d2a3ad70-15ab-4ded-8bf5-551a6ee1f59f","name":"choclo"}],"name":"Cazuela","price":5000}]},{"classe":"original","description":"El sandwich: la única tentación que hará que rompas tus creencias sin pensarlo dos veces.","id":"ac386470-551e-4ca2-b474-aa5776f863d5","img":"http://res.cloudinary.com/dzfg8xnxn/image/upload/v1701450797/yiqmzxcpj990qfqubqzv.png","name":"Sandwich","products":[{"description":"La cocina de autor es poner tu personalidad en lo que haces y ese sentimiento la convierte en algo distinto.","favorite":525,"id":"b6857c73-619a-4245-94c4-1a104a2f0323","img":"https://res.cloudinary.com/dzfg8xnxn/image/upload/v1701317902/rlmfwcjwkmvkiedgr9bc.jpg","ingredients":null,"name":"Cazuela de vacuno","price":6500},{"description":"La cocina de autor es poner tu personalidad en lo que haces y ese sentimiento la convierte en algo distinto.","favorite":55,"id":"5d7f6b0d-c255-453b-b3c9-55299a6d7762","img":"https://res.cloudinary.com/dzfg8xnxn/image/upload/v1701317902/rlmfwcjwkmvkiedgr9bc.jpg","ingredients":[{"id":"10de577d-1535-4246-8074-356c0dfecb02","name":"sal"},{"id":"f73a476d-4823-41d0-81af-b0d10b1c1ecf","name":"aceite"},{"id":"8e36d88b-21da-44a8-8b7b-ee1bf2dbc67e","name":"limon"},{"id":"0be215d0-4802-47d6-a2ad-deab1f69083e","name":"ajo"}],"name":"Mayo","price":5000}]},{"classe":"original","description":"El sandwich: la única tentación que hará que rompas tus creencias sin pensarlo dos veces.","id":"e4065c1e-e993-4b55-8d13-7b217d0136cf","img":"http://res.cloudinary.com/dzfg8xnxn/image/upload/v1701450797/yiqmzxcpj990qfqubqzv.png","name":"Completos","products":[{"description":"La cocina de autor es poner tu personalidad en lo que haces y ese sentimiento la convierte en algo distinto.","favorite":55,"id":"5d7f6b0d-c255-453b-b3c9-55299a6d7762","img":"https://res.cloudinary.com/dzfg8xnxn/image/upload/v1701317902/rlmfwcjwkmvkiedgr9bc.jpg","ingredients":[{"id":"10de577d-1535-4246-8074-356c0dfecb02","name":"sal"},{"id":"f73a476d-4823-41d0-81af-b0d10b1c1ecf","name":"aceite"},{"id":"8e36d88b-21da-44a8-8b7b-ee1bf2dbc67e","name":"limon"},{"id":"0be215d0-4802-47d6-a2ad-deab1f69083e","name":"ajo"}],"name":"Mayo","price":5000},{"description":"La cocina de autor es poner tu personalidad en lo que haces y ese sentimiento la convierte en algo distinto.","favorite":55,"id":"de46c746-1605-4e5b-badf-c78b8573778e","img":"https://res.cloudinary.com/dzfg8xnxn/image/upload/v1701317902/rlmfwcjwkmvkiedgr9bc.jpg","ingredients":null,"name":"Chorrilana","price":5000}]},{"classe":"original","description":"El sandwich: la única tentación que hará que rompas tus creencias sin pensarlo dos veces.","id":"388bd978-69a6-4c2d-913a-8dd6a576f684","img":"http://res.cloudinary.com/dzfg8xnxn/image/upload/v1701519630/lddr7jztvpqemhcujrqn.jpg","name":"Sopas","products":[{"description":"La cocina de autor es poner tu personalidad en lo que haces y ese sentimiento la convierte en algo distinto.","favorite":855,"id":"9836e567-7068-46b5-9d1e-e8662ffa0468","img":"https://res.cloudinary.com/dzfg8xnxn/image/upload/v1701317902/rlmfwcjwkmvkiedgr9bc.jpg","ingredients":[{"id":"a937e4b8-bc00-415c-a1bd-de5943004448","name":"Carne de vacuno"},{"id":"aed812b6-f0d4-4e5a-a913-b729787b227c","name":"Poroto verde"},{"id":"2ebca95f-ed6d-4638-9fa5-4f2aae6b6d7b","name":"Zapallo"},{"id":"d2a3ad70-15ab-4ded-8bf5-551a6ee1f59f","name":"choclo"}],"name":"Cazuela","price":5000}]},{"classe":"original","description":"DescriptionDe nueva Categorya","id":"d4406f97-beb0-460e-9881-f38da508dca1","img":"http://res.cloudinary.com/dzfg8xnxn/image/upload/v1702790149/si8zsctloeaoh55hhoow.png","name":"NuevaCategory","products":null}],"comercio":{"date":"2012-12-12T00:00:00","id":"ae584ccd-b691-4619-aabf-7b15539743ee"},"person":{"email":"taoQuispe@gmial.com","id":"41c3c221-4738-4206-8fa8-053a73fe043d","maternalLastName":"Maquito","name":"Tao","paternalLastName":"Montero","phone":"957902342"},"restaurant":{"address":"Rivas 820","close":"6:00","comercio_id":"ae584ccd-b691-4619-aabf-7b15539743ee","distric":"Santiago","email":"dellis@gmial.com","id":"e2b6bc80-ef0b-4d50-9974-ef8ada8a4a51","logo":"https://img.freepik.com/vector-gratis/vector-degradado-logotipo-colorido-pajaro_343694-1365.jpg","name":"Startup","open":"8:00","phone":"957902342","web":"www-dellis.com","wifi":"true"},"user":{"id":"086cab4f-e4ca-4c35-b56e-416a86ad13cd","person_id":"41c3c221-4738-4206-8fa8-053a73fe043d"}}},"method":"POST","params":"","query":"","url":"/api/comercio/updateCategoryProduct"},"timestamp":"2023-12-17 02:55:08"}
{"level":"error","message":{"controller":"comercio/updateCategoryProduct","error":"Cannot read properties of null (reading 'map')"},"timestamp":"2023-12-17 02:55:08"}
{"level":"info","message":"API listening port 3005","timestamp":"2023-12-17 02:56:58"}
{"level":"info","message":"Connected to Database","timestamp":"2023-12-17 02:56:58"}
{"level":"info","message":"API listening port 3005","timestamp":"2023-12-17 02:57:08"}
{"level":"info","message":"Connected to Database","timestamp":"2023-12-17 02:57:08"}
{"level":"info","message":"API listening port 3005","timestamp":"2023-12-17 02:57:29"}
{"level":"info","message":"Connected to Database","timestamp":"2023-12-17 02:57:30"}
{"level":"info","message":{"body":{"comercio":{"category":[{"classe":"ofert","description":"El sandwich: la única tentación que hará que rompas tus creencias sin pensarlo dos veces.","id":"5f0197be-2a05-476b-8d5a-d759b025442e","img":"http://res.cloudinary.com/dzfg8xnxn/image/upload/v1701388755/ej1dnberlfdlxn6dscbo.jpg","name":"Principal","products":[{"description":"La cocina de autor es poner tu personalidad en lo que haces y ese sentimiento la convierte en algo distinto.","favorite":525,"id":"b6857c73-619a-4245-94c4-1a104a2f0323","img":"https://res.cloudinary.com/dzfg8xnxn/image/upload/v1701317902/rlmfwcjwkmvkiedgr9bc.jpg","ingredients":null,"name":"Cazuela de vacuno","price":6500},{"description":"La cocina de autor es poner tu personalidad en lo que haces y ese sentimiento la convierte en algo distinto.","favorite":855,"id":"9836e567-7068-46b5-9d1e-e8662ffa0468","img":"https://res.cloudinary.com/dzfg8xnxn/image/upload/v1701317902/rlmfwcjwkmvkiedgr9bc.jpg","ingredients":[{"id":"a937e4b8-bc00-415c-a1bd-de5943004448","name":"Carne de vacuno"},{"id":"aed812b6-f0d4-4e5a-a913-b729787b227c","name":"Poroto verde"},{"id":"2ebca95f-ed6d-4638-9fa5-4f2aae6b6d7b","name":"Zapallo"},{"id":"d2a3ad70-15ab-4ded-8bf5-551a6ee1f59f","name":"choclo"}],"name":"Cazuela","price":5000}]},{"classe":"original","description":"El sandwich: la única tentación que hará que rompas tus creencias sin pensarlo dos veces.","id":"ac386470-551e-4ca2-b474-aa5776f863d5","img":"http://res.cloudinary.com/dzfg8xnxn/image/upload/v1701450797/yiqmzxcpj990qfqubqzv.png","name":"Sandwich","products":[{"description":"La cocina de autor es poner tu personalidad en lo que haces y ese sentimiento la convierte en algo distinto.","favorite":525,"id":"b6857c73-619a-4245-94c4-1a104a2f0323","img":"https://res.cloudinary.com/dzfg8xnxn/image/upload/v1701317902/rlmfwcjwkmvkiedgr9bc.jpg","ingredients":null,"name":"Cazuela de vacuno","price":6500},{"description":"La cocina de autor es poner tu personalidad en lo que haces y ese sentimiento la convierte en algo distinto.","favorite":55,"id":"5d7f6b0d-c255-453b-b3c9-55299a6d7762","img":"https://res.cloudinary.com/dzfg8xnxn/image/upload/v1701317902/rlmfwcjwkmvkiedgr9bc.jpg","ingredients":[{"id":"10de577d-1535-4246-8074-356c0dfecb02","name":"sal"},{"id":"f73a476d-4823-41d0-81af-b0d10b1c1ecf","name":"aceite"},{"id":"8e36d88b-21da-44a8-8b7b-ee1bf2dbc67e","name":"limon"},{"id":"0be215d0-4802-47d6-a2ad-deab1f69083e","name":"ajo"}],"name":"Mayo","price":5000}]},{"classe":"original","description":"El sandwich: la única tentación que hará que rompas tus creencias sin pensarlo dos veces.","id":"e4065c1e-e993-4b55-8d13-7b217d0136cf","img":"http://res.cloudinary.com/dzfg8xnxn/image/upload/v1701450797/yiqmzxcpj990qfqubqzv.png","name":"Completos","products":[{"description":"La cocina de autor es poner tu personalidad en lo que haces y ese sentimiento la convierte en algo distinto.","favorite":55,"id":"5d7f6b0d-c255-453b-b3c9-55299a6d7762","img":"https://res.cloudinary.com/dzfg8xnxn/image/upload/v1701317902/rlmfwcjwkmvkiedgr9bc.jpg","ingredients":[{"id":"10de577d-1535-4246-8074-356c0dfecb02","name":"sal"},{"id":"f73a476d-4823-41d0-81af-b0d10b1c1ecf","name":"aceite"},{"id":"8e36d88b-21da-44a8-8b7b-ee1bf2dbc67e","name":"limon"},{"id":"0be215d0-4802-47d6-a2ad-deab1f69083e","name":"ajo"}],"name":"Mayo","price":5000},{"description":"La cocina de autor es poner tu personalidad en lo que haces y ese sentimiento la convierte en algo distinto.","favorite":55,"id":"de46c746-1605-4e5b-badf-c78b8573778e","img":"https://res.cloudinary.com/dzfg8xnxn/image/upload/v1701317902/rlmfwcjwkmvkiedgr9bc.jpg","ingredients":null,"name":"Chorrilana","price":5000}]},{"classe":"original","description":"El sandwich: la única tentación que hará que rompas tus creencias sin pensarlo dos veces.","id":"388bd978-69a6-4c2d-913a-8dd6a576f684","img":"http://res.cloudinary.com/dzfg8xnxn/image/upload/v1701519630/lddr7jztvpqemhcujrqn.jpg","name":"Sopas","products":[{"description":"La cocina de autor es poner tu personalidad en lo que haces y ese sentimiento la convierte en algo distinto.","favorite":855,"id":"9836e567-7068-46b5-9d1e-e8662ffa0468","img":"https://res.cloudinary.com/dzfg8xnxn/image/upload/v1701317902/rlmfwcjwkmvkiedgr9bc.jpg","ingredients":[{"id":"a937e4b8-bc00-415c-a1bd-de5943004448","name":"Carne de vacuno"},{"id":"aed812b6-f0d4-4e5a-a913-b729787b227c","name":"Poroto verde"},{"id":"2ebca95f-ed6d-4638-9fa5-4f2aae6b6d7b","name":"Zapallo"},{"id":"d2a3ad70-15ab-4ded-8bf5-551a6ee1f59f","name":"choclo"}],"name":"Cazuela","price":5000}]},{"classe":"original","description":"DescriptionDe nueva Categorya","id":"d4406f97-beb0-460e-9881-f38da508dca1","img":"http://res.cloudinary.com/dzfg8xnxn/image/upload/v1702790149/si8zsctloeaoh55hhoow.png","name":"NuevaCategory","products":null}],"comercio":{"date":"2012-12-12T00:00:00","id":"ae584ccd-b691-4619-aabf-7b15539743ee"},"person":{"email":"taoQuispe@gmial.com","id":"41c3c221-4738-4206-8fa8-053a73fe043d","maternalLastName":"Maquito","name":"Tao","paternalLastName":"Montero","phone":"957902342"},"restaurant":{"address":"Rivas 820","close":"6:00","comercio_id":"ae584ccd-b691-4619-aabf-7b15539743ee","distric":"Santiago","email":"dellis@gmial.com","id":"e2b6bc80-ef0b-4d50-9974-ef8ada8a4a51","logo":"https://img.freepik.com/vector-gratis/vector-degradado-logotipo-colorido-pajaro_343694-1365.jpg","name":"Startup","open":"8:00","phone":"957902342","web":"www-dellis.com","wifi":"true"},"user":{"id":"086cab4f-e4ca-4c35-b56e-416a86ad13cd","person_id":"41c3c221-4738-4206-8fa8-053a73fe043d"}}},"method":"POST","params":"","query":"","url":"/api/comercio/updateCategoryProduct"},"timestamp":"2023-12-17 02:57:31"}
{"level":"error","message":{"controller":"comercio/updateCategoryProduct","error":"Cannot read properties of null (reading 'map')"},"timestamp":"2023-12-17 02:57:31"}
{"level":"info","message":"API listening port 3005","timestamp":"2023-12-17 02:57:55"}
{"level":"info","message":"Connected to Database","timestamp":"2023-12-17 02:57:56"}
{"level":"info","message":{"body":{"comercio":{"category":[{"classe":"ofert","description":"El sandwich: la única tentación que hará que rompas tus creencias sin pensarlo dos veces.","id":"5f0197be-2a05-476b-8d5a-d759b025442e","img":"http://res.cloudinary.com/dzfg8xnxn/image/upload/v1701388755/ej1dnberlfdlxn6dscbo.jpg","name":"Principal","products":[{"description":"La cocina de autor es poner tu personalidad en lo que haces y ese sentimiento la convierte en algo distinto.","favorite":525,"id":"b6857c73-619a-4245-94c4-1a104a2f0323","img":"https://res.cloudinary.com/dzfg8xnxn/image/upload/v1701317902/rlmfwcjwkmvkiedgr9bc.jpg","ingredients":null,"name":"Cazuela de vacuno","price":6500},{"description":"La cocina de autor es poner tu personalidad en lo que haces y ese sentimiento la convierte en algo distinto.","favorite":855,"id":"9836e567-7068-46b5-9d1e-e8662ffa0468","img":"https://res.cloudinary.com/dzfg8xnxn/image/upload/v1701317902/rlmfwcjwkmvkiedgr9bc.jpg","ingredients":[{"id":"a937e4b8-bc00-415c-a1bd-de5943004448","name":"Carne de vacuno"},{"id":"aed812b6-f0d4-4e5a-a913-b729787b227c","name":"Poroto verde"},{"id":"2ebca95f-ed6d-4638-9fa5-4f2aae6b6d7b","name":"Zapallo"},{"id":"d2a3ad70-15ab-4ded-8bf5-551a6ee1f59f","name":"choclo"}],"name":"Cazuela","price":5000}]},{"classe":"original","description":"El sandwich: la única tentación que hará que rompas tus creencias sin pensarlo dos veces.","id":"ac386470-551e-4ca2-b474-aa5776f863d5","img":"http://res.cloudinary.com/dzfg8xnxn/image/upload/v1701450797/yiqmzxcpj990qfqubqzv.png","name":"Sandwich","products":[{"description":"La cocina de autor es poner tu personalidad en lo que haces y ese sentimiento la convierte en algo distinto.","favorite":525,"id":"b6857c73-619a-4245-94c4-1a104a2f0323","img":"https://res.cloudinary.com/dzfg8xnxn/image/upload/v1701317902/rlmfwcjwkmvkiedgr9bc.jpg","ingredients":null,"name":"Cazuela de vacuno","price":6500},{"description":"La cocina de autor es poner tu personalidad en lo que haces y ese sentimiento la convierte en algo distinto.","favorite":55,"id":"5d7f6b0d-c255-453b-b3c9-55299a6d7762","img":"https://res.cloudinary.com/dzfg8xnxn/image/upload/v1701317902/rlmfwcjwkmvkiedgr9bc.jpg","ingredients":[{"id":"10de577d-1535-4246-8074-356c0dfecb02","name":"sal"},{"id":"f73a476d-4823-41d0-81af-b0d10b1c1ecf","name":"aceite"},{"id":"8e36d88b-21da-44a8-8b7b-ee1bf2dbc67e","name":"limon"},{"id":"0be215d0-4802-47d6-a2ad-deab1f69083e","name":"ajo"}],"name":"Mayo","price":5000}]},{"classe":"original","description":"El sandwich: la única tentación que hará que rompas tus creencias sin pensarlo dos veces.","id":"e4065c1e-e993-4b55-8d13-7b217d0136cf","img":"http://res.cloudinary.com/dzfg8xnxn/image/upload/v1701450797/yiqmzxcpj990qfqubqzv.png","name":"Completos","products":[{"description":"La cocina de autor es poner tu personalidad en lo que haces y ese sentimiento la convierte en algo distinto.","favorite":55,"id":"5d7f6b0d-c255-453b-b3c9-55299a6d7762","img":"https://res.cloudinary.com/dzfg8xnxn/image/upload/v1701317902/rlmfwcjwkmvkiedgr9bc.jpg","ingredients":[{"id":"10de577d-1535-4246-8074-356c0dfecb02","name":"sal"},{"id":"f73a476d-4823-41d0-81af-b0d10b1c1ecf","name":"aceite"},{"id":"8e36d88b-21da-44a8-8b7b-ee1bf2dbc67e","name":"limon"},{"id":"0be215d0-4802-47d6-a2ad-deab1f69083e","name":"ajo"}],"name":"Mayo","price":5000},{"description":"La cocina de autor es poner tu personalidad en lo que haces y ese sentimiento la convierte en algo distinto.","favorite":55,"id":"de46c746-1605-4e5b-badf-c78b8573778e","img":"https://res.cloudinary.com/dzfg8xnxn/image/upload/v1701317902/rlmfwcjwkmvkiedgr9bc.jpg","ingredients":null,"name":"Chorrilana","price":5000}]},{"classe":"original","description":"El sandwich: la única tentación que hará que rompas tus creencias sin pensarlo dos veces.","id":"388bd978-69a6-4c2d-913a-8dd6a576f684","img":"http://res.cloudinary.com/dzfg8xnxn/image/upload/v1701519630/lddr7jztvpqemhcujrqn.jpg","name":"Sopas","products":[{"description":"La cocina de autor es poner tu personalidad en lo que haces y ese sentimiento la convierte en algo distinto.","favorite":855,"id":"9836e567-7068-46b5-9d1e-e8662ffa0468","img":"https://res.cloudinary.com/dzfg8xnxn/image/upload/v1701317902/rlmfwcjwkmvkiedgr9bc.jpg","ingredients":[{"id":"a937e4b8-bc00-415c-a1bd-de5943004448","name":"Carne de vacuno"},{"id":"aed812b6-f0d4-4e5a-a913-b729787b227c","name":"Poroto verde"},{"id":"2ebca95f-ed6d-4638-9fa5-4f2aae6b6d7b","name":"Zapallo"},{"id":"d2a3ad70-15ab-4ded-8bf5-551a6ee1f59f","name":"choclo"}],"name":"Cazuela","price":5000}]},{"classe":"original","description":"DescriptionDe nueva Categorya","id":"d4406f97-beb0-460e-9881-f38da508dca1","img":"http://res.cloudinary.com/dzfg8xnxn/image/upload/v1702790149/si8zsctloeaoh55hhoow.png","name":"NuevaCategory","products":null}],"comercio":{"date":"2012-12-12T00:00:00","id":"ae584ccd-b691-4619-aabf-7b15539743ee"},"person":{"email":"taoQuispe@gmial.com","id":"41c3c221-4738-4206-8fa8-053a73fe043d","maternalLastName":"Maquito","name":"Tao","paternalLastName":"Montero","phone":"957902342"},"restaurant":{"address":"Rivas 820","close":"6:00","comercio_id":"ae584ccd-b691-4619-aabf-7b15539743ee","distric":"Santiago","email":"dellis@gmial.com","id":"e2b6bc80-ef0b-4d50-9974-ef8ada8a4a51","logo":"https://img.freepik.com/vector-gratis/vector-degradado-logotipo-colorido-pajaro_343694-1365.jpg","name":"Startup","open":"8:00","phone":"957902342","web":"www-dellis.com","wifi":"true"},"user":{"id":"086cab4f-e4ca-4c35-b56e-416a86ad13cd","person_id":"41c3c221-4738-4206-8fa8-053a73fe043d"}}},"method":"POST","params":"","query":"","url":"/api/comercio/updateCategoryProduct"},"timestamp":"2023-12-17 02:58:02"}
{"level":"info","message":"API listening port 3005","timestamp":"2023-12-17 02:58:31"}
{"level":"info","message":"Connected to Database","timestamp":"2023-12-17 02:58:31"}
{"level":"info","message":"API listening port 3005","timestamp":"2023-12-17 02:58:36"}
{"level":"info","message":"Connected to Database","timestamp":"2023-12-17 02:58:36"}
{"level":"info","message":"API listening port 3005","timestamp":"2023-12-17 02:58:41"}
{"level":"info","message":"Connected to Database","timestamp":"2023-12-17 02:58:41"}
{"level":"info","message":"API listening port 3005","timestamp":"2023-12-17 02:58:47"}
{"level":"info","message":"Connected to Database","timestamp":"2023-12-17 02:58:47"}
{"level":"info","message":"API listening port 3005","timestamp":"2023-12-17 02:59:29"}
{"level":"info","message":"Connected to Database","timestamp":"2023-12-17 02:59:29"}
{"level":"info","message":"API listening port 3005","timestamp":"2023-12-17 02:59:38"}
{"level":"info","message":"Connected to Database","timestamp":"2023-12-17 02:59:38"}
{"level":"info","message":{"body":{"comercio":{"category":[{"classe":"ofert","description":"El sandwich: la única tentación que hará que rompas tus creencias sin pensarlo dos veces.","id":"5f0197be-2a05-476b-8d5a-d759b025442e","img":"http://res.cloudinary.com/dzfg8xnxn/image/upload/v1701388755/ej1dnberlfdlxn6dscbo.jpg","name":"Principal","products":[{"description":"La cocina de autor es poner tu personalidad en lo que haces y ese sentimiento la convierte en algo distinto.","favorite":525,"id":"b6857c73-619a-4245-94c4-1a104a2f0323","img":"https://res.cloudinary.com/dzfg8xnxn/image/upload/v1701317902/rlmfwcjwkmvkiedgr9bc.jpg","ingredients":null,"name":"Cazuela de vacuno","price":6500},{"description":"La cocina de autor es poner tu personalidad en lo que haces y ese sentimiento la convierte en algo distinto.","favorite":855,"id":"9836e567-7068-46b5-9d1e-e8662ffa0468","img":"https://res.cloudinary.com/dzfg8xnxn/image/upload/v1701317902/rlmfwcjwkmvkiedgr9bc.jpg","ingredients":[{"id":"a937e4b8-bc00-415c-a1bd-de5943004448","name":"Carne de vacuno"},{"id":"aed812b6-f0d4-4e5a-a913-b729787b227c","name":"Poroto verde"},{"id":"2ebca95f-ed6d-4638-9fa5-4f2aae6b6d7b","name":"Zapallo"},{"id":"d2a3ad70-15ab-4ded-8bf5-551a6ee1f59f","name":"choclo"}],"name":"Cazuela","price":5000}]},{"classe":"original","description":"El sandwich: la única tentación que hará que rompas tus creencias sin pensarlo dos veces.","id":"ac386470-551e-4ca2-b474-aa5776f863d5","img":"http://res.cloudinary.com/dzfg8xnxn/image/upload/v1701450797/yiqmzxcpj990qfqubqzv.png","name":"Sandwich","products":[{"description":"La cocina de autor es poner tu personalidad en lo que haces y ese sentimiento la convierte en algo distinto.","favorite":525,"id":"b6857c73-619a-4245-94c4-1a104a2f0323","img":"https://res.cloudinary.com/dzfg8xnxn/image/upload/v1701317902/rlmfwcjwkmvkiedgr9bc.jpg","ingredients":null,"name":"Cazuela de vacuno","price":6500},{"description":"La cocina de autor es poner tu personalidad en lo que haces y ese sentimiento la convierte en algo distinto.","favorite":55,"id":"5d7f6b0d-c255-453b-b3c9-55299a6d7762","img":"https://res.cloudinary.com/dzfg8xnxn/image/upload/v1701317902/rlmfwcjwkmvkiedgr9bc.jpg","ingredients":[{"id":"10de577d-1535-4246-8074-356c0dfecb02","name":"sal"},{"id":"f73a476d-4823-41d0-81af-b0d10b1c1ecf","name":"aceite"},{"id":"8e36d88b-21da-44a8-8b7b-ee1bf2dbc67e","name":"limon"},{"id":"0be215d0-4802-47d6-a2ad-deab1f69083e","name":"ajo"}],"name":"Mayo","price":5000}]},{"classe":"original","description":"El sandwich: la única tentación que hará que rompas tus creencias sin pensarlo dos veces.","id":"e4065c1e-e993-4b55-8d13-7b217d0136cf","img":"http://res.cloudinary.com/dzfg8xnxn/image/upload/v1701450797/yiqmzxcpj990qfqubqzv.png","name":"Completos","products":[{"description":"La cocina de autor es poner tu personalidad en lo que haces y ese sentimiento la convierte en algo distinto.","favorite":55,"id":"5d7f6b0d-c255-453b-b3c9-55299a6d7762","img":"https://res.cloudinary.com/dzfg8xnxn/image/upload/v1701317902/rlmfwcjwkmvkiedgr9bc.jpg","ingredients":[{"id":"10de577d-1535-4246-8074-356c0dfecb02","name":"sal"},{"id":"f73a476d-4823-41d0-81af-b0d10b1c1ecf","name":"aceite"},{"id":"8e36d88b-21da-44a8-8b7b-ee1bf2dbc67e","name":"limon"},{"id":"0be215d0-4802-47d6-a2ad-deab1f69083e","name":"ajo"}],"name":"Mayo","price":5000},{"description":"La cocina de autor es poner tu personalidad en lo que haces y ese sentimiento la convierte en algo distinto.","favorite":55,"id":"de46c746-1605-4e5b-badf-c78b8573778e","img":"https://res.cloudinary.com/dzfg8xnxn/image/upload/v1701317902/rlmfwcjwkmvkiedgr9bc.jpg","ingredients":null,"name":"Chorrilana","price":5000}]},{"classe":"original","description":"El sandwich: la única tentación que hará que rompas tus creencias sin pensarlo dos veces.","id":"388bd978-69a6-4c2d-913a-8dd6a576f684","img":"http://res.cloudinary.com/dzfg8xnxn/image/upload/v1701519630/lddr7jztvpqemhcujrqn.jpg","name":"Sopas","products":[{"description":"La cocina de autor es poner tu personalidad en lo que haces y ese sentimiento la convierte en algo distinto.","favorite":855,"id":"9836e567-7068-46b5-9d1e-e8662ffa0468","img":"https://res.cloudinary.com/dzfg8xnxn/image/upload/v1701317902/rlmfwcjwkmvkiedgr9bc.jpg","ingredients":[{"id":"a937e4b8-bc00-415c-a1bd-de5943004448","name":"Carne de vacuno"},{"id":"aed812b6-f0d4-4e5a-a913-b729787b227c","name":"Poroto verde"},{"id":"2ebca95f-ed6d-4638-9fa5-4f2aae6b6d7b","name":"Zapallo"},{"id":"d2a3ad70-15ab-4ded-8bf5-551a6ee1f59f","name":"choclo"}],"name":"Cazuela","price":5000}]},{"classe":"original","description":"DescriptionDe nueva Categorya","id":"d4406f97-beb0-460e-9881-f38da508dca1","img":"http://res.cloudinary.com/dzfg8xnxn/image/upload/v1702790149/si8zsctloeaoh55hhoow.png","name":"NuevaCategory","products":null}],"comercio":{"date":"2012-12-12T00:00:00","id":"ae584ccd-b691-4619-aabf-7b15539743ee"},"person":{"email":"taoQuispe@gmial.com","id":"41c3c221-4738-4206-8fa8-053a73fe043d","maternalLastName":"Maquito","name":"Tao","paternalLastName":"Montero","phone":"957902342"},"restaurant":{"address":"Rivas 820","close":"6:00","comercio_id":"ae584ccd-b691-4619-aabf-7b15539743ee","distric":"Santiago","email":"dellis@gmial.com","id":"e2b6bc80-ef0b-4d50-9974-ef8ada8a4a51","logo":"https://img.freepik.com/vector-gratis/vector-degradado-logotipo-colorido-pajaro_343694-1365.jpg","name":"Startup","open":"8:00","phone":"957902342","web":"www-dellis.com","wifi":"true"},"user":{"id":"086cab4f-e4ca-4c35-b56e-416a86ad13cd","person_id":"41c3c221-4738-4206-8fa8-053a73fe043d"}}},"method":"POST","params":"","query":"","url":"/api/comercio/updateCategoryProduct"},"timestamp":"2023-12-17 02:59:42"}
{"level":"info","message":"API listening port 3005","timestamp":"2023-12-17 03:01:49"}
{"level":"info","message":"Connected to Database","timestamp":"2023-12-17 03:01:49"}
{"level":"info","message":"API listening port 3005","timestamp":"2023-12-17 03:03:11"}
{"level":"info","message":"Connected to Database","timestamp":"2023-12-17 03:03:11"}
{"level":"info","message":"API listening port 3005","timestamp":"2023-12-17 03:03:55"}
{"level":"info","message":"Connected to Database","timestamp":"2023-12-17 03:03:55"}
{"level":"info","message":"API listening port 3005","timestamp":"2023-12-17 03:04:01"}
{"level":"info","message":"Connected to Database","timestamp":"2023-12-17 03:04:01"}
{"level":"info","message":"API listening port 3005","timestamp":"2023-12-17 03:04:05"}
{"level":"info","message":"Connected to Database","timestamp":"2023-12-17 03:04:05"}
{"level":"info","message":"API listening port 3005","timestamp":"2023-12-17 03:04:31"}
{"level":"info","message":"Connected to Database","timestamp":"2023-12-17 03:04:31"}
{"level":"info","message":"API listening port 3005","timestamp":"2023-12-17 03:04:41"}
{"level":"info","message":"Connected to Database","timestamp":"2023-12-17 03:04:41"}
{"level":"info","message":"API listening port 3005","timestamp":"2023-12-17 03:04:44"}
{"level":"info","message":"Connected to Database","timestamp":"2023-12-17 03:04:44"}
{"level":"info","message":"API listening port 3005","timestamp":"2023-12-17 03:04:53"}
{"level":"info","message":"Connected to Database","timestamp":"2023-12-17 03:04:53"}
{"level":"info","message":"API listening port 3005","timestamp":"2023-12-17 03:04:59"}
{"level":"info","message":"Connected to Database","timestamp":"2023-12-17 03:04:59"}
{"level":"info","message":"API listening port 3005","timestamp":"2023-12-17 03:05:09"}
{"level":"info","message":"Connected to Database","timestamp":"2023-12-17 03:05:09"}
{"level":"info","message":"API listening port 3005","timestamp":"2023-12-17 03:05:12"}
{"level":"info","message":"Connected to Database","timestamp":"2023-12-17 03:05:12"}
{"level":"info","message":"API listening port 3005","timestamp":"2023-12-17 03:05:18"}
{"level":"info","message":"Connected to Database","timestamp":"2023-12-17 03:05:18"}
{"level":"info","message":"API listening port 3005","timestamp":"2023-12-17 03:05:22"}
{"level":"info","message":"Connected to Database","timestamp":"2023-12-17 03:05:22"}
{"level":"info","message":"API listening port 3005","timestamp":"2023-12-17 03:09:17"}
{"level":"info","message":"Connected to Database","timestamp":"2023-12-17 03:09:17"}
{"level":"info","message":"API listening port 3005","timestamp":"2023-12-17 03:09:49"}
{"level":"info","message":"Connected to Database","timestamp":"2023-12-17 03:09:49"}
{"level":"info","message":"API listening port 3005","timestamp":"2023-12-17 03:10:02"}
{"level":"info","message":"Connected to Database","timestamp":"2023-12-17 03:10:02"}
{"level":"info","message":"API listening port 3005","timestamp":"2023-12-17 03:10:06"}
{"level":"info","message":"Connected to Database","timestamp":"2023-12-17 03:10:06"}
{"level":"info","message":"API listening port 3005","timestamp":"2023-12-17 03:10:14"}
{"level":"info","message":"Connected to Database","timestamp":"2023-12-17 03:10:14"}
{"level":"info","message":"API listening port 3005","timestamp":"2023-12-17 03:10:26"}
{"level":"info","message":"Connected to Database","timestamp":"2023-12-17 03:10:26"}
{"level":"info","message":"API listening port 3005","timestamp":"2023-12-17 03:10:31"}
{"level":"info","message":"Connected to Database","timestamp":"2023-12-17 03:10:31"}
{"level":"info","message":"API listening port 3005","timestamp":"2023-12-17 03:10:42"}
{"level":"info","message":"Connected to Database","timestamp":"2023-12-17 03:10:42"}
