{"level":"info","message":"API listening port 3005","timestamp":"2024-01-13 20:20:23"}
{"level":"info","message":"Connected to Database","timestamp":"2024-01-13 20:20:23"}
{"level":"info","message":{"body":"","method":"GET","params":{},"query":{},"url":"/api/comercio/getById/ae584ccd-b691-4619-aabf-7b15539743ee"},"timestamp":"2024-01-13 20:20:40"}
{"level":"info","message":{"body":"","method":"GET","params":{},"query":{},"url":"/api/comercio/getById/ae584ccd-b691-4619-aabf-7b15539743ee"},"timestamp":"2024-01-13 20:20:40"}
{"level":"info","message":{"body":"","method":"GET","params":{},"query":{},"url":"/api/comercio/getById/ae584ccd-b691-4619-aabf-7b15539743ee"},"timestamp":"2024-01-13 20:35:49"}
{"level":"info","message":{"body":"","method":"GET","params":{},"query":{},"url":"/api/comercio/getById/ae584ccd-b691-4619-aabf-7b15539743ee"},"timestamp":"2024-01-13 20:35:49"}
{"level":"info","message":{"body":"","method":"GET","params":{},"query":{},"url":"/api/comercio/getById/ae584ccd-b691-4619-aabf-7b15539743ee"},"timestamp":"2024-01-13 20:49:36"}
{"level":"info","message":{"body":"","method":"GET","params":{},"query":{},"url":"/api/comercio/getById/ae584ccd-b691-4619-aabf-7b15539743ee"},"timestamp":"2024-01-13 20:49:36"}
{"level":"info","message":{"body":"","method":"GET","params":{},"query":{},"url":"/api/comercio/getById/ae584ccd-b691-4619-aabf-7b15539743ee"},"timestamp":"2024-01-13 20:55:28"}
{"level":"info","message":{"body":"","method":"GET","params":{},"query":{},"url":"/api/comercio/getById/ae584ccd-b691-4619-aabf-7b15539743ee"},"timestamp":"2024-01-13 20:55:28"}
{"level":"info","message":{"body":"","method":"GET","params":{},"query":{},"url":"/api/comercio/getById/ae584ccd-b691-4619-aabf-7b15539743ee"},"timestamp":"2024-01-13 21:03:03"}
{"level":"info","message":{"body":"","method":"GET","params":{},"query":{},"url":"/api/comercio/getById/ae584ccd-b691-4619-aabf-7b15539743ee"},"timestamp":"2024-01-13 21:03:03"}
{"level":"info","message":{"body":"","method":"GET","params":{},"query":{},"url":"/api/comercio/getById/ae584ccd-b691-4619-aabf-7b15539743ee"},"timestamp":"2024-01-13 21:44:02"}
{"level":"info","message":{"body":"","method":"GET","params":{},"query":{},"url":"/api/comercio/getById/ae584ccd-b691-4619-aabf-7b15539743ee"},"timestamp":"2024-01-13 21:44:02"}
{"level":"info","message":{"body":"","method":"GET","params":{},"query":{},"url":"/api/comercio/getById/ae584ccd-b691-4619-aabf-7b15539743ee"},"timestamp":"2024-01-13 21:47:10"}
{"level":"info","message":{"body":"","method":"GET","params":{},"query":{},"url":"/api/comercio/getById/ae584ccd-b691-4619-aabf-7b15539743ee"},"timestamp":"2024-01-13 21:47:10"}
{"level":"info","message":{"body":"","method":"GET","params":{},"query":{},"url":"/api/comercio/getById/ae584ccd-b691-4619-aabf-7b15539743ee"},"timestamp":"2024-01-13 21:56:34"}
{"level":"info","message":{"body":"","method":"GET","params":{},"query":{},"url":"/api/comercio/getById/ae584ccd-b691-4619-aabf-7b15539743ee"},"timestamp":"2024-01-13 21:56:34"}
{"level":"info","message":"API listening port 3005","timestamp":"2024-01-13 21:58:24"}
{"level":"info","message":"Connected to Database","timestamp":"2024-01-13 21:58:24"}
{"level":"info","message":"API listening port 3005","timestamp":"2024-01-13 21:58:29"}
{"level":"info","message":"Connected to Database","timestamp":"2024-01-13 21:58:29"}
{"level":"info","message":"API listening port 3005","timestamp":"2024-01-13 22:05:51"}
{"level":"info","message":"Connected to Database","timestamp":"2024-01-13 22:05:51"}
{"level":"info","message":"API listening port 3005","timestamp":"2024-01-13 22:05:57"}
{"level":"info","message":"Connected to Database","timestamp":"2024-01-13 22:05:57"}
{"level":"info","message":"API listening port 3005","timestamp":"2024-01-13 22:07:39"}
{"level":"info","message":"Connected to Database","timestamp":"2024-01-13 22:07:39"}
{"level":"info","message":"API listening port 3005","timestamp":"2024-01-13 22:07:48"}
{"level":"info","message":"Connected to Database","timestamp":"2024-01-13 22:07:48"}
{"level":"info","message":"API listening port 3005","timestamp":"2024-01-13 22:08:13"}
{"level":"info","message":"Connected to Database","timestamp":"2024-01-13 22:08:13"}
{"level":"info","message":"API listening port 3005","timestamp":"2024-01-13 22:08:19"}
{"level":"info","message":"Connected to Database","timestamp":"2024-01-13 22:08:19"}
{"level":"info","message":"API listening port 3005","timestamp":"2024-01-13 22:08:25"}
{"level":"info","message":"Connected to Database","timestamp":"2024-01-13 22:08:26"}
{"level":"info","message":"API listening port 3005","timestamp":"2024-01-13 22:08:53"}
{"level":"info","message":"Connected to Database","timestamp":"2024-01-13 22:08:53"}
{"level":"info","message":"API listening port 3005","timestamp":"2024-01-13 22:09:05"}
{"level":"info","message":"Connected to Database","timestamp":"2024-01-13 22:09:05"}
{"level":"info","message":"API listening port 3005","timestamp":"2024-01-13 22:09:16"}
{"level":"info","message":"Connected to Database","timestamp":"2024-01-13 22:09:16"}
{"level":"info","message":"API listening port 3005","timestamp":"2024-01-13 22:09:23"}
{"level":"info","message":"Connected to Database","timestamp":"2024-01-13 22:09:23"}
{"level":"info","message":"API listening port 3005","timestamp":"2024-01-13 22:09:33"}
{"level":"info","message":"Connected to Database","timestamp":"2024-01-13 22:09:33"}
{"level":"info","message":"API listening port 3005","timestamp":"2024-01-13 22:09:39"}
{"level":"info","message":"Connected to Database","timestamp":"2024-01-13 22:09:39"}
{"level":"info","message":"API listening port 3005","timestamp":"2024-01-13 22:09:49"}
{"level":"info","message":"Connected to Database","timestamp":"2024-01-13 22:09:49"}
{"level":"info","message":{"body":"","method":"GET","params":{},"query":{},"url":"/api/comercio/getById/ae584ccd-b691-4619-aabf-7b15539743ee"},"timestamp":"2024-01-13 22:28:13"}
{"level":"info","message":{"body":"","method":"GET","params":{},"query":{},"url":"/api/comercio/getById/ae584ccd-b691-4619-aabf-7b15539743ee"},"timestamp":"2024-01-13 22:28:13"}
{"level":"info","message":{"body":"","method":"GET","params":{},"query":{},"url":"/api/comercio/getById/ae584ccd-b691-4619-aabf-7b15539743ee"},"timestamp":"2024-01-13 22:35:11"}
{"level":"info","message":{"body":"","method":"GET","params":{},"query":{},"url":"/api/comercio/getById/ae584ccd-b691-4619-aabf-7b15539743ee"},"timestamp":"2024-01-13 22:35:11"}
{"level":"info","message":{"body":{"product_id":"f12ea2e7-1a43-4b64-a0d8-f139245aa178"},"method":"POST","params":"","query":"","url":"/api/product/addFavorite"},"timestamp":"2024-01-13 22:35:40"}
{"level":"info","message":{"data":{"product_id":"f12ea2e7-1a43-4b64-a0d8-f139245aa178"},"model":"product/addFavorite"},"timestamp":"2024-01-13 22:35:40"}
{"level":"error","message":{"error":"error de sintaxis en o cerca de «RETURNING»","model":"product/addFavorite"},"timestamp":"2024-01-13 22:35:40"}
{"level":"info","message":"API listening port 3005","timestamp":"2024-01-13 22:36:10"}
{"level":"info","message":"Connected to Database","timestamp":"2024-01-13 22:36:10"}
{"level":"info","message":"API listening port 3005","timestamp":"2024-01-13 22:36:26"}
{"level":"info","message":"Connected to Database","timestamp":"2024-01-13 22:36:26"}
{"level":"info","message":{"body":{"product_id":"5d7f6b0d-c255-453b-b3c9-55299a6d7762"},"method":"POST","params":"","query":"","url":"/api/product/addFavorite"},"timestamp":"2024-01-13 22:36:43"}
{"level":"info","message":{"data":{"product_id":"5d7f6b0d-c255-453b-b3c9-55299a6d7762"},"model":"product/addFavorite"},"timestamp":"2024-01-13 22:36:43"}
{"level":"info","message":{"body":{"product_id":"5d7f6b0d-c255-453b-b3c9-55299a6d7762"},"method":"POST","params":"","query":"","url":"/api/product/addFavorite"},"timestamp":"2024-01-13 22:36:57"}
{"level":"info","message":{"data":{"product_id":"5d7f6b0d-c255-453b-b3c9-55299a6d7762"},"model":"product/addFavorite"},"timestamp":"2024-01-13 22:36:57"}
{"level":"info","message":{"body":"","method":"GET","params":{},"query":{},"url":"/api/comercio/getById/ae584ccd-b691-4619-aabf-7b15539743ee"},"timestamp":"2024-01-13 22:38:03"}
{"level":"info","message":{"body":"","method":"GET","params":{},"query":{},"url":"/api/comercio/getById/ae584ccd-b691-4619-aabf-7b15539743ee"},"timestamp":"2024-01-13 22:38:03"}
{"level":"info","message":{"body":"","method":"GET","params":{},"query":{},"url":"/api/comercio/getById/ae584ccd-b691-4619-aabf-7b15539743ee"},"timestamp":"2024-01-13 22:38:04"}
{"level":"info","message":{"body":"","method":"GET","params":{},"query":{},"url":"/api/comercio/getById/ae584ccd-b691-4619-aabf-7b15539743ee"},"timestamp":"2024-01-13 22:38:04"}
{"level":"info","message":{"body":"","method":"GET","params":{},"query":{},"url":"/api/comercio/getById/ae584ccd-b691-4619-aabf-7b15539743ee"},"timestamp":"2024-01-13 22:38:07"}
{"level":"info","message":{"body":"","method":"GET","params":{},"query":{},"url":"/api/comercio/getById/ae584ccd-b691-4619-aabf-7b15539743ee"},"timestamp":"2024-01-13 22:38:07"}
{"level":"info","message":{"body":"","method":"GET","params":{},"query":{},"url":"/api/comercio/getById/ae584ccd-b691-4619-aabf-7b15539743ee"},"timestamp":"2024-01-13 22:38:10"}
{"level":"info","message":{"body":"","method":"GET","params":{},"query":{},"url":"/api/comercio/getById/ae584ccd-b691-4619-aabf-7b15539743ee"},"timestamp":"2024-01-13 22:38:10"}
{"level":"info","message":{"body":"","method":"GET","params":{},"query":{},"url":"/api/comercio/getById/ae584ccd-b691-4619-aabf-7b15539743ee"},"timestamp":"2024-01-13 22:38:18"}
{"level":"info","message":{"body":"","method":"GET","params":{},"query":{},"url":"/api/comercio/getById/ae584ccd-b691-4619-aabf-7b15539743ee"},"timestamp":"2024-01-13 22:38:18"}
{"level":"info","message":{"body":"","method":"GET","params":{},"query":{},"url":"/api/comercio/getById/ae584ccd-b691-4619-aabf-7b15539743ee"},"timestamp":"2024-01-13 22:38:26"}
{"level":"info","message":{"body":"","method":"GET","params":{},"query":{},"url":"/api/comercio/getById/ae584ccd-b691-4619-aabf-7b15539743ee"},"timestamp":"2024-01-13 22:38:26"}
{"level":"info","message":{"body":"","method":"GET","params":{},"query":{},"url":"/api/comercio/getById/ae584ccd-b691-4619-aabf-7b15539743ee"},"timestamp":"2024-01-13 22:38:31"}
{"level":"info","message":{"body":"","method":"GET","params":{},"query":{},"url":"/api/comercio/getById/ae584ccd-b691-4619-aabf-7b15539743ee"},"timestamp":"2024-01-13 22:38:31"}
{"level":"info","message":{"body":"","method":"GET","params":{},"query":{},"url":"/api/comercio/getById/ae584ccd-b691-4619-aabf-7b15539743ee"},"timestamp":"2024-01-13 22:38:41"}
{"level":"info","message":{"body":"","method":"GET","params":{},"query":{},"url":"/api/comercio/getById/ae584ccd-b691-4619-aabf-7b15539743ee"},"timestamp":"2024-01-13 22:38:41"}
{"level":"info","message":{"body":"","method":"GET","params":{},"query":{},"url":"/api/comercio/getById/ae584ccd-b691-4619-aabf-7b15539743ee"},"timestamp":"2024-01-13 22:38:48"}
{"level":"info","message":{"body":"","method":"GET","params":{},"query":{},"url":"/api/comercio/getById/ae584ccd-b691-4619-aabf-7b15539743ee"},"timestamp":"2024-01-13 22:38:48"}
{"level":"info","message":{"body":"","method":"GET","params":{},"query":{},"url":"/api/comercio/getById/ae584ccd-b691-4619-aabf-7b15539743ee"},"timestamp":"2024-01-13 22:38:51"}
{"level":"info","message":{"body":"","method":"GET","params":{},"query":{},"url":"/api/comercio/getById/ae584ccd-b691-4619-aabf-7b15539743ee"},"timestamp":"2024-01-13 22:38:51"}
{"level":"info","message":{"body":"","method":"GET","params":{},"query":{},"url":"/api/comercio/getById/ae584ccd-b691-4619-aabf-7b15539743ee"},"timestamp":"2024-01-13 22:38:53"}
{"level":"info","message":{"body":"","method":"GET","params":{},"query":{},"url":"/api/comercio/getById/ae584ccd-b691-4619-aabf-7b15539743ee"},"timestamp":"2024-01-13 22:38:53"}
{"level":"info","message":{"body":"","method":"GET","params":{},"query":{},"url":"/api/comercio/getById/ae584ccd-b691-4619-aabf-7b15539743ee"},"timestamp":"2024-01-13 22:39:20"}
{"level":"info","message":{"body":"","method":"GET","params":{},"query":{},"url":"/api/comercio/getById/ae584ccd-b691-4619-aabf-7b15539743ee"},"timestamp":"2024-01-13 22:39:20"}
{"level":"info","message":{"body":"","method":"GET","params":{},"query":{},"url":"/api/comercio/getById/ae584ccd-b691-4619-aabf-7b15539743ee"},"timestamp":"2024-01-13 22:39:36"}
{"level":"info","message":{"body":"","method":"GET","params":{},"query":{},"url":"/api/comercio/getById/ae584ccd-b691-4619-aabf-7b15539743ee"},"timestamp":"2024-01-13 22:39:36"}
{"level":"info","message":{"body":"","method":"GET","params":{},"query":{},"url":"/api/comercio/getById/ae584ccd-b691-4619-aabf-7b15539743ee"},"timestamp":"2024-01-13 22:39:39"}
{"level":"info","message":{"body":"","method":"GET","params":{},"query":{},"url":"/api/comercio/getById/ae584ccd-b691-4619-aabf-7b15539743ee"},"timestamp":"2024-01-13 22:39:39"}
{"level":"info","message":{"body":"","method":"GET","params":{},"query":{},"url":"/api/comercio/getById/ae584ccd-b691-4619-aabf-7b15539743ee"},"timestamp":"2024-01-13 22:39:42"}
{"level":"info","message":{"body":"","method":"GET","params":{},"query":{},"url":"/api/comercio/getById/ae584ccd-b691-4619-aabf-7b15539743ee"},"timestamp":"2024-01-13 22:39:42"}
{"level":"info","message":{"body":"","method":"GET","params":{},"query":{},"url":"/api/comercio/getById/ae584ccd-b691-4619-aabf-7b15539743ee"},"timestamp":"2024-01-13 22:39:46"}
{"level":"info","message":{"body":"","method":"GET","params":{},"query":{},"url":"/api/comercio/getById/ae584ccd-b691-4619-aabf-7b15539743ee"},"timestamp":"2024-01-13 22:39:46"}
{"level":"info","message":{"body":"","method":"GET","params":{},"query":{},"url":"/api/comercio/getById/ae584ccd-b691-4619-aabf-7b15539743ee"},"timestamp":"2024-01-13 22:39:55"}
{"level":"info","message":{"body":"","method":"GET","params":{},"query":{},"url":"/api/comercio/getById/ae584ccd-b691-4619-aabf-7b15539743ee"},"timestamp":"2024-01-13 22:39:55"}
{"level":"info","message":{"body":"","method":"GET","params":{},"query":{},"url":"/api/comercio/getById/ae584ccd-b691-4619-aabf-7b15539743ee"},"timestamp":"2024-01-13 22:39:57"}
{"level":"info","message":{"body":"","method":"GET","params":{},"query":{},"url":"/api/comercio/getById/ae584ccd-b691-4619-aabf-7b15539743ee"},"timestamp":"2024-01-13 22:39:57"}
{"level":"info","message":{"body":"","method":"GET","params":{},"query":{},"url":"/api/comercio/getById/ae584ccd-b691-4619-aabf-7b15539743ee"},"timestamp":"2024-01-13 22:39:59"}
{"level":"info","message":{"body":"","method":"GET","params":{},"query":{},"url":"/api/comercio/getById/ae584ccd-b691-4619-aabf-7b15539743ee"},"timestamp":"2024-01-13 22:39:59"}
{"level":"info","message":{"body":"","method":"GET","params":{},"query":{},"url":"/api/comercio/getById/ae584ccd-b691-4619-aabf-7b15539743ee"},"timestamp":"2024-01-13 22:40:02"}
{"level":"info","message":{"body":"","method":"GET","params":{},"query":{},"url":"/api/comercio/getById/ae584ccd-b691-4619-aabf-7b15539743ee"},"timestamp":"2024-01-13 22:40:02"}
{"level":"info","message":{"body":"","method":"GET","params":{},"query":{},"url":"/api/comercio/getById/ae584ccd-b691-4619-aabf-7b15539743ee"},"timestamp":"2024-01-13 22:40:04"}
{"level":"info","message":{"body":"","method":"GET","params":{},"query":{},"url":"/api/comercio/getById/ae584ccd-b691-4619-aabf-7b15539743ee"},"timestamp":"2024-01-13 22:40:04"}
{"level":"info","message":{"body":"","method":"GET","params":{},"query":{},"url":"/api/comercio/getById/ae584ccd-b691-4619-aabf-7b15539743ee"},"timestamp":"2024-01-13 22:40:06"}
{"level":"info","message":{"body":"","method":"GET","params":{},"query":{},"url":"/api/comercio/getById/ae584ccd-b691-4619-aabf-7b15539743ee"},"timestamp":"2024-01-13 22:40:06"}
{"level":"info","message":{"body":"","method":"GET","params":{},"query":{},"url":"/api/comercio/getById/ae584ccd-b691-4619-aabf-7b15539743ee"},"timestamp":"2024-01-13 22:40:09"}
{"level":"info","message":{"body":"","method":"GET","params":{},"query":{},"url":"/api/comercio/getById/ae584ccd-b691-4619-aabf-7b15539743ee"},"timestamp":"2024-01-13 22:40:09"}
{"level":"info","message":{"body":"","method":"GET","params":{},"query":{},"url":"/api/comercio/getById/ae584ccd-b691-4619-aabf-7b15539743ee"},"timestamp":"2024-01-13 22:41:01"}
{"level":"info","message":{"body":"","method":"GET","params":{},"query":{},"url":"/api/comercio/getById/ae584ccd-b691-4619-aabf-7b15539743ee"},"timestamp":"2024-01-13 22:41:01"}
{"level":"info","message":{"body":{"product_id":"f12ea2e7-1a43-4b64-a0d8-f139245aa178"},"method":"POST","params":"","query":"","url":"/api/product/addFavorite"},"timestamp":"2024-01-13 22:41:28"}
{"level":"info","message":{"data":{"product_id":"f12ea2e7-1a43-4b64-a0d8-f139245aa178"},"model":"product/addFavorite"},"timestamp":"2024-01-13 22:41:28"}
{"level":"info","message":{"body":"","method":"GET","params":{},"query":{},"url":"/api/comercio/getById/ae584ccd-b691-4619-aabf-7b15539743ee"},"timestamp":"2024-01-13 22:44:01"}
{"level":"info","message":{"body":"","method":"GET","params":{},"query":{},"url":"/api/comercio/getById/ae584ccd-b691-4619-aabf-7b15539743ee"},"timestamp":"2024-01-13 22:44:01"}
{"level":"info","message":{"body":{"product_id":"b6857c73-619a-4245-94c4-1a104a2f0323"},"method":"POST","params":"","query":"","url":"/api/product/addFavorite"},"timestamp":"2024-01-13 22:44:18"}
{"level":"info","message":{"data":{"product_id":"b6857c73-619a-4245-94c4-1a104a2f0323"},"model":"product/addFavorite"},"timestamp":"2024-01-13 22:44:18"}
{"level":"info","message":{"body":"","method":"GET","params":{},"query":{},"url":"/api/comercio/getById/ae584ccd-b691-4619-aabf-7b15539743ee"},"timestamp":"2024-01-13 22:45:14"}
{"level":"info","message":{"body":"","method":"GET","params":{},"query":{},"url":"/api/comercio/getById/ae584ccd-b691-4619-aabf-7b15539743ee"},"timestamp":"2024-01-13 22:45:14"}
{"level":"info","message":{"body":"","method":"GET","params":{},"query":{},"url":"/api/comercio/getById/ae584ccd-b691-4619-aabf-7b15539743ee"},"timestamp":"2024-01-13 22:45:17"}
{"level":"info","message":{"body":"","method":"GET","params":{},"query":{},"url":"/api/comercio/getById/ae584ccd-b691-4619-aabf-7b15539743ee"},"timestamp":"2024-01-13 22:45:17"}
{"level":"info","message":{"body":"","method":"GET","params":{},"query":{},"url":"/api/comercio/getById/ae584ccd-b691-4619-aabf-7b15539743ee"},"timestamp":"2024-01-13 22:45:22"}
{"level":"info","message":{"body":"","method":"GET","params":{},"query":{},"url":"/api/comercio/getById/ae584ccd-b691-4619-aabf-7b15539743ee"},"timestamp":"2024-01-13 22:45:22"}
{"level":"info","message":{"body":"","method":"GET","params":{},"query":{},"url":"/api/comercio/getById/ae584ccd-b691-4619-aabf-7b15539743ee"},"timestamp":"2024-01-13 22:45:57"}
{"level":"info","message":{"body":"","method":"GET","params":{},"query":{},"url":"/api/comercio/getById/ae584ccd-b691-4619-aabf-7b15539743ee"},"timestamp":"2024-01-13 22:45:57"}
{"level":"info","message":{"body":"","method":"GET","params":{},"query":{},"url":"/api/comercio/getById/ae584ccd-b691-4619-aabf-7b15539743ee"},"timestamp":"2024-01-13 22:46:01"}
{"level":"info","message":{"body":"","method":"GET","params":{},"query":{},"url":"/api/comercio/getById/ae584ccd-b691-4619-aabf-7b15539743ee"},"timestamp":"2024-01-13 22:46:01"}
{"level":"info","message":{"body":"","method":"GET","params":{},"query":{},"url":"/api/comercio/getById/ae584ccd-b691-4619-aabf-7b15539743ee"},"timestamp":"2024-01-13 22:46:14"}
{"level":"info","message":{"body":"","method":"GET","params":{},"query":{},"url":"/api/comercio/getById/ae584ccd-b691-4619-aabf-7b15539743ee"},"timestamp":"2024-01-13 22:46:14"}
{"level":"info","message":{"body":{"product_id":"3ae922f7-a63a-4150-b3b1-6bd8cef5270e"},"method":"POST","params":"","query":"","url":"/api/product/addFavorite"},"timestamp":"2024-01-13 22:46:17"}
{"level":"info","message":{"data":{"product_id":"3ae922f7-a63a-4150-b3b1-6bd8cef5270e"},"model":"product/addFavorite"},"timestamp":"2024-01-13 22:46:17"}
{"level":"info","message":{"body":"","method":"GET","params":{},"query":{},"url":"/api/comercio/getById/ae584ccd-b691-4619-aabf-7b15539743ee"},"timestamp":"2024-01-13 22:48:33"}
{"level":"info","message":{"body":"","method":"GET","params":{},"query":{},"url":"/api/comercio/getById/ae584ccd-b691-4619-aabf-7b15539743ee"},"timestamp":"2024-01-13 22:48:33"}
{"level":"info","message":{"body":{"product_id":"88d259b4-425a-4204-862d-32d5f1f87e53"},"method":"POST","params":"","query":"","url":"/api/product/addFavorite"},"timestamp":"2024-01-13 22:48:40"}
{"level":"info","message":{"data":{"product_id":"88d259b4-425a-4204-862d-32d5f1f87e53"},"model":"product/addFavorite"},"timestamp":"2024-01-13 22:48:40"}
{"level":"info","message":{"body":{"product_id":"d4077359-bc96-49ef-9926-80b490538943"},"method":"POST","params":"","query":"","url":"/api/product/addFavorite"},"timestamp":"2024-01-13 22:49:31"}
{"level":"info","message":{"data":{"product_id":"d4077359-bc96-49ef-9926-80b490538943"},"model":"product/addFavorite"},"timestamp":"2024-01-13 22:49:31"}
{"level":"info","message":{"body":{"product_id":"5d7f6b0d-c255-453b-b3c9-55299a6d7762"},"method":"POST","params":"","query":"","url":"/api/product/addFavorite"},"timestamp":"2024-01-13 22:52:18"}
{"level":"info","message":{"data":{"product_id":"5d7f6b0d-c255-453b-b3c9-55299a6d7762"},"model":"product/addFavorite"},"timestamp":"2024-01-13 22:52:18"}
{"level":"info","message":{"body":"","method":"GET","params":{},"query":{},"url":"/api/comercio/getById/ae584ccd-b691-4619-aabf-7b15539743ee"},"timestamp":"2024-01-13 22:52:27"}
{"level":"info","message":{"body":"","method":"GET","params":{},"query":{},"url":"/api/comercio/getById/ae584ccd-b691-4619-aabf-7b15539743ee"},"timestamp":"2024-01-13 22:52:27"}
{"level":"info","message":{"body":"","method":"GET","params":{},"query":{},"url":"/api/comercio/getById/ae584ccd-b691-4619-aabf-7b15539743ee"},"timestamp":"2024-01-13 23:13:56"}
{"level":"info","message":{"body":"","method":"GET","params":{},"query":{},"url":"/api/comercio/getById/ae584ccd-b691-4619-aabf-7b15539743ee"},"timestamp":"2024-01-13 23:13:56"}
{"level":"info","message":{"body":"","method":"GET","params":{},"query":{},"url":"/api/comercio/getById/ae584ccd-b691-4619-aabf-7b15539743ee"},"timestamp":"2024-01-13 23:13:58"}
{"level":"info","message":{"body":"","method":"GET","params":{},"query":{},"url":"/api/comercio/getById/ae584ccd-b691-4619-aabf-7b15539743ee"},"timestamp":"2024-01-13 23:13:58"}
{"level":"info","message":{"body":"","method":"GET","params":{},"query":{},"url":"/api/comercio/getById/ae584ccd-b691-4619-aabf-7b15539743ee"},"timestamp":"2024-01-13 23:14:03"}
{"level":"info","message":{"body":"","method":"GET","params":{},"query":{},"url":"/api/comercio/getById/ae584ccd-b691-4619-aabf-7b15539743ee"},"timestamp":"2024-01-13 23:14:03"}
{"level":"info","message":{"body":"","method":"GET","params":{},"query":{},"url":"/api/comercio/getById/ae584ccd-b691-4619-aabf-7b15539743ee"},"timestamp":"2024-01-13 23:17:54"}
{"level":"info","message":{"body":"","method":"GET","params":{},"query":{},"url":"/api/comercio/getById/ae584ccd-b691-4619-aabf-7b15539743ee"},"timestamp":"2024-01-13 23:17:55"}
{"level":"info","message":{"body":"","method":"GET","params":{},"query":{},"url":"/api/comercio/getById/ae584ccd-b691-4619-aabf-7b15539743ee"},"timestamp":"2024-01-13 23:18:01"}
{"level":"info","message":{"body":"","method":"GET","params":{},"query":{},"url":"/api/comercio/getById/ae584ccd-b691-4619-aabf-7b15539743ee"},"timestamp":"2024-01-13 23:18:01"}
{"level":"info","message":{"body":{"product_id":"3ae922f7-a63a-4150-b3b1-6bd8cef5270e"},"method":"POST","params":"","query":"","url":"/api/product/addFavorite"},"timestamp":"2024-01-13 23:18:16"}
{"level":"info","message":{"data":{"product_id":"3ae922f7-a63a-4150-b3b1-6bd8cef5270e"},"model":"product/addFavorite"},"timestamp":"2024-01-13 23:18:16"}
{"level":"info","message":{"body":{"product_id":"f12ea2e7-1a43-4b64-a0d8-f139245aa178"},"method":"POST","params":"","query":"","url":"/api/product/addFavorite"},"timestamp":"2024-01-13 23:18:29"}
{"level":"info","message":{"data":{"product_id":"f12ea2e7-1a43-4b64-a0d8-f139245aa178"},"model":"product/addFavorite"},"timestamp":"2024-01-13 23:18:29"}
{"level":"info","message":{"body":{"product_id":"b6857c73-619a-4245-94c4-1a104a2f0323"},"method":"POST","params":"","query":"","url":"/api/product/addFavorite"},"timestamp":"2024-01-13 23:25:39"}
{"level":"info","message":{"data":{"product_id":"b6857c73-619a-4245-94c4-1a104a2f0323"},"model":"product/addFavorite"},"timestamp":"2024-01-13 23:25:39"}
{"level":"info","message":{"body":"","method":"GET","params":{},"query":{},"url":"/api/comercio/getById/ae584ccd-b691-4619-aabf-7b15539743ee"},"timestamp":"2024-01-13 23:25:49"}
{"level":"info","message":{"body":"","method":"GET","params":{},"query":{},"url":"/api/comercio/getById/ae584ccd-b691-4619-aabf-7b15539743ee"},"timestamp":"2024-01-13 23:25:49"}
{"level":"info","message":{"body":{"product_id":"5d7f6b0d-c255-453b-b3c9-55299a6d7762"},"method":"POST","params":"","query":"","url":"/api/product/addFavorite"},"timestamp":"2024-01-13 23:25:52"}
{"level":"info","message":{"data":{"product_id":"5d7f6b0d-c255-453b-b3c9-55299a6d7762"},"model":"product/addFavorite"},"timestamp":"2024-01-13 23:25:52"}
{"level":"info","message":{"body":{"product_id":"b6857c73-619a-4245-94c4-1a104a2f0323"},"method":"POST","params":"","query":"","url":"/api/product/addFavorite"},"timestamp":"2024-01-13 23:25:56"}
{"level":"info","message":{"data":{"product_id":"b6857c73-619a-4245-94c4-1a104a2f0323"},"model":"product/addFavorite"},"timestamp":"2024-01-13 23:25:56"}
{"level":"info","message":{"body":{"product_id":"d4077359-bc96-49ef-9926-80b490538943"},"method":"POST","params":"","query":"","url":"/api/product/addFavorite"},"timestamp":"2024-01-13 23:26:20"}
{"level":"info","message":{"data":{"product_id":"d4077359-bc96-49ef-9926-80b490538943"},"model":"product/addFavorite"},"timestamp":"2024-01-13 23:26:20"}
{"level":"info","message":{"body":{"product_id":"83100d34-62d4-43a8-8134-c974a5dd603a"},"method":"POST","params":"","query":"","url":"/api/product/addFavorite"},"timestamp":"2024-01-13 23:28:01"}
{"level":"info","message":{"data":{"product_id":"83100d34-62d4-43a8-8134-c974a5dd603a"},"model":"product/addFavorite"},"timestamp":"2024-01-13 23:28:01"}
{"level":"info","message":{"body":{"product_id":"f12ea2e7-1a43-4b64-a0d8-f139245aa178"},"method":"POST","params":"","query":"","url":"/api/product/addFavorite"},"timestamp":"2024-01-13 23:33:55"}
{"level":"info","message":{"data":{"product_id":"f12ea2e7-1a43-4b64-a0d8-f139245aa178"},"model":"product/addFavorite"},"timestamp":"2024-01-13 23:33:55"}
{"level":"info","message":{"body":{"product_id":"3ae922f7-a63a-4150-b3b1-6bd8cef5270e"},"method":"POST","params":"","query":"","url":"/api/product/addFavorite"},"timestamp":"2024-01-13 23:38:06"}
{"level":"info","message":{"data":{"product_id":"3ae922f7-a63a-4150-b3b1-6bd8cef5270e"},"model":"product/addFavorite"},"timestamp":"2024-01-13 23:38:07"}
{"level":"info","message":{"body":{"product_id":"7c46cef8-ded3-4cf6-880d-6271763fea08"},"method":"POST","params":"","query":"","url":"/api/product/addFavorite"},"timestamp":"2024-01-13 23:38:40"}
{"level":"info","message":{"data":{"product_id":"7c46cef8-ded3-4cf6-880d-6271763fea08"},"model":"product/addFavorite"},"timestamp":"2024-01-13 23:38:40"}
{"level":"info","message":{"body":{"product_id":"9836e567-7068-46b5-9d1e-e8662ffa0468"},"method":"POST","params":"","query":"","url":"/api/product/addFavorite"},"timestamp":"2024-01-13 23:39:09"}
{"level":"info","message":{"data":{"product_id":"9836e567-7068-46b5-9d1e-e8662ffa0468"},"model":"product/addFavorite"},"timestamp":"2024-01-13 23:39:09"}
{"level":"info","message":{"body":"","method":"GET","params":{},"query":{},"url":"/api/comercio/getById/ae584ccd-b691-4619-aabf-7b15539743ee"},"timestamp":"2024-01-13 23:41:00"}
{"level":"info","message":{"body":"","method":"GET","params":{},"query":{},"url":"/api/comercio/getById/ae584ccd-b691-4619-aabf-7b15539743ee"},"timestamp":"2024-01-13 23:41:00"}
{"level":"info","message":{"body":{"product_id":"88d259b4-425a-4204-862d-32d5f1f87e53"},"method":"POST","params":"","query":"","url":"/api/product/addFavorite"},"timestamp":"2024-01-13 23:41:02"}
{"level":"info","message":{"data":{"product_id":"88d259b4-425a-4204-862d-32d5f1f87e53"},"model":"product/addFavorite"},"timestamp":"2024-01-13 23:41:02"}
{"level":"info","message":{"body":{"product_id":"a6753673-9c78-461a-994d-85e264be78d9"},"method":"POST","params":"","query":"","url":"/api/product/addFavorite"},"timestamp":"2024-01-13 23:41:28"}
{"level":"info","message":{"data":{"product_id":"a6753673-9c78-461a-994d-85e264be78d9"},"model":"product/addFavorite"},"timestamp":"2024-01-13 23:41:29"}
{"level":"info","message":"API listening port 3005","timestamp":"2024-01-14 06:38:42"}
{"level":"info","message":"Connected to Database","timestamp":"2024-01-14 06:38:42"}
{"level":"info","message":{"body":"","method":"GET","params":{},"query":{},"url":"/api/comercio/getById/ae584ccd-b691-4619-aabf-7b15539743ee"},"timestamp":"2024-01-14 06:46:30"}
{"level":"info","message":{"body":"","method":"GET","params":{},"query":{},"url":"/api/comercio/getById/ae584ccd-b691-4619-aabf-7b15539743ee"},"timestamp":"2024-01-14 06:46:30"}
