{"level":"info","message":"API listening port 3005","timestamp":"2023-12-24 20:47:32"}
{"level":"info","message":"Connected to Database","timestamp":"2023-12-24 20:47:33"}
{"level":"info","message":{"body":{"email":"taoQuispe@gmial.com","password":"957902342"},"method":"POST","params":"","query":"","url":"/api/user/validate"},"timestamp":"2023-12-24 20:49:35"}
{"level":"info","message":{"body":"","method":"GET","params":{},"query":{},"url":"/api/comercio/getByPersonId/41c3c221-4738-4206-8fa8-053a73fe043d"},"timestamp":"2023-12-24 20:49:37"}
{"level":"info","message":{"body":"","method":"GET","params":{},"query":{},"url":"/api/comercio/getByPersonId/41c3c221-4738-4206-8fa8-053a73fe043d"},"timestamp":"2023-12-24 20:49:37"}
{"level":"info","message":{"body":"","method":"GET","params":{},"query":{},"url":"/api/comercio/getByPersonId/41c3c221-4738-4206-8fa8-053a73fe043d"},"timestamp":"2023-12-24 20:51:01"}
{"level":"info","message":{"body":{"email":"taoQuispe@gmial.com","password":"957902342"},"method":"POST","params":"","query":"","url":"/api/user/validate"},"timestamp":"2023-12-24 20:51:04"}
{"level":"info","message":{"body":"","method":"GET","params":{},"query":{},"url":"/api/comercio/getByPersonId/41c3c221-4738-4206-8fa8-053a73fe043d"},"timestamp":"2023-12-24 20:51:04"}
{"level":"info","message":{"body":"","method":"GET","params":{},"query":{},"url":"/api/comercio/getByPersonId/41c3c221-4738-4206-8fa8-053a73fe043d"},"timestamp":"2023-12-24 20:51:04"}
{"level":"info","message":{"body":"","method":"GET","params":{},"query":{},"url":"/api/comercio/getByPersonId/41c3c221-4738-4206-8fa8-053a73fe043d"},"timestamp":"2023-12-24 20:51:07"}
{"level":"info","message":{"body":"","method":"GET","params":{},"query":{},"url":"/api/comercio/getById/ae584ccd-b691-4619-aabf-7b15539743ee"},"timestamp":"2023-12-24 21:07:06"}
{"level":"info","message":{"body":"","method":"GET","params":{},"query":{},"url":"/api/comercio/getById/ae584ccd-b691-4619-aabf-7b15539743ee"},"timestamp":"2023-12-24 21:07:06"}
{"level":"info","message":{"body":"","method":"GET","params":{},"query":{},"url":"/api/product/getAllByRestaurantId/e2b6bc80-ef0b-4d50-9974-ef8ada8a4a51"},"timestamp":"2023-12-24 21:07:06"}
{"level":"info","message":{"data":{},"model":"product/getAllByRestaurantId"},"timestamp":"2023-12-24 21:07:06"}
{"level":"info","message":{"body":"","method":"GET","params":{},"query":{},"url":"/api/product/getAllByRestaurantId/e2b6bc80-ef0b-4d50-9974-ef8ada8a4a51"},"timestamp":"2023-12-24 21:07:07"}
{"level":"info","message":{"data":{},"model":"product/getAllByRestaurantId"},"timestamp":"2023-12-24 21:07:07"}
{"level":"info","message":{"body":"","method":"GET","params":{},"query":{},"url":"/api/product/getAllByRestaurantId/e2b6bc80-ef0b-4d50-9974-ef8ada8a4a51"},"timestamp":"2023-12-24 23:15:41"}
{"level":"info","message":{"data":{},"model":"product/getAllByRestaurantId"},"timestamp":"2023-12-24 23:15:41"}
{"level":"info","message":{"body":"","method":"GET","params":{},"query":{},"url":"/api/product/getAllByRestaurantId/e2b6bc80-ef0b-4d50-9974-ef8ada8a4a51"},"timestamp":"2023-12-24 23:15:41"}
{"level":"info","message":{"data":{},"model":"product/getAllByRestaurantId"},"timestamp":"2023-12-24 23:15:41"}
{"level":"info","message":{"body":{"comercio":{"category":[{"classe":"original","description":"El sandwich: la única tentación que hará que rompas tus creencias sin pensarlo dos veces.","id":"388bd978-69a6-4c2d-913a-8dd6a576f684","img":"http://res.cloudinary.com/dzfg8xnxn/image/upload/v1701519630/lddr7jztvpqemhcujrqn.jpg","name":"Sopas","order":1,"products":[{"description":"Description12","favorite":0,"id":"3ae922f7-a63a-4150-b3b1-6bd8cef5270e","img":"http://res.cloudinary.com/dzfg8xnxn/image/upload/v1702080908/fxxlw7ceubl9omlkm6i5.jpg","ingredients":[{"id":"f6061406-35f4-4b57-a2df-a13e4dfa7383","name":"Alexander"},{"id":"271c982b-8084-43ca-9ee1-d04c34da7f5f","name":"Alexjjjjj"},{"id":"afef41f7-8e8b-4704-abad-b96fe1a21261","name":"ttguhhjuju"}],"name":"Abad","price":25555},{"description":"NuevoPordicuot","favorite":0,"id":"88d259b4-425a-4204-862d-32d5f1f87e53","img":"http://res.cloudinary.com/dzfg8xnxn/image/upload/v1702867529/mfbg5orwi5kjo77hfkrl.jpg","ingredients":null,"name":"EstProdcuto","price":96325},{"description":"La cocina de autor es poner tu personalidad en lo que haces y ese sentimiento la convierte en algo distinto.","favorite":55,"id":"5d7f6b0d-c255-453b-b3c9-55299a6d7762","img":"https://res.cloudinary.com/dzfg8xnxn/image/upload/v1701317902/rlmfwcjwkmvkiedgr9bc.jpg","ingredients":[{"id":"10de577d-1535-4246-8074-356c0dfecb02","name":"sal"},{"id":"f73a476d-4823-41d0-81af-b0d10b1c1ecf","name":"aceite"},{"id":"8e36d88b-21da-44a8-8b7b-ee1bf2dbc67e","name":"limon"},{"id":"0be215d0-4802-47d6-a2ad-deab1f69083e","name":"ajo"}],"name":"Mayo","price":5000},{"description":"description13","favorite":0,"id":"d4077359-bc96-49ef-9926-80b490538943","img":"http://res.cloudinary.com/dzfg8xnxn/image/upload/v1702079675/gtstgknfxybbrfe2fgeu.jpg","ingredients":[{"id":"fdf2d32e-466b-47c9-bc07-f966eea62925","name":"mayo"},{"id":"4540d640-9fe4-4f8e-99ad-19a5904a6d07","name":"zapñlao"},{"id":"e188ba50-1baa-4deb-a8b5-97eccf99cf21","name":"legucha"},{"id":"1aafe395-6b7e-4d9d-b2b7-e5295411ce86","name":"cebolla"},{"id":"27a52277-23f2-400d-94ba-61980f083ee1","name":"pimenton"}],"name":"producto13","price":25544},{"description":"Description12","favorite":0,"id":"f12ea2e7-1a43-4b64-a0d8-f139245aa178","img":"http://res.cloudinary.com/dzfg8xnxn/image/upload/v1702867083/gmpj0usvbtsczhwzwl9d.jpg","ingredients":null,"name":"AbadPorducto","price":8235555}]},{"classe":"ofert","description":"El sandwich: la única tentación que hará que rompas tus creencias sin pensarlo dos veces.","id":"5f0197be-2a05-476b-8d5a-d759b025442e","img":"http://res.cloudinary.com/dzfg8xnxn/image/upload/v1701388755/ej1dnberlfdlxn6dscbo.jpg","name":"Principal","order":2,"products":[{"description":"La cocina de autor es poner tu personalidad en lo que haces y ese sentimiento la convierte en algo distinto.","favorite":525,"id":"b6857c73-619a-4245-94c4-1a104a2f0323","img":"https://res.cloudinary.com/dzfg8xnxn/image/upload/v1701317902/rlmfwcjwkmvkiedgr9bc.jpg","ingredients":null,"name":"Cazuela de vacuno","price":6500},{"description":"La cocina de autor es poner tu personalidad en lo que haces y ese sentimiento la convierte en algo distinto.","favorite":55,"id":"5d7f6b0d-c255-453b-b3c9-55299a6d7762","img":"https://res.cloudinary.com/dzfg8xnxn/image/upload/v1701317902/rlmfwcjwkmvkiedgr9bc.jpg","ingredients":[{"id":"10de577d-1535-4246-8074-356c0dfecb02","name":"sal"},{"id":"f73a476d-4823-41d0-81af-b0d10b1c1ecf","name":"aceite"},{"id":"8e36d88b-21da-44a8-8b7b-ee1bf2dbc67e","name":"limon"},{"id":"0be215d0-4802-47d6-a2ad-deab1f69083e","name":"ajo"}],"name":"Mayo","price":5000},{"description":"description13","favorite":0,"id":"d4077359-bc96-49ef-9926-80b490538943","img":"http://res.cloudinary.com/dzfg8xnxn/image/upload/v1702079675/gtstgknfxybbrfe2fgeu.jpg","ingredients":[{"id":"fdf2d32e-466b-47c9-bc07-f966eea62925","name":"mayo"},{"id":"4540d640-9fe4-4f8e-99ad-19a5904a6d07","name":"zapñlao"},{"id":"e188ba50-1baa-4deb-a8b5-97eccf99cf21","name":"legucha"},{"id":"1aafe395-6b7e-4d9d-b2b7-e5295411ce86","name":"cebolla"},{"id":"27a52277-23f2-400d-94ba-61980f083ee1","name":"pimenton"}],"name":"producto13","price":25544},{"description":"Description12","favorite":0,"id":"f12ea2e7-1a43-4b64-a0d8-f139245aa178","img":"http://res.cloudinary.com/dzfg8xnxn/image/upload/v1702867083/gmpj0usvbtsczhwzwl9d.jpg","ingredients":null,"name":"AbadPorducto","price":8235555},{"description":"Description12","favorite":0,"id":"3ae922f7-a63a-4150-b3b1-6bd8cef5270e","img":"http://res.cloudinary.com/dzfg8xnxn/image/upload/v1702080908/fxxlw7ceubl9omlkm6i5.jpg","ingredients":[{"id":"f6061406-35f4-4b57-a2df-a13e4dfa7383","name":"Alexander"},{"id":"271c982b-8084-43ca-9ee1-d04c34da7f5f","name":"Alexjjjjj"},{"id":"afef41f7-8e8b-4704-abad-b96fe1a21261","name":"ttguhhjuju"}],"name":"Abad","price":25555}]},{"classe":"original","description":"El sandwich: la única tentación que hará que rompas tus creencias sin pensarlo dos veces.","id":"e4065c1e-e993-4b55-8d13-7b217d0136cf","img":"http://res.cloudinary.com/dzfg8xnxn/image/upload/v1701450797/yiqmzxcpj990qfqubqzv.png","name":"Completos","order":3,"products":[{"description":"La cocina de autor es poner tu personalidad en lo que haces y ese sentimiento la convierte en algo distinto.","favorite":55,"id":"5d7f6b0d-c255-453b-b3c9-55299a6d7762","img":"https://res.cloudinary.com/dzfg8xnxn/image/upload/v1701317902/rlmfwcjwkmvkiedgr9bc.jpg","ingredients":[{"id":"10de577d-1535-4246-8074-356c0dfecb02","name":"sal"},{"id":"f73a476d-4823-41d0-81af-b0d10b1c1ecf","name":"aceite"},{"id":"8e36d88b-21da-44a8-8b7b-ee1bf2dbc67e","name":"limon"},{"id":"0be215d0-4802-47d6-a2ad-deab1f69083e","name":"ajo"}],"name":"Mayo","price":5000},{"description":"Description12","favorite":0,"id":"3ae922f7-a63a-4150-b3b1-6bd8cef5270e","img":"http://res.cloudinary.com/dzfg8xnxn/image/upload/v1702080908/fxxlw7ceubl9omlkm6i5.jpg","ingredients":[{"id":"f6061406-35f4-4b57-a2df-a13e4dfa7383","name":"Alexander"},{"id":"271c982b-8084-43ca-9ee1-d04c34da7f5f","name":"Alexjjjjj"},{"id":"afef41f7-8e8b-4704-abad-b96fe1a21261","name":"ttguhhjuju"}],"name":"Abad","price":25555},{"description":"Description12","favorite":0,"id":"f12ea2e7-1a43-4b64-a0d8-f139245aa178","img":"http://res.cloudinary.com/dzfg8xnxn/image/upload/v1702867083/gmpj0usvbtsczhwzwl9d.jpg","ingredients":null,"name":"AbadPorducto","price":8235555},{"description":"Description12","favorite":0,"id":"83100d34-62d4-43a8-8134-c974a5dd603a","img":"http://res.cloudinary.com/dzfg8xnxn/image/upload/v1702867752/ejwpd8pnxxscc0c1jsy6.jpg","ingredients":[{"id":"cc80d833-d691-4a6d-9e2f-e62578e19dda","name":"Matias"},{"id":"097f18fa-ab9e-4a98-9363-fb38caf883a3","name":"Matias"},{"id":"bc67b716-a86a-46f6-8f95-04766a54f66c","name":"Abad"}],"name":"NuevoProdutoConI","price":82351}]},{"classe":"original","description":"El sandwich: la única tentación que hará que rompas tus creencias sin pensarlo dos veces.","id":"ac386470-551e-4ca2-b474-aa5776f863d5","img":"http://res.cloudinary.com/dzfg8xnxn/image/upload/v1701450797/yiqmzxcpj990qfqubqzv.png","name":"Sandwich","order":4,"products":[{"description":"La cocina de autor es poner tu personalidad en lo que haces y ese sentimiento la convierte en algo distinto.","favorite":55,"id":"5d7f6b0d-c255-453b-b3c9-55299a6d7762","img":"https://res.cloudinary.com/dzfg8xnxn/image/upload/v1701317902/rlmfwcjwkmvkiedgr9bc.jpg","ingredients":[{"id":"10de577d-1535-4246-8074-356c0dfecb02","name":"sal"},{"id":"f73a476d-4823-41d0-81af-b0d10b1c1ecf","name":"aceite"},{"id":"8e36d88b-21da-44a8-8b7b-ee1bf2dbc67e","name":"limon"},{"id":"0be215d0-4802-47d6-a2ad-deab1f69083e","name":"ajo"}],"name":"Mayo","price":5000},{"description":"Description12","favorite":0,"id":"a6753673-9c78-461a-994d-85e264be78d9","img":"http://res.cloudinary.com/dzfg8xnxn/image/upload/v1702864587/fxc5hyv9vpyf0zefb9ac.jpg","ingredients":[{"id":"d47d60d9-f26f-43ef-a6fb-fe27ec17bdf5","name":"Abad"},{"id":"8dbe3f00-aeb7-4d82-a603-75b3963d207f","name":"Alexander"}],"name":"Benjas","price":24100},{"description":"Description12","favorite":0,"id":"83100d34-62d4-43a8-8134-c974a5dd603a","img":"http://res.cloudinary.com/dzfg8xnxn/image/upload/v1702867752/ejwpd8pnxxscc0c1jsy6.jpg","ingredients":[{"id":"cc80d833-d691-4a6d-9e2f-e62578e19dda","name":"Matias"},{"id":"097f18fa-ab9e-4a98-9363-fb38caf883a3","name":"Matias"},{"id":"bc67b716-a86a-46f6-8f95-04766a54f66c","name":"Abad"}],"name":"NuevoProdutoConI","price":82351}]},{"classe":"ofert","description":"Colaciones solo hoy","id":"53a4e195-2c80-49f5-84d0-2f7bd13e43be","img":"http://res.cloudinary.com/dzfg8xnxn/image/upload/v1702796812/iahgg41errh4otuuilla.jpg","name":"Oferta !! Solo hoy","order":5,"products":[{"description":"La cocina de autor es poner tu personalidad en lo que haces y ese sentimiento la convierte en algo distinto.","favorite":855,"id":"9836e567-7068-46b5-9d1e-e8662ffa0468","img":"https://res.cloudinary.com/dzfg8xnxn/image/upload/v1701317902/rlmfwcjwkmvkiedgr9bc.jpg","ingredients":[{"id":"a937e4b8-bc00-415c-a1bd-de5943004448","name":"Carne de vacuno"},{"id":"aed812b6-f0d4-4e5a-a913-b729787b227c","name":"Poroto verde"},{"id":"2ebca95f-ed6d-4638-9fa5-4f2aae6b6d7b","name":"Zapallo"},{"id":"d2a3ad70-15ab-4ded-8bf5-551a6ee1f59f","name":"choclo"}],"name":"Cazuela","price":5000},{"description":"description13","favorite":0,"id":"d4077359-bc96-49ef-9926-80b490538943","img":"http://res.cloudinary.com/dzfg8xnxn/image/upload/v1702079675/gtstgknfxybbrfe2fgeu.jpg","ingredients":[{"id":"fdf2d32e-466b-47c9-bc07-f966eea62925","name":"mayo"},{"id":"4540d640-9fe4-4f8e-99ad-19a5904a6d07","name":"zapñlao"},{"id":"e188ba50-1baa-4deb-a8b5-97eccf99cf21","name":"legucha"},{"id":"1aafe395-6b7e-4d9d-b2b7-e5295411ce86","name":"cebolla"},{"id":"27a52277-23f2-400d-94ba-61980f083ee1","name":"pimenton"}],"name":"producto13","price":25544},{"description":"Zapallo con queso gratinado al horno","favorite":0,"id":"7c46cef8-ded3-4cf6-880d-6271763fea08","img":"http://res.cloudinary.com/dzfg8xnxn/image/upload/v1702790436/bjqo1ndyijnwifoaym0t.jpg","ingredients":[{"id":"25e2da1b-3d3a-4b1f-8c52-0639396e7ff5","name":"Zapallo"},{"id":"7712893e-9508-489f-955e-cd14c3830d86","name":"Queso"},{"id":"4552aafd-6ba5-42af-bbd9-f94f5294cf74","name":"Carne molida"}],"name":"Zapallo relleno","price":5000}]}],"comercio":{"date":"2012-12-12T00:00:00","id":"ae584ccd-b691-4619-aabf-7b15539743ee"},"person":{"email":"taoQuispe@gmial.com","id":"41c3c221-4738-4206-8fa8-053a73fe043d","maternalLastName":"Maquito","name":"Tao","paternalLastName":"Montero","phone":"957902342"},"restaurant":{"address":"Rivas 820","close":"6:00","comercio_id":"ae584ccd-b691-4619-aabf-7b15539743ee","distric":"Santiago","email":"dellis@gmial.com","id":"e2b6bc80-ef0b-4d50-9974-ef8ada8a4a51","logo":"https://img.freepik.com/vector-gratis/vector-degradado-logotipo-colorido-pajaro_343694-1365.jpg","name":"Startup","open":"8:00","phone":"957902342","web":"www-dellis.com","wifi":"true"},"user":{"id":"086cab4f-e4ca-4c35-b56e-416a86ad13cd","person_id":"41c3c221-4738-4206-8fa8-053a73fe043d"}}},"method":"POST","params":"","query":"","url":"/api/comercio/updateCategoryProduct"},"timestamp":"2023-12-24 23:15:50"}
{"level":"info","message":{"body":"","method":"GET","params":{},"query":{},"url":"/api/comercio/getByPersonId/41c3c221-4738-4206-8fa8-053a73fe043d"},"timestamp":"2023-12-24 23:20:16"}
{"level":"info","message":{"body":"","method":"GET","params":{},"query":{},"url":"/api/comercio/getByPersonId/41c3c221-4738-4206-8fa8-053a73fe043d"},"timestamp":"2023-12-24 23:20:16"}
{"level":"info","message":{"body":"","method":"GET","params":{},"query":{},"url":"/api/product/getAllByRestaurantId/e2b6bc80-ef0b-4d50-9974-ef8ada8a4a51"},"timestamp":"2023-12-24 23:20:19"}
{"level":"info","message":{"data":{},"model":"product/getAllByRestaurantId"},"timestamp":"2023-12-24 23:20:19"}
{"level":"info","message":{"body":"","method":"GET","params":{},"query":{},"url":"/api/product/getAllByRestaurantId/e2b6bc80-ef0b-4d50-9974-ef8ada8a4a51"},"timestamp":"2023-12-24 23:20:19"}
{"level":"info","message":{"data":{},"model":"product/getAllByRestaurantId"},"timestamp":"2023-12-24 23:20:19"}
{"level":"info","message":{"body":"","method":"GET","params":{},"query":{},"url":"/api/comercio/getById/ae584ccd-b691-4619-aabf-7b15539743ee"},"timestamp":"2023-12-24 23:22:51"}
{"level":"info","message":{"body":"","method":"GET","params":{},"query":{},"url":"/api/comercio/getById/ae584ccd-b691-4619-aabf-7b15539743ee"},"timestamp":"2023-12-24 23:22:51"}
{"level":"info","message":{"body":"","method":"GET","params":{},"query":{},"url":"/api/product/getAllByRestaurantId/e2b6bc80-ef0b-4d50-9974-ef8ada8a4a51"},"timestamp":"2023-12-24 23:22:52"}
{"level":"info","message":{"data":{},"model":"product/getAllByRestaurantId"},"timestamp":"2023-12-24 23:22:52"}
{"level":"info","message":{"body":"","method":"GET","params":{},"query":{},"url":"/api/product/getAllByRestaurantId/e2b6bc80-ef0b-4d50-9974-ef8ada8a4a51"},"timestamp":"2023-12-24 23:22:52"}
{"level":"info","message":{"data":{},"model":"product/getAllByRestaurantId"},"timestamp":"2023-12-24 23:22:52"}
{"level":"info","message":{"body":"","method":"GET","params":{},"query":{},"url":"/api/comercio/getById/ae584ccd-b691-4619-aabf-7b15539743ee"},"timestamp":"2023-12-24 23:23:11"}
{"level":"info","message":{"body":"","method":"GET","params":{},"query":{},"url":"/api/comercio/getById/ae584ccd-b691-4619-aabf-7b15539743ee"},"timestamp":"2023-12-24 23:23:11"}
{"level":"info","message":{"body":"","method":"GET","params":{},"query":{},"url":"/api/product/getAllByRestaurantId/e2b6bc80-ef0b-4d50-9974-ef8ada8a4a51"},"timestamp":"2023-12-24 23:23:11"}
{"level":"info","message":{"data":{},"model":"product/getAllByRestaurantId"},"timestamp":"2023-12-24 23:23:11"}
{"level":"info","message":{"body":"","method":"GET","params":{},"query":{},"url":"/api/product/getAllByRestaurantId/e2b6bc80-ef0b-4d50-9974-ef8ada8a4a51"},"timestamp":"2023-12-24 23:23:11"}
{"level":"info","message":{"data":{},"model":"product/getAllByRestaurantId"},"timestamp":"2023-12-24 23:23:11"}
{"level":"info","message":{"body":"","method":"GET","params":{},"query":{},"url":"/api/comercio/getById/ae584ccd-b691-4619-aabf-7b15539743ee"},"timestamp":"2023-12-24 23:26:11"}
{"level":"info","message":{"body":"","method":"GET","params":{},"query":{},"url":"/api/comercio/getById/ae584ccd-b691-4619-aabf-7b15539743ee"},"timestamp":"2023-12-24 23:26:11"}
{"level":"info","message":{"body":"","method":"GET","params":{},"query":{},"url":"/api/product/getAllByRestaurantId/e2b6bc80-ef0b-4d50-9974-ef8ada8a4a51"},"timestamp":"2023-12-24 23:26:11"}
{"level":"info","message":{"data":{},"model":"product/getAllByRestaurantId"},"timestamp":"2023-12-24 23:26:11"}
{"level":"info","message":{"body":"","method":"GET","params":{},"query":{},"url":"/api/product/getAllByRestaurantId/e2b6bc80-ef0b-4d50-9974-ef8ada8a4a51"},"timestamp":"2023-12-24 23:26:11"}
{"level":"info","message":{"data":{},"model":"product/getAllByRestaurantId"},"timestamp":"2023-12-24 23:26:11"}
{"level":"info","message":{"body":"","method":"GET","params":{},"query":{},"url":"/api/comercio/getById/ae584ccd-b691-4619-aabf-7b15539743ee"},"timestamp":"2023-12-24 23:26:15"}
{"level":"info","message":{"body":"","method":"GET","params":{},"query":{},"url":"/api/comercio/getById/ae584ccd-b691-4619-aabf-7b15539743ee"},"timestamp":"2023-12-24 23:26:15"}
{"level":"info","message":{"body":"","method":"GET","params":{},"query":{},"url":"/api/product/getAllByRestaurantId/e2b6bc80-ef0b-4d50-9974-ef8ada8a4a51"},"timestamp":"2023-12-24 23:26:15"}
{"level":"info","message":{"data":{},"model":"product/getAllByRestaurantId"},"timestamp":"2023-12-24 23:26:15"}
{"level":"info","message":{"body":"","method":"GET","params":{},"query":{},"url":"/api/product/getAllByRestaurantId/e2b6bc80-ef0b-4d50-9974-ef8ada8a4a51"},"timestamp":"2023-12-24 23:26:15"}
{"level":"info","message":{"data":{},"model":"product/getAllByRestaurantId"},"timestamp":"2023-12-24 23:26:15"}
{"level":"info","message":{"body":"","method":"GET","params":{},"query":{},"url":"/api/comercio/getById/ae584ccd-b691-4619-aabf-7b15539743ee"},"timestamp":"2023-12-24 23:26:18"}
{"level":"info","message":{"body":"","method":"GET","params":{},"query":{},"url":"/api/comercio/getById/ae584ccd-b691-4619-aabf-7b15539743ee"},"timestamp":"2023-12-24 23:26:18"}
{"level":"info","message":{"body":"","method":"GET","params":{},"query":{},"url":"/api/product/getAllByRestaurantId/e2b6bc80-ef0b-4d50-9974-ef8ada8a4a51"},"timestamp":"2023-12-24 23:26:18"}
{"level":"info","message":{"data":{},"model":"product/getAllByRestaurantId"},"timestamp":"2023-12-24 23:26:18"}
{"level":"info","message":{"body":"","method":"GET","params":{},"query":{},"url":"/api/product/getAllByRestaurantId/e2b6bc80-ef0b-4d50-9974-ef8ada8a4a51"},"timestamp":"2023-12-24 23:26:18"}
{"level":"info","message":{"data":{},"model":"product/getAllByRestaurantId"},"timestamp":"2023-12-24 23:26:18"}
{"level":"info","message":{"body":"","method":"GET","params":{},"query":{},"url":"/api/comercio/getById/ae584ccd-b691-4619-aabf-7b15539743ee"},"timestamp":"2023-12-24 23:26:24"}
{"level":"info","message":{"body":"","method":"GET","params":{},"query":{},"url":"/api/comercio/getById/ae584ccd-b691-4619-aabf-7b15539743ee"},"timestamp":"2023-12-24 23:26:24"}
{"level":"info","message":{"body":"","method":"GET","params":{},"query":{},"url":"/api/product/getAllByRestaurantId/e2b6bc80-ef0b-4d50-9974-ef8ada8a4a51"},"timestamp":"2023-12-24 23:26:24"}
{"level":"info","message":{"data":{},"model":"product/getAllByRestaurantId"},"timestamp":"2023-12-24 23:26:24"}
{"level":"info","message":{"body":"","method":"GET","params":{},"query":{},"url":"/api/product/getAllByRestaurantId/e2b6bc80-ef0b-4d50-9974-ef8ada8a4a51"},"timestamp":"2023-12-24 23:26:25"}
{"level":"info","message":{"data":{},"model":"product/getAllByRestaurantId"},"timestamp":"2023-12-24 23:26:25"}
{"level":"info","message":{"body":"","method":"GET","params":{},"query":{},"url":"/api/comercio/getById/ae584ccd-b691-4619-aabf-7b15539743ee"},"timestamp":"2023-12-24 23:26:31"}
{"level":"info","message":{"body":"","method":"GET","params":{},"query":{},"url":"/api/comercio/getById/ae584ccd-b691-4619-aabf-7b15539743ee"},"timestamp":"2023-12-24 23:26:31"}
{"level":"info","message":{"body":"","method":"GET","params":{},"query":{},"url":"/api/product/getAllByRestaurantId/e2b6bc80-ef0b-4d50-9974-ef8ada8a4a51"},"timestamp":"2023-12-24 23:26:31"}
{"level":"info","message":{"data":{},"model":"product/getAllByRestaurantId"},"timestamp":"2023-12-24 23:26:31"}
{"level":"info","message":{"body":"","method":"GET","params":{},"query":{},"url":"/api/product/getAllByRestaurantId/e2b6bc80-ef0b-4d50-9974-ef8ada8a4a51"},"timestamp":"2023-12-24 23:26:32"}
{"level":"info","message":{"data":{},"model":"product/getAllByRestaurantId"},"timestamp":"2023-12-24 23:26:32"}
{"level":"info","message":{"body":"","method":"GET","params":{},"query":{},"url":"/api/comercio/getById/ae584ccd-b691-4619-aabf-7b15539743ee"},"timestamp":"2023-12-24 23:26:43"}
{"level":"info","message":{"body":"","method":"GET","params":{},"query":{},"url":"/api/comercio/getById/ae584ccd-b691-4619-aabf-7b15539743ee"},"timestamp":"2023-12-24 23:26:43"}
{"level":"info","message":{"body":"","method":"GET","params":{},"query":{},"url":"/api/product/getAllByRestaurantId/e2b6bc80-ef0b-4d50-9974-ef8ada8a4a51"},"timestamp":"2023-12-24 23:26:43"}
{"level":"info","message":{"data":{},"model":"product/getAllByRestaurantId"},"timestamp":"2023-12-24 23:26:43"}
{"level":"info","message":{"body":"","method":"GET","params":{},"query":{},"url":"/api/product/getAllByRestaurantId/e2b6bc80-ef0b-4d50-9974-ef8ada8a4a51"},"timestamp":"2023-12-24 23:26:43"}
{"level":"info","message":{"data":{},"model":"product/getAllByRestaurantId"},"timestamp":"2023-12-24 23:26:43"}
{"level":"info","message":{"body":"","method":"GET","params":{},"query":{},"url":"/api/comercio/getById/ae584ccd-b691-4619-aabf-7b15539743ee"},"timestamp":"2023-12-24 23:28:48"}
{"level":"info","message":{"body":"","method":"GET","params":{},"query":{},"url":"/api/comercio/getById/ae584ccd-b691-4619-aabf-7b15539743ee"},"timestamp":"2023-12-24 23:28:48"}
{"level":"info","message":{"body":"","method":"GET","params":{},"query":{},"url":"/api/product/getAllByRestaurantId/e2b6bc80-ef0b-4d50-9974-ef8ada8a4a51"},"timestamp":"2023-12-24 23:28:48"}
{"level":"info","message":{"data":{},"model":"product/getAllByRestaurantId"},"timestamp":"2023-12-24 23:28:48"}
{"level":"info","message":{"body":"","method":"GET","params":{},"query":{},"url":"/api/product/getAllByRestaurantId/e2b6bc80-ef0b-4d50-9974-ef8ada8a4a51"},"timestamp":"2023-12-24 23:28:49"}
{"level":"info","message":{"data":{},"model":"product/getAllByRestaurantId"},"timestamp":"2023-12-24 23:28:49"}
{"level":"info","message":{"body":"","method":"GET","params":{},"query":{},"url":"/api/comercio/getById/ae584ccd-b691-4619-aabf-7b15539743ee"},"timestamp":"2023-12-24 23:42:48"}
{"level":"info","message":{"body":"","method":"GET","params":{},"query":{},"url":"/api/comercio/getById/ae584ccd-b691-4619-aabf-7b15539743ee"},"timestamp":"2023-12-24 23:42:48"}
{"level":"info","message":{"body":"","method":"GET","params":{},"query":{},"url":"/api/product/getAllByRestaurantId/e2b6bc80-ef0b-4d50-9974-ef8ada8a4a51"},"timestamp":"2023-12-24 23:42:48"}
{"level":"info","message":{"data":{},"model":"product/getAllByRestaurantId"},"timestamp":"2023-12-24 23:42:48"}
{"level":"info","message":{"body":"","method":"GET","params":{},"query":{},"url":"/api/product/getAllByRestaurantId/e2b6bc80-ef0b-4d50-9974-ef8ada8a4a51"},"timestamp":"2023-12-24 23:42:48"}
{"level":"info","message":{"data":{},"model":"product/getAllByRestaurantId"},"timestamp":"2023-12-24 23:42:48"}
{"level":"info","message":{"body":"","method":"GET","params":{},"query":{},"url":"/api/product/getAllByRestaurantId/e2b6bc80-ef0b-4d50-9974-ef8ada8a4a51"},"timestamp":"2023-12-24 23:44:46"}
{"level":"info","message":{"data":{},"model":"product/getAllByRestaurantId"},"timestamp":"2023-12-24 23:44:46"}
{"level":"info","message":{"body":"","method":"GET","params":{},"query":{},"url":"/api/product/getAllByRestaurantId/e2b6bc80-ef0b-4d50-9974-ef8ada8a4a51"},"timestamp":"2023-12-24 23:44:46"}
{"level":"info","message":{"data":{},"model":"product/getAllByRestaurantId"},"timestamp":"2023-12-24 23:44:46"}
