{"level":"info","message":"API listening port 3005","timestamp":"2023-12-21 22:29:47"}
{"level":"info","message":"Connected to Database","timestamp":"2023-12-21 22:29:47"}
{"level":"info","message":{"body":{"email":"taoQuispe@gmial.com","password":"957902342"},"method":"POST","params":"","query":"","url":"/api/user/validate"},"timestamp":"2023-12-21 22:31:22"}
{"level":"info","message":{"body":"","method":"GET","params":{},"query":{},"url":"/api/comercio/getByPersonId/41c3c221-4738-4206-8fa8-053a73fe043d"},"timestamp":"2023-12-21 22:31:24"}
{"level":"info","message":{"body":"","method":"GET","params":{},"query":{},"url":"/api/comercio/getByPersonId/41c3c221-4738-4206-8fa8-053a73fe043d"},"timestamp":"2023-12-21 22:31:24"}
{"level":"info","message":{"body":{"email":"taoQuispe@gmial.com","password":"957902342"},"method":"POST","params":"","query":"","url":"/api/user/validate"},"timestamp":"2023-12-21 23:15:33"}
{"level":"info","message":{"body":"","method":"GET","params":{},"query":{},"url":"/api/comercio/getByPersonId/41c3c221-4738-4206-8fa8-053a73fe043d"},"timestamp":"2023-12-21 23:15:33"}
{"level":"info","message":{"body":"","method":"GET","params":{},"query":{},"url":"/api/comercio/getByPersonId/41c3c221-4738-4206-8fa8-053a73fe043d"},"timestamp":"2023-12-21 23:15:33"}
{"level":"info","message":{"body":"","method":"GET","params":{},"query":{},"url":"/api/comercio/getByPersonId/41c3c221-4738-4206-8fa8-053a73fe043d"},"timestamp":"2023-12-21 23:18:55"}
{"level":"info","message":{"body":"","method":"GET","params":{},"query":{},"url":"/api/comercio/getByPersonId/41c3c221-4738-4206-8fa8-053a73fe043d"},"timestamp":"2023-12-21 23:19:21"}
{"level":"info","message":{"body":"","method":"GET","params":{},"query":{},"url":"/api/comercio/getByPersonId/41c3c221-4738-4206-8fa8-053a73fe043d"},"timestamp":"2023-12-21 23:19:40"}
{"level":"info","message":{"body":"","method":"GET","params":{},"query":{},"url":"/api/comercio/getByPersonId/41c3c221-4738-4206-8fa8-053a73fe043d"},"timestamp":"2023-12-21 23:19:40"}
{"level":"info","message":{"body":{"email":"taoQuispe@gmial.com","password":"957902342"},"method":"POST","params":"","query":"","url":"/api/user/validate"},"timestamp":"2023-12-21 23:20:24"}
{"level":"info","message":{"body":"","method":"GET","params":{},"query":{},"url":"/api/comercio/getByPersonId/41c3c221-4738-4206-8fa8-053a73fe043d"},"timestamp":"2023-12-21 23:20:25"}
{"level":"info","message":{"body":"","method":"GET","params":{},"query":{},"url":"/api/comercio/getByPersonId/41c3c221-4738-4206-8fa8-053a73fe043d"},"timestamp":"2023-12-21 23:20:25"}
{"level":"info","message":{"body":"","method":"GET","params":{},"query":{},"url":"/api/comercio/getByPersonId/41c3c221-4738-4206-8fa8-053a73fe043d"},"timestamp":"2023-12-21 23:20:41"}
{"level":"info","message":{"body":"","method":"GET","params":{},"query":{},"url":"/api/comercio/getByPersonId/41c3c221-4738-4206-8fa8-053a73fe043d"},"timestamp":"2023-12-21 23:20:41"}
{"level":"info","message":{"body":"","method":"GET","params":{},"query":{},"url":"/api/comercio/getByPersonId/41c3c221-4738-4206-8fa8-053a73fe043d"},"timestamp":"2023-12-21 23:20:55"}
{"level":"info","message":{"body":"","method":"GET","params":{},"query":{},"url":"/api/comercio/getByPersonId/41c3c221-4738-4206-8fa8-053a73fe043d"},"timestamp":"2023-12-21 23:21:11"}
{"level":"info","message":{"body":"","method":"GET","params":{},"query":{},"url":"/api/comercio/getByPersonId/41c3c221-4738-4206-8fa8-053a73fe043d"},"timestamp":"2023-12-21 23:21:11"}
{"level":"info","message":{"body":"","method":"GET","params":{},"query":{},"url":"/api/comercio/getByPersonId/41c3c221-4738-4206-8fa8-053a73fe043d"},"timestamp":"2023-12-21 23:21:14"}
{"level":"info","message":{"body":"","method":"GET","params":{},"query":{},"url":"/api/comercio/getByPersonId/41c3c221-4738-4206-8fa8-053a73fe043d"},"timestamp":"2023-12-21 23:21:14"}
{"level":"info","message":{"body":"","method":"GET","params":{},"query":{},"url":"/api/product/getAllByRestaurantId/e2b6bc80-ef0b-4d50-9974-ef8ada8a4a51"},"timestamp":"2023-12-21 23:21:24"}
{"level":"info","message":{"data":{},"model":"product/getAllByRestaurantId"},"timestamp":"2023-12-21 23:21:24"}
{"level":"info","message":{"body":"","method":"GET","params":{},"query":{},"url":"/api/product/getAllByRestaurantId/e2b6bc80-ef0b-4d50-9974-ef8ada8a4a51"},"timestamp":"2023-12-21 23:21:24"}
{"level":"info","message":{"data":{},"model":"product/getAllByRestaurantId"},"timestamp":"2023-12-21 23:21:24"}
{"level":"info","message":{"body":"","method":"GET","params":{},"query":{},"url":"/api/comercio/getByPersonId/41c3c221-4738-4206-8fa8-053a73fe043d"},"timestamp":"2023-12-21 23:21:32"}
{"level":"info","message":{"body":"","method":"GET","params":{},"query":{},"url":"/api/comercio/getByPersonId/41c3c221-4738-4206-8fa8-053a73fe043d"},"timestamp":"2023-12-21 23:21:32"}
{"level":"info","message":{"body":{"email":"taoQuispe@gmial.com","password":"957902342"},"method":"POST","params":"","query":"","url":"/api/user/validate"},"timestamp":"2023-12-21 23:22:45"}
{"level":"info","message":{"body":"","method":"GET","params":{},"query":{},"url":"/api/comercio/getByPersonId/41c3c221-4738-4206-8fa8-053a73fe043d"},"timestamp":"2023-12-21 23:22:45"}
{"level":"info","message":{"body":"","method":"GET","params":{},"query":{},"url":"/api/comercio/getByPersonId/41c3c221-4738-4206-8fa8-053a73fe043d"},"timestamp":"2023-12-21 23:22:45"}
{"level":"info","message":{"body":"","method":"GET","params":{},"query":{},"url":"/api/comercio/getByPersonId/41c3c221-4738-4206-8fa8-053a73fe043d"},"timestamp":"2023-12-21 23:23:09"}
{"level":"info","message":{"body":"","method":"GET","params":{},"query":{},"url":"/api/comercio/getByPersonId/41c3c221-4738-4206-8fa8-053a73fe043d"},"timestamp":"2023-12-21 23:23:09"}
{"level":"info","message":{"body":"","method":"GET","params":{},"query":{},"url":"/api/comercio/getByPersonId/41c3c221-4738-4206-8fa8-053a73fe043d"},"timestamp":"2023-12-21 23:23:16"}
{"level":"info","message":{"body":"","method":"GET","params":{},"query":{},"url":"/api/comercio/getByPersonId/41c3c221-4738-4206-8fa8-053a73fe043d"},"timestamp":"2023-12-21 23:23:16"}
{"level":"info","message":{"body":"","method":"GET","params":{},"query":{},"url":"/api/product/getAllByRestaurantId/b9c59574-4b51-46a8-b0b9-720a7f03d21b"},"timestamp":"2023-12-21 23:23:20"}
{"level":"info","message":{"data":{},"model":"product/getAllByRestaurantId"},"timestamp":"2023-12-21 23:23:20"}
{"level":"info","message":{"body":"","method":"GET","params":{},"query":{},"url":"/api/product/getAllByRestaurantId/b9c59574-4b51-46a8-b0b9-720a7f03d21b"},"timestamp":"2023-12-21 23:23:20"}
{"level":"info","message":{"data":{},"model":"product/getAllByRestaurantId"},"timestamp":"2023-12-21 23:23:20"}
{"level":"info","message":{"body":"","method":"GET","params":{},"query":{},"url":"/api/comercio/getByPersonId/41c3c221-4738-4206-8fa8-053a73fe043d"},"timestamp":"2023-12-21 23:23:25"}
{"level":"info","message":{"body":"","method":"GET","params":{},"query":{},"url":"/api/comercio/getByPersonId/41c3c221-4738-4206-8fa8-053a73fe043d"},"timestamp":"2023-12-21 23:23:25"}
{"level":"info","message":{"body":"","method":"GET","params":{},"query":{},"url":"/api/comercio/getByPersonId/41c3c221-4738-4206-8fa8-053a73fe043d"},"timestamp":"2023-12-21 23:23:29"}
{"level":"info","message":{"body":"","method":"GET","params":{},"query":{},"url":"/api/comercio/getByPersonId/41c3c221-4738-4206-8fa8-053a73fe043d"},"timestamp":"2023-12-21 23:23:29"}
{"level":"info","message":{"body":"","method":"GET","params":{},"query":{},"url":"/api/product/getAllByRestaurantId/e2b6bc80-ef0b-4d50-9974-ef8ada8a4a51"},"timestamp":"2023-12-21 23:23:33"}
{"level":"info","message":{"data":{},"model":"product/getAllByRestaurantId"},"timestamp":"2023-12-21 23:23:33"}
{"level":"info","message":{"body":"","method":"GET","params":{},"query":{},"url":"/api/product/getAllByRestaurantId/e2b6bc80-ef0b-4d50-9974-ef8ada8a4a51"},"timestamp":"2023-12-21 23:23:33"}
{"level":"info","message":{"data":{},"model":"product/getAllByRestaurantId"},"timestamp":"2023-12-21 23:23:33"}
{"level":"info","message":{"body":"","method":"GET","params":{},"query":{},"url":"/api/comercio/getByPersonId/41c3c221-4738-4206-8fa8-053a73fe043d"},"timestamp":"2023-12-21 23:24:23"}
{"level":"info","message":{"body":"","method":"GET","params":{},"query":{},"url":"/api/comercio/getByPersonId/41c3c221-4738-4206-8fa8-053a73fe043d"},"timestamp":"2023-12-21 23:24:23"}
{"level":"info","message":{"body":"","method":"GET","params":{},"query":{},"url":"/api/comercio/getByPersonId/41c3c221-4738-4206-8fa8-053a73fe043d"},"timestamp":"2023-12-21 23:29:18"}
{"level":"info","message":{"body":"","method":"GET","params":{},"query":{},"url":"/api/comercio/getByPersonId/41c3c221-4738-4206-8fa8-053a73fe043d"},"timestamp":"2023-12-21 23:29:22"}
{"level":"info","message":{"body":"","method":"GET","params":{},"query":{},"url":"/api/comercio/getByPersonId/41c3c221-4738-4206-8fa8-053a73fe043d"},"timestamp":"2023-12-21 23:30:00"}
{"level":"info","message":{"body":"","method":"GET","params":{},"query":{},"url":"/api/comercio/getByPersonId/41c3c221-4738-4206-8fa8-053a73fe043d"},"timestamp":"2023-12-21 23:30:21"}
{"level":"info","message":{"body":"","method":"GET","params":{},"query":{},"url":"/api/comercio/getByPersonId/41c3c221-4738-4206-8fa8-053a73fe043d"},"timestamp":"2023-12-21 23:31:08"}
{"level":"info","message":{"body":"","method":"GET","params":{},"query":{},"url":"/api/comercio/getByPersonId/41c3c221-4738-4206-8fa8-053a73fe043d"},"timestamp":"2023-12-21 23:31:14"}
{"level":"info","message":{"body":"","method":"GET","params":{},"query":{},"url":"/api/comercio/getByPersonId/41c3c221-4738-4206-8fa8-053a73fe043d"},"timestamp":"2023-12-21 23:31:18"}
{"level":"info","message":{"body":"","method":"GET","params":{},"query":{},"url":"/api/comercio/getByPersonId/41c3c221-4738-4206-8fa8-053a73fe043d"},"timestamp":"2023-12-21 23:31:21"}
{"level":"info","message":{"body":"","method":"GET","params":{},"query":{},"url":"/api/comercio/getByPersonId/41c3c221-4738-4206-8fa8-053a73fe043d"},"timestamp":"2023-12-21 23:31:28"}
{"level":"info","message":{"body":"","method":"GET","params":{},"query":{},"url":"/api/comercio/getByPersonId/41c3c221-4738-4206-8fa8-053a73fe043d"},"timestamp":"2023-12-21 23:31:54"}
{"level":"info","message":{"body":"","method":"GET","params":{},"query":{},"url":"/api/comercio/getByPersonId/41c3c221-4738-4206-8fa8-053a73fe043d"},"timestamp":"2023-12-21 23:32:06"}
{"level":"info","message":{"body":"","method":"GET","params":{},"query":{},"url":"/api/comercio/getByPersonId/41c3c221-4738-4206-8fa8-053a73fe043d"},"timestamp":"2023-12-21 23:32:55"}
{"level":"info","message":{"body":"","method":"GET","params":{},"query":{},"url":"/api/comercio/getByPersonId/41c3c221-4738-4206-8fa8-053a73fe043d"},"timestamp":"2023-12-21 23:33:06"}
{"level":"info","message":{"body":"","method":"GET","params":{},"query":{},"url":"/api/comercio/getByPersonId/41c3c221-4738-4206-8fa8-053a73fe043d"},"timestamp":"2023-12-21 23:37:03"}
{"level":"info","message":{"body":"","method":"GET","params":{},"query":{},"url":"/api/comercio/getByPersonId/41c3c221-4738-4206-8fa8-053a73fe043d"},"timestamp":"2023-12-21 23:38:21"}
{"level":"info","message":{"body":"","method":"GET","params":{},"query":{},"url":"/api/comercio/getByPersonId/41c3c221-4738-4206-8fa8-053a73fe043d"},"timestamp":"2023-12-21 23:38:27"}
{"level":"info","message":{"body":"","method":"GET","params":{},"query":{},"url":"/api/comercio/getByPersonId/41c3c221-4738-4206-8fa8-053a73fe043d"},"timestamp":"2023-12-21 23:40:22"}
{"level":"info","message":{"body":"","method":"GET","params":{},"query":{},"url":"/api/comercio/getByPersonId/41c3c221-4738-4206-8fa8-053a73fe043d"},"timestamp":"2023-12-21 23:40:22"}
{"level":"info","message":{"body":"","method":"GET","params":{},"query":{},"url":"/api/product/getAllByRestaurantId/b9c59574-4b51-46a8-b0b9-720a7f03d21b"},"timestamp":"2023-12-21 23:43:49"}
{"level":"info","message":{"data":{},"model":"product/getAllByRestaurantId"},"timestamp":"2023-12-21 23:43:49"}
{"level":"info","message":{"body":"","method":"GET","params":{},"query":{},"url":"/api/product/getAllByRestaurantId/b9c59574-4b51-46a8-b0b9-720a7f03d21b"},"timestamp":"2023-12-21 23:43:49"}
{"level":"info","message":{"data":{},"model":"product/getAllByRestaurantId"},"timestamp":"2023-12-21 23:43:49"}
{"level":"info","message":{"body":{"email":"taoQuispe@gmial.com","password":"957902342"},"method":"POST","params":"","query":"","url":"/api/user/validate"},"timestamp":"2023-12-21 23:43:55"}
{"level":"info","message":{"body":"","method":"GET","params":{},"query":{},"url":"/api/comercio/getByPersonId/41c3c221-4738-4206-8fa8-053a73fe043d"},"timestamp":"2023-12-21 23:43:55"}
{"level":"info","message":{"body":"","method":"GET","params":{},"query":{},"url":"/api/comercio/getByPersonId/41c3c221-4738-4206-8fa8-053a73fe043d"},"timestamp":"2023-12-21 23:43:55"}
{"level":"info","message":{"body":"","method":"GET","params":{},"query":{},"url":"/api/product/getAllByRestaurantId/e2b6bc80-ef0b-4d50-9974-ef8ada8a4a51"},"timestamp":"2023-12-21 23:44:02"}
{"level":"info","message":{"data":{},"model":"product/getAllByRestaurantId"},"timestamp":"2023-12-21 23:44:02"}
{"level":"info","message":{"body":"","method":"GET","params":{},"query":{},"url":"/api/product/getAllByRestaurantId/e2b6bc80-ef0b-4d50-9974-ef8ada8a4a51"},"timestamp":"2023-12-21 23:44:02"}
{"level":"info","message":{"data":{},"model":"product/getAllByRestaurantId"},"timestamp":"2023-12-21 23:44:02"}
{"level":"info","message":{"body":"","method":"GET","params":{},"query":{},"url":"/api/comercio/getByPersonId/41c3c221-4738-4206-8fa8-053a73fe043d"},"timestamp":"2023-12-21 23:44:26"}
{"level":"info","message":{"body":"","method":"GET","params":{},"query":{},"url":"/api/comercio/getByPersonId/41c3c221-4738-4206-8fa8-053a73fe043d"},"timestamp":"2023-12-21 23:44:26"}
{"level":"info","message":{"body":"","method":"GET","params":{},"query":{},"url":"/api/product/getAllByRestaurantId/b9c59574-4b51-46a8-b0b9-720a7f03d21b"},"timestamp":"2023-12-21 23:44:30"}
{"level":"info","message":{"data":{},"model":"product/getAllByRestaurantId"},"timestamp":"2023-12-21 23:44:30"}
{"level":"info","message":{"body":"","method":"GET","params":{},"query":{},"url":"/api/product/getAllByRestaurantId/b9c59574-4b51-46a8-b0b9-720a7f03d21b"},"timestamp":"2023-12-21 23:44:30"}
{"level":"info","message":{"data":{},"model":"product/getAllByRestaurantId"},"timestamp":"2023-12-21 23:44:30"}
{"level":"info","message":{"body":{},"method":"POST","params":"","query":"","url":"/api/file/add"},"timestamp":"2023-12-21 23:45:07"}
{"level":"info","message":{"data":{},"model":"file/add"},"timestamp":"2023-12-21 23:45:09"}
{"level":"info","message":{"body":{"classe":"ofert","comercio_id":"c503866d-2c5a-4fe2-be97-1a0084bccc5c","description":"Zapallo con queso gratinado al horno","img":"http://res.cloudinary.com/dzfg8xnxn/image/upload/v1703213109/uukvnphfyjchh9vivbpp.jpg","name":"Mi primera categoria","order":2},"method":"POST","params":"","query":"","url":"/api/category/create"},"timestamp":"2023-12-21 23:45:10"}
{"level":"info","message":{"data":{"classe":"ofert","comercio_id":"c503866d-2c5a-4fe2-be97-1a0084bccc5c","description":"Zapallo con queso gratinado al horno","img":"http://res.cloudinary.com/dzfg8xnxn/image/upload/v1703213109/uukvnphfyjchh9vivbpp.jpg","name":"Mi primera categoria","order":2},"model":"category/create"},"timestamp":"2023-12-21 23:45:10"}
{"level":"info","message":{"body":{"comercio":{"category":[{"classe":"ofert","comercio_id":"c503866d-2c5a-4fe2-be97-1a0084bccc5c","description":"Zapallo con queso gratinado al horno","id":"d1b29202-e69d-49c8-bd7a-6c485ac8cca9","img":"http://res.cloudinary.com/dzfg8xnxn/image/upload/v1703213109/uukvnphfyjchh9vivbpp.jpg","name":"Mi primera categoria","order":2,"products":[{"description":"categoryre2","favorite":0,"id":"ca404e1d-a7bd-4eee-9593-67f841ba0d8c","img":"http://res.cloudinary.com/dzfg8xnxn/image/upload/v1702081835/fo4dbrz0mcy0vofgl31v.jpg","ingredients":[{"id":"e7f1e331-b642-498e-a21f-007d5dc2a294","name":"mayo"},{"id":"d351c4d1-f0d8-4a0a-98dd-d333a2f4fb40","name":"xapplo"},{"id":"54ec7464-9e8a-40f9-b543-40d66e0b96b7","name":"mayoneza"}],"name":"proRestautant2","price":24444}]}],"comercio":{"date":"2023-11-26T00:00:00","id":"c503866d-2c5a-4fe2-be97-1a0084bccc5c"},"person":{"email":"taoQuispe@gmial.com","id":"41c3c221-4738-4206-8fa8-053a73fe043d","maternalLastName":"Maquito","name":"Tao","paternalLastName":"Montero","phone":"957902342"},"restaurant":{"address":"San Lorenzo","close":"21:00","comercio_id":"c503866d-2c5a-4fe2-be97-1a0084bccc5c","district":"condes","email":"portalfirma@gmail.com","id":"b9c59574-4b51-46a8-b0b9-720a7f03d21b","logo":"http://res.cloudinary.com/dzfg8xnxn/image/upload/v1701030614/lnfcbjs13r0vn8bflgha.jpg","name":"GamanStartup","open":"21:00","phone":"957902342","web":"http/localhost:3022","wifi":"Deliis1111"},"user":{"id":"086cab4f-e4ca-4c35-b56e-416a86ad13cd","person_id":"41c3c221-4738-4206-8fa8-053a73fe043d"}}},"method":"POST","params":"","query":"","url":"/api/comercio/updateCategoryProduct"},"timestamp":"2023-12-21 23:45:18"}
{"level":"info","message":{"body":"","method":"GET","params":{},"query":{},"url":"/api/comercio/getByPersonId/41c3c221-4738-4206-8fa8-053a73fe043d"},"timestamp":"2023-12-21 23:45:30"}
{"level":"info","message":{"body":"","method":"GET","params":{},"query":{},"url":"/api/comercio/getByPersonId/41c3c221-4738-4206-8fa8-053a73fe043d"},"timestamp":"2023-12-21 23:45:30"}
{"level":"info","message":{"body":"","method":"GET","params":{},"query":{},"url":"/api/product/getAllByRestaurantId/e2b6bc80-ef0b-4d50-9974-ef8ada8a4a51"},"timestamp":"2023-12-21 23:45:34"}
{"level":"info","message":{"data":{},"model":"product/getAllByRestaurantId"},"timestamp":"2023-12-21 23:45:34"}
{"level":"info","message":{"body":"","method":"GET","params":{},"query":{},"url":"/api/product/getAllByRestaurantId/e2b6bc80-ef0b-4d50-9974-ef8ada8a4a51"},"timestamp":"2023-12-21 23:45:34"}
{"level":"info","message":{"data":{},"model":"product/getAllByRestaurantId"},"timestamp":"2023-12-21 23:45:34"}
{"level":"info","message":{"body":"","method":"GET","params":{},"query":{},"url":"/api/comercio/getById/ae584ccd-b691-4619-aabf-7b15539743ee"},"timestamp":"2023-12-21 23:45:45"}
{"level":"info","message":{"body":"","method":"GET","params":{},"query":{},"url":"/api/comercio/getById/ae584ccd-b691-4619-aabf-7b15539743ee"},"timestamp":"2023-12-21 23:45:45"}
{"level":"info","message":{"body":"","method":"GET","params":{},"query":{},"url":"/api/product/getAllByRestaurantId/e2b6bc80-ef0b-4d50-9974-ef8ada8a4a51"},"timestamp":"2023-12-21 23:45:45"}
{"level":"info","message":{"data":{},"model":"product/getAllByRestaurantId"},"timestamp":"2023-12-21 23:45:45"}
{"level":"info","message":{"body":"","method":"GET","params":{},"query":{},"url":"/api/product/getAllByRestaurantId/e2b6bc80-ef0b-4d50-9974-ef8ada8a4a51"},"timestamp":"2023-12-21 23:45:45"}
{"level":"info","message":{"data":{},"model":"product/getAllByRestaurantId"},"timestamp":"2023-12-21 23:45:45"}
{"level":"info","message":{"body":"","method":"GET","params":{},"query":{},"url":"/api/comercio/getByPersonId/41c3c221-4738-4206-8fa8-053a73fe043d"},"timestamp":"2023-12-21 23:46:00"}
{"level":"info","message":{"body":"","method":"GET","params":{},"query":{},"url":"/api/comercio/getByPersonId/41c3c221-4738-4206-8fa8-053a73fe043d"},"timestamp":"2023-12-21 23:46:00"}
{"level":"info","message":{"body":"","method":"GET","params":{},"query":{},"url":"/api/product/getAllByRestaurantId/b9c59574-4b51-46a8-b0b9-720a7f03d21b"},"timestamp":"2023-12-21 23:46:04"}
{"level":"info","message":{"data":{},"model":"product/getAllByRestaurantId"},"timestamp":"2023-12-21 23:46:04"}
{"level":"info","message":{"body":"","method":"GET","params":{},"query":{},"url":"/api/product/getAllByRestaurantId/b9c59574-4b51-46a8-b0b9-720a7f03d21b"},"timestamp":"2023-12-21 23:46:04"}
{"level":"info","message":{"data":{},"model":"product/getAllByRestaurantId"},"timestamp":"2023-12-21 23:46:04"}
{"level":"info","message":{"body":"","method":"GET","params":{},"query":{},"url":"/api/comercio/getByPersonId/41c3c221-4738-4206-8fa8-053a73fe043d"},"timestamp":"2023-12-21 23:46:09"}
{"level":"info","message":{"body":"","method":"GET","params":{},"query":{},"url":"/api/comercio/getByPersonId/41c3c221-4738-4206-8fa8-053a73fe043d"},"timestamp":"2023-12-21 23:46:09"}
{"level":"info","message":{"body":"","method":"GET","params":{},"query":{},"url":"/api/product/getAllByRestaurantId/e2b6bc80-ef0b-4d50-9974-ef8ada8a4a51"},"timestamp":"2023-12-21 23:46:15"}
{"level":"info","message":{"data":{},"model":"product/getAllByRestaurantId"},"timestamp":"2023-12-21 23:46:15"}
{"level":"info","message":{"body":"","method":"GET","params":{},"query":{},"url":"/api/product/getAllByRestaurantId/e2b6bc80-ef0b-4d50-9974-ef8ada8a4a51"},"timestamp":"2023-12-21 23:46:15"}
{"level":"info","message":{"data":{},"model":"product/getAllByRestaurantId"},"timestamp":"2023-12-21 23:46:15"}
{"level":"info","message":{"body":"","method":"GET","params":{},"query":{},"url":"/api/comercio/getByPersonId/41c3c221-4738-4206-8fa8-053a73fe043d"},"timestamp":"2023-12-21 23:46:28"}
{"level":"info","message":{"body":"","method":"GET","params":{},"query":{},"url":"/api/comercio/getByPersonId/41c3c221-4738-4206-8fa8-053a73fe043d"},"timestamp":"2023-12-21 23:46:28"}
{"level":"info","message":{"body":"","method":"GET","params":{},"query":{},"url":"/api/comercio/getByPersonId/41c3c221-4738-4206-8fa8-053a73fe043d"},"timestamp":"2023-12-21 23:49:31"}
{"level":"info","message":{"body":"","method":"GET","params":{},"query":{},"url":"/api/comercio/getByPersonId/41c3c221-4738-4206-8fa8-053a73fe043d"},"timestamp":"2023-12-21 23:49:31"}
{"level":"info","message":{"body":"","method":"GET","params":{},"query":{},"url":"/api/comercio/getByPersonId/41c3c221-4738-4206-8fa8-053a73fe043d"},"timestamp":"2023-12-21 23:51:54"}
{"level":"info","message":{"body":"","method":"GET","params":{},"query":{},"url":"/api/comercio/getByPersonId/41c3c221-4738-4206-8fa8-053a73fe043d"},"timestamp":"2023-12-21 23:51:59"}
{"level":"info","message":{"body":"","method":"GET","params":{},"query":{},"url":"/api/comercio/getByPersonId/41c3c221-4738-4206-8fa8-053a73fe043d"},"timestamp":"2023-12-21 23:52:06"}
{"level":"info","message":{"body":"","method":"GET","params":{},"query":{},"url":"/api/comercio/getByPersonId/41c3c221-4738-4206-8fa8-053a73fe043d"},"timestamp":"2023-12-21 23:52:18"}
{"level":"info","message":{"body":"","method":"GET","params":{},"query":{},"url":"/api/comercio/getByPersonId/41c3c221-4738-4206-8fa8-053a73fe043d"},"timestamp":"2023-12-21 23:52:25"}
{"level":"info","message":{"body":"","method":"GET","params":{},"query":{},"url":"/api/comercio/getByPersonId/41c3c221-4738-4206-8fa8-053a73fe043d"},"timestamp":"2023-12-21 23:52:36"}
{"level":"info","message":{"body":"","method":"GET","params":{},"query":{},"url":"/api/comercio/getByPersonId/41c3c221-4738-4206-8fa8-053a73fe043d"},"timestamp":"2023-12-21 23:52:39"}
{"level":"info","message":{"body":"","method":"GET","params":{},"query":{},"url":"/api/comercio/getByPersonId/41c3c221-4738-4206-8fa8-053a73fe043d"},"timestamp":"2023-12-21 23:52:56"}
{"level":"info","message":{"body":"","method":"GET","params":{},"query":{},"url":"/api/comercio/getByPersonId/41c3c221-4738-4206-8fa8-053a73fe043d"},"timestamp":"2023-12-21 23:53:22"}
{"level":"info","message":"API listening port 3005","timestamp":"2023-12-22 00:00:23"}
{"level":"info","message":"Connected to Database","timestamp":"2023-12-22 00:00:23"}
{"level":"info","message":"API listening port 3005","timestamp":"2023-12-22 00:00:32"}
{"level":"info","message":"Connected to Database","timestamp":"2023-12-22 00:00:32"}
{"level":"info","message":"API listening port 3005","timestamp":"2023-12-22 00:38:15"}
{"level":"info","message":"Connected to Database","timestamp":"2023-12-22 00:38:15"}
{"level":"info","message":{"body":"","method":"GET","params":{},"query":{},"url":"/api/comercio/getByPersonId/41c3c221-4738-4206-8fa8-053a73fe043d"},"timestamp":"2023-12-22 00:38:24"}
{"level":"info","message":{"body":{},"method":"POST","params":"","query":"","url":"/api/gpt/completions"},"timestamp":"2023-12-22 00:38:27"}
{"level":"info","message":{"body":{},"method":"POST","params":"","query":"","url":"/api/gpt/completions"},"timestamp":"2023-12-22 00:39:32"}
