{"level":"info","message":"API listening port 3005","timestamp":"2023-12-04 21:59:00"}
{"level":"info","message":"Connected to Database","timestamp":"2023-12-04 21:59:01"}
{"level":"info","message":{"body":{"email":"taoQuispe@gmial.com","password":"957902342"},"method":"POST","params":"","query":"","url":"/api/user/validate"},"timestamp":"2023-12-04 21:59:21"}
{"level":"info","message":{"body":"","method":"GET","params":{},"query":{},"url":"/api/comercio/getByPersonId/41c3c221-4738-4206-8fa8-053a73fe043d"},"timestamp":"2023-12-04 21:59:23"}
{"level":"info","message":{"body":"","method":"GET","params":{},"query":{},"url":"/api/comercio/getByPersonId/41c3c221-4738-4206-8fa8-053a73fe043d"},"timestamp":"2023-12-04 21:59:23"}
{"level":"info","message":"API listening port 3005","timestamp":"2023-12-04 22:02:17"}
{"level":"info","message":"Connected to Database","timestamp":"2023-12-04 22:02:17"}
{"level":"info","message":"API listening port 3005","timestamp":"2023-12-04 22:03:03"}
{"level":"info","message":"Connected to Database","timestamp":"2023-12-04 22:03:03"}
{"level":"info","message":"API listening port 3005","timestamp":"2023-12-04 22:04:29"}
{"level":"info","message":"Connected to Database","timestamp":"2023-12-04 22:04:29"}
{"level":"info","message":"API listening port 3005","timestamp":"2023-12-04 22:06:14"}
{"level":"info","message":"Connected to Database","timestamp":"2023-12-04 22:06:15"}
{"level":"info","message":"API listening port 3005","timestamp":"2023-12-04 22:06:20"}
{"level":"info","message":"Connected to Database","timestamp":"2023-12-04 22:06:20"}
{"level":"info","message":"API listening port 3005","timestamp":"2023-12-04 22:06:28"}
{"level":"info","message":"Connected to Database","timestamp":"2023-12-04 22:06:28"}
{"level":"info","message":"API listening port 3005","timestamp":"2023-12-04 22:06:39"}
{"level":"info","message":"Connected to Database","timestamp":"2023-12-04 22:06:39"}
{"level":"info","message":"API listening port 3005","timestamp":"2023-12-04 22:07:32"}
{"level":"info","message":"Connected to Database","timestamp":"2023-12-04 22:07:32"}
{"level":"info","message":"API listening port 3005","timestamp":"2023-12-04 22:07:51"}
{"level":"info","message":"Connected to Database","timestamp":"2023-12-04 22:07:51"}
{"level":"info","message":"API listening port 3005","timestamp":"2023-12-04 22:08:02"}
{"level":"info","message":"Connected to Database","timestamp":"2023-12-04 22:08:02"}
{"level":"info","message":"API listening port 3005","timestamp":"2023-12-04 22:08:12"}
{"level":"info","message":"Connected to Database","timestamp":"2023-12-04 22:08:12"}
{"level":"info","message":"API listening port 3005","timestamp":"2023-12-04 22:08:16"}
{"level":"info","message":"Connected to Database","timestamp":"2023-12-04 22:08:16"}
{"level":"info","message":"API listening port 3005","timestamp":"2023-12-04 22:08:32"}
{"level":"info","message":"Connected to Database","timestamp":"2023-12-04 22:08:32"}
{"level":"info","message":"API listening port 3005","timestamp":"2023-12-04 22:09:17"}
{"level":"info","message":"Connected to Database","timestamp":"2023-12-04 22:09:17"}
{"level":"info","message":"API listening port 3005","timestamp":"2023-12-04 22:09:43"}
{"level":"info","message":"Connected to Database","timestamp":"2023-12-04 22:09:43"}
{"level":"info","message":"API listening port 3005","timestamp":"2023-12-04 22:09:52"}
{"level":"info","message":"Connected to Database","timestamp":"2023-12-04 22:09:52"}
{"level":"info","message":"API listening port 3005","timestamp":"2023-12-04 22:09:56"}
{"level":"info","message":"Connected to Database","timestamp":"2023-12-04 22:09:56"}
{"level":"info","message":"API listening port 3005","timestamp":"2023-12-04 22:10:21"}
{"level":"info","message":"Connected to Database","timestamp":"2023-12-04 22:10:22"}
{"level":"info","message":{"body":"","method":"GET","params":{},"query":{},"url":"/api/comercio/getById/ae584ccd-b691-4619-aabf-7b15539743ee"},"timestamp":"2023-12-04 22:17:16"}
{"level":"info","message":{"body":"","method":"GET","params":{},"query":{},"url":"/api/product/getAllByRestaurantId/ae584ccd-b691-4619-aabf-7b15539743ee"},"timestamp":"2023-12-04 22:17:16"}
{"level":"info","message":{"body":"","method":"GET","params":{},"query":{},"url":"/api/product/getAllByRestaurantId/ae584ccd-b691-4619-aabf-7b15539743ee"},"timestamp":"2023-12-04 22:17:16"}
{"level":"info","message":{"body":"","method":"GET","params":{},"query":{},"url":"/api/comercio/getById/ae584ccd-b691-4619-aabf-7b15539743ee"},"timestamp":"2023-12-04 22:17:16"}
{"level":"info","message":"API listening port 3005","timestamp":"2023-12-04 22:19:19"}
{"level":"info","message":"Connected to Database","timestamp":"2023-12-04 22:19:19"}
{"level":"info","message":{"body":"","method":"GET","params":{},"query":{},"url":"/api/comercio/getById/ae584ccd-b691-4619-aabf-7b15539743ee"},"timestamp":"2023-12-04 22:19:22"}
{"level":"info","message":{"body":"","method":"GET","params":{},"query":{},"url":"/api/product/getAllByRestaurantId/ae584ccd-b691-4619-aabf-7b15539743ee"},"timestamp":"2023-12-04 22:19:22"}
{"level":"info","message":{"data":{},"model":"product/getAllByRestaurantId"},"timestamp":"2023-12-04 22:19:22"}
{"level":"info","message":{"body":"","method":"GET","params":{},"query":{},"url":"/api/product/getAllByRestaurantId/ae584ccd-b691-4619-aabf-7b15539743ee"},"timestamp":"2023-12-04 22:19:23"}
{"level":"info","message":{"data":{},"model":"product/getAllByRestaurantId"},"timestamp":"2023-12-04 22:19:23"}
{"level":"info","message":{"body":"","method":"GET","params":{},"query":{},"url":"/api/comercio/getById/ae584ccd-b691-4619-aabf-7b15539743ee"},"timestamp":"2023-12-04 22:19:23"}
{"level":"info","message":"API listening port 3005","timestamp":"2023-12-04 22:21:01"}
{"level":"info","message":"Connected to Database","timestamp":"2023-12-04 22:21:01"}
{"level":"info","message":{"body":"","method":"GET","params":{},"query":{},"url":"/api/comercio/getById/ae584ccd-b691-4619-aabf-7b15539743ee"},"timestamp":"2023-12-04 22:21:03"}
{"level":"info","message":{"body":"","method":"GET","params":{},"query":{},"url":"/api/product/getAllByRestaurantId/ae584ccd-b691-4619-aabf-7b15539743ee"},"timestamp":"2023-12-04 22:21:03"}
{"level":"info","message":{"data":{},"model":"product/getAllByRestaurantId"},"timestamp":"2023-12-04 22:21:03"}
{"level":"info","message":{"body":"","method":"GET","params":{},"query":{},"url":"/api/product/getAllByRestaurantId/ae584ccd-b691-4619-aabf-7b15539743ee"},"timestamp":"2023-12-04 22:21:03"}
{"level":"info","message":{"data":{},"model":"product/getAllByRestaurantId"},"timestamp":"2023-12-04 22:21:03"}
{"level":"info","message":{"body":"","method":"GET","params":{},"query":{},"url":"/api/comercio/getById/ae584ccd-b691-4619-aabf-7b15539743ee"},"timestamp":"2023-12-04 22:21:03"}
{"level":"info","message":"API listening port 3005","timestamp":"2023-12-04 22:21:28"}
{"level":"info","message":"Connected to Database","timestamp":"2023-12-04 22:21:28"}
{"level":"info","message":{"body":"","method":"GET","params":{},"query":{},"url":"/api/comercio/getById/ae584ccd-b691-4619-aabf-7b15539743ee"},"timestamp":"2023-12-04 22:21:36"}
{"level":"info","message":{"body":"","method":"GET","params":{},"query":{},"url":"/api/product/getAllByRestaurantId/ae584ccd-b691-4619-aabf-7b15539743ee"},"timestamp":"2023-12-04 22:21:36"}
{"level":"info","message":{"data":{},"model":"product/getAllByRestaurantId"},"timestamp":"2023-12-04 22:21:37"}
{"level":"info","message":{"body":"","method":"GET","params":{},"query":{},"url":"/api/product/getAllByRestaurantId/ae584ccd-b691-4619-aabf-7b15539743ee"},"timestamp":"2023-12-04 22:21:37"}
{"level":"info","message":{"data":{},"model":"product/getAllByRestaurantId"},"timestamp":"2023-12-04 22:21:37"}
{"level":"info","message":{"body":"","method":"GET","params":{},"query":{},"url":"/api/comercio/getById/ae584ccd-b691-4619-aabf-7b15539743ee"},"timestamp":"2023-12-04 22:21:37"}
{"level":"info","message":{"body":"","method":"GET","params":{},"query":{},"url":"/api/product/getAllByRestaurantId/e2b6bc80-ef0b-4d50-9974-ef8ada8a4a51"},"timestamp":"2023-12-04 22:23:48"}
{"level":"info","message":{"data":{},"model":"product/getAllByRestaurantId"},"timestamp":"2023-12-04 22:23:48"}
{"level":"info","message":{"body":"","method":"GET","params":{},"query":{},"url":"/api/product/getAllByRestaurantId/e2b6bc80-ef0b-4d50-9974-ef8ada8a4a51"},"timestamp":"2023-12-04 22:23:48"}
{"level":"info","message":{"data":{},"model":"product/getAllByRestaurantId"},"timestamp":"2023-12-04 22:23:48"}
{"level":"info","message":"API listening port 3005","timestamp":"2023-12-04 22:26:43"}
{"level":"info","message":"Connected to Database","timestamp":"2023-12-04 22:26:43"}
{"level":"info","message":"API listening port 3005","timestamp":"2023-12-04 22:27:41"}
{"level":"info","message":"Connected to Database","timestamp":"2023-12-04 22:27:41"}
{"level":"info","message":"API listening port 3005","timestamp":"2023-12-04 22:28:21"}
{"level":"info","message":"Connected to Database","timestamp":"2023-12-04 22:28:21"}
{"level":"info","message":"API listening port 3005","timestamp":"2023-12-04 22:28:33"}
{"level":"info","message":"Connected to Database","timestamp":"2023-12-04 22:28:33"}
{"level":"info","message":"API listening port 3005","timestamp":"2023-12-04 22:28:47"}
{"level":"info","message":"Connected to Database","timestamp":"2023-12-04 22:28:47"}
{"level":"info","message":"API listening port 3005","timestamp":"2023-12-04 22:29:07"}
{"level":"info","message":"Connected to Database","timestamp":"2023-12-04 22:29:07"}
{"level":"info","message":"API listening port 3005","timestamp":"2023-12-04 22:29:52"}
{"level":"info","message":"Connected to Database","timestamp":"2023-12-04 22:29:52"}
{"level":"info","message":"API listening port 3005","timestamp":"2023-12-04 22:29:56"}
{"level":"info","message":"Connected to Database","timestamp":"2023-12-04 22:29:56"}
{"level":"info","message":"API listening port 3005","timestamp":"2023-12-04 22:30:46"}
{"level":"info","message":"Connected to Database","timestamp":"2023-12-04 22:30:46"}
{"level":"info","message":"API listening port 3005","timestamp":"2023-12-04 22:30:52"}
{"level":"info","message":"Connected to Database","timestamp":"2023-12-04 22:30:52"}
{"level":"info","message":"API listening port 3005","timestamp":"2023-12-04 22:31:26"}
{"level":"info","message":"Connected to Database","timestamp":"2023-12-04 22:31:26"}
{"level":"info","message":"API listening port 3005","timestamp":"2023-12-04 22:31:36"}
{"level":"info","message":"Connected to Database","timestamp":"2023-12-04 22:31:36"}
{"level":"info","message":"API listening port 3005","timestamp":"2023-12-04 22:31:59"}
{"level":"info","message":"Connected to Database","timestamp":"2023-12-04 22:31:59"}
{"level":"info","message":"API listening port 3005","timestamp":"2023-12-04 22:32:04"}
{"level":"info","message":"Connected to Database","timestamp":"2023-12-04 22:32:05"}
{"level":"info","message":{"body":"","method":"GET","params":{},"query":{},"url":"/api/comercio/getById/ae584ccd-b691-4619-aabf-7b15539743ee"},"timestamp":"2023-12-04 22:41:36"}
{"level":"info","message":{"body":"","method":"GET","params":{},"query":{},"url":"/api/comercio/getById/ae584ccd-b691-4619-aabf-7b15539743ee"},"timestamp":"2023-12-04 22:41:37"}
{"level":"info","message":{"body":"","method":"GET","params":{},"query":{},"url":"/api/product/getAllByRestaurantId/e2b6bc80-ef0b-4d50-9974-ef8ada8a4a51"},"timestamp":"2023-12-04 22:41:37"}
{"level":"info","message":{"data":{},"model":"product/getAllByRestaurantId"},"timestamp":"2023-12-04 22:41:37"}
{"level":"info","message":{"body":"","method":"GET","params":{},"query":{},"url":"/api/product/getAllByRestaurantId/e2b6bc80-ef0b-4d50-9974-ef8ada8a4a51"},"timestamp":"2023-12-04 22:41:37"}
{"level":"info","message":{"data":{},"model":"product/getAllByRestaurantId"},"timestamp":"2023-12-04 22:41:37"}
{"level":"info","message":{"body":"","method":"GET","params":{},"query":{},"url":"/api/comercio/getById/ae584ccd-b691-4619-aabf-7b15539743ee"},"timestamp":"2023-12-04 22:49:35"}
{"level":"info","message":{"body":"","method":"GET","params":{},"query":{},"url":"/api/comercio/getById/ae584ccd-b691-4619-aabf-7b15539743ee"},"timestamp":"2023-12-04 22:49:35"}
{"level":"info","message":{"body":"","method":"GET","params":{},"query":{},"url":"/api/product/getAllByRestaurantId/e2b6bc80-ef0b-4d50-9974-ef8ada8a4a51"},"timestamp":"2023-12-04 22:49:35"}
{"level":"info","message":{"data":{},"model":"product/getAllByRestaurantId"},"timestamp":"2023-12-04 22:49:35"}
{"level":"info","message":{"body":"","method":"GET","params":{},"query":{},"url":"/api/product/getAllByRestaurantId/e2b6bc80-ef0b-4d50-9974-ef8ada8a4a51"},"timestamp":"2023-12-04 22:49:35"}
{"level":"info","message":{"data":{},"model":"product/getAllByRestaurantId"},"timestamp":"2023-12-04 22:49:35"}
{"level":"info","message":{"body":"","method":"GET","params":{},"query":{},"url":"/api/comercio/getById/ae584ccd-b691-4619-aabf-7b15539743ee"},"timestamp":"2023-12-04 22:50:51"}
{"level":"info","message":{"body":"","method":"GET","params":{},"query":{},"url":"/api/comercio/getById/ae584ccd-b691-4619-aabf-7b15539743ee"},"timestamp":"2023-12-04 22:50:51"}
{"level":"info","message":{"body":"","method":"GET","params":{},"query":{},"url":"/api/product/getAllByRestaurantId/e2b6bc80-ef0b-4d50-9974-ef8ada8a4a51"},"timestamp":"2023-12-04 22:50:52"}
{"level":"info","message":{"data":{},"model":"product/getAllByRestaurantId"},"timestamp":"2023-12-04 22:50:52"}
{"level":"info","message":{"body":"","method":"GET","params":{},"query":{},"url":"/api/product/getAllByRestaurantId/e2b6bc80-ef0b-4d50-9974-ef8ada8a4a51"},"timestamp":"2023-12-04 22:50:52"}
{"level":"info","message":{"data":{},"model":"product/getAllByRestaurantId"},"timestamp":"2023-12-04 22:50:52"}
{"level":"info","message":{"body":"","method":"GET","params":{},"query":{},"url":"/api/comercio/getById/ae584ccd-b691-4619-aabf-7b15539743ee"},"timestamp":"2023-12-04 22:58:07"}
{"level":"info","message":{"body":"","method":"GET","params":{},"query":{},"url":"/api/comercio/getById/ae584ccd-b691-4619-aabf-7b15539743ee"},"timestamp":"2023-12-04 22:58:07"}
{"level":"info","message":{"body":"","method":"GET","params":{},"query":{},"url":"/api/product/getAllByRestaurantId/e2b6bc80-ef0b-4d50-9974-ef8ada8a4a51"},"timestamp":"2023-12-04 22:58:07"}
{"level":"info","message":{"data":{},"model":"product/getAllByRestaurantId"},"timestamp":"2023-12-04 22:58:07"}
{"level":"info","message":{"body":"","method":"GET","params":{},"query":{},"url":"/api/product/getAllByRestaurantId/e2b6bc80-ef0b-4d50-9974-ef8ada8a4a51"},"timestamp":"2023-12-04 22:58:07"}
{"level":"info","message":{"data":{},"model":"product/getAllByRestaurantId"},"timestamp":"2023-12-04 22:58:07"}
{"level":"info","message":"API listening port 3005","timestamp":"2023-12-04 23:54:40"}
{"level":"info","message":"Connected to Database","timestamp":"2023-12-04 23:54:40"}
{"level":"info","message":{"body":{"file":"blob:http://localhost:3002/faf8966b-c3b3-4092-9127-8fa7d6bddd16"},"method":"POST","params":"","query":"","url":"/api/file/add"},"timestamp":"2023-12-05 00:07:09"}
{"level":"info","message":{"body":"","method":"GET","params":{},"query":{},"url":"/api/comercio/getById/ae584ccd-b691-4619-aabf-7b15539743ee"},"timestamp":"2023-12-05 00:14:33"}
{"level":"info","message":{"body":"","method":"GET","params":{},"query":{},"url":"/api/comercio/getById/ae584ccd-b691-4619-aabf-7b15539743ee"},"timestamp":"2023-12-05 00:14:34"}
{"level":"info","message":{"body":"","method":"GET","params":{},"query":{},"url":"/api/product/getAllByRestaurantId/e2b6bc80-ef0b-4d50-9974-ef8ada8a4a51"},"timestamp":"2023-12-05 00:14:34"}
{"level":"info","message":{"data":{},"model":"product/getAllByRestaurantId"},"timestamp":"2023-12-05 00:14:34"}
{"level":"info","message":{"body":"","method":"GET","params":{},"query":{},"url":"/api/product/getAllByRestaurantId/e2b6bc80-ef0b-4d50-9974-ef8ada8a4a51"},"timestamp":"2023-12-05 00:14:34"}
{"level":"info","message":{"data":{},"model":"product/getAllByRestaurantId"},"timestamp":"2023-12-05 00:14:34"}
{"level":"info","message":{"body":{},"method":"POST","params":"","query":"","url":"/api/file/add"},"timestamp":"2023-12-05 00:15:20"}
{"level":"info","message":{"data":{},"model":"file/add"},"timestamp":"2023-12-05 00:15:22"}
{"level":"info","message":{"body":{},"method":"POST","params":"","query":"","url":"/api/file/add"},"timestamp":"2023-12-05 00:16:39"}
{"level":"info","message":{"data":{},"model":"file/add"},"timestamp":"2023-12-05 00:16:40"}
{"level":"info","message":{"body":{},"method":"POST","params":"","query":"","url":"/api/file/add"},"timestamp":"2023-12-05 00:16:45"}
{"level":"info","message":{"data":{},"model":"file/add"},"timestamp":"2023-12-05 00:16:45"}
{"level":"info","message":{"body":{},"method":"POST","params":"","query":"","url":"/api/file/add"},"timestamp":"2023-12-05 00:17:04"}
{"level":"info","message":{"data":{},"model":"file/add"},"timestamp":"2023-12-05 00:17:05"}
{"level":"info","message":{"body":"","method":"GET","params":{},"query":{},"url":"/api/comercio/getById/ae584ccd-b691-4619-aabf-7b15539743ee"},"timestamp":"2023-12-05 00:25:17"}
{"level":"info","message":{"body":"","method":"GET","params":{},"query":{},"url":"/api/comercio/getById/ae584ccd-b691-4619-aabf-7b15539743ee"},"timestamp":"2023-12-05 00:25:18"}
{"level":"info","message":{"body":"","method":"GET","params":{},"query":{},"url":"/api/product/getAllByRestaurantId/e2b6bc80-ef0b-4d50-9974-ef8ada8a4a51"},"timestamp":"2023-12-05 00:25:18"}
{"level":"info","message":{"data":{},"model":"product/getAllByRestaurantId"},"timestamp":"2023-12-05 00:25:18"}
{"level":"info","message":{"body":"","method":"GET","params":{},"query":{},"url":"/api/product/getAllByRestaurantId/e2b6bc80-ef0b-4d50-9974-ef8ada8a4a51"},"timestamp":"2023-12-05 00:25:18"}
{"level":"info","message":{"data":{},"model":"product/getAllByRestaurantId"},"timestamp":"2023-12-05 00:25:18"}
{"level":"info","message":{"body":"","method":"GET","params":{},"query":{},"url":"/api/comercio/getById/ae584ccd-b691-4619-aabf-7b15539743ee"},"timestamp":"2023-12-05 00:29:19"}
{"level":"info","message":{"body":"","method":"GET","params":{},"query":{},"url":"/api/comercio/getById/ae584ccd-b691-4619-aabf-7b15539743ee"},"timestamp":"2023-12-05 00:29:19"}
{"level":"info","message":{"body":"","method":"GET","params":{},"query":{},"url":"/api/product/getAllByRestaurantId/e2b6bc80-ef0b-4d50-9974-ef8ada8a4a51"},"timestamp":"2023-12-05 00:29:19"}
{"level":"info","message":{"data":{},"model":"product/getAllByRestaurantId"},"timestamp":"2023-12-05 00:29:19"}
{"level":"info","message":{"body":"","method":"GET","params":{},"query":{},"url":"/api/product/getAllByRestaurantId/e2b6bc80-ef0b-4d50-9974-ef8ada8a4a51"},"timestamp":"2023-12-05 00:29:20"}
{"level":"info","message":{"data":{},"model":"product/getAllByRestaurantId"},"timestamp":"2023-12-05 00:29:20"}
{"level":"info","message":{"body":{},"method":"POST","params":"","query":"","url":"/api/file/add"},"timestamp":"2023-12-05 00:31:19"}
{"level":"info","message":{"data":{},"model":"file/add"},"timestamp":"2023-12-05 00:31:21"}
{"level":"info","message":"API listening port 3005","timestamp":"2023-12-05 00:38:03"}
{"level":"info","message":"Connected to Database","timestamp":"2023-12-05 00:38:03"}
{"level":"info","message":"API listening port 3005","timestamp":"2023-12-05 00:38:16"}
{"level":"info","message":"Connected to Database","timestamp":"2023-12-05 00:38:16"}
{"level":"info","message":"API listening port 3005","timestamp":"2023-12-05 00:39:01"}
{"level":"info","message":"Connected to Database","timestamp":"2023-12-05 00:39:02"}
{"level":"info","message":"API listening port 3005","timestamp":"2023-12-05 00:39:08"}
{"level":"info","message":"Connected to Database","timestamp":"2023-12-05 00:39:09"}
{"level":"info","message":"API listening port 3005","timestamp":"2023-12-05 00:39:41"}
{"level":"info","message":"Connected to Database","timestamp":"2023-12-05 00:39:41"}
{"level":"info","message":"API listening port 3005","timestamp":"2023-12-05 00:39:46"}
{"level":"info","message":"Connected to Database","timestamp":"2023-12-05 00:39:46"}
{"level":"info","message":"API listening port 3005","timestamp":"2023-12-05 00:41:04"}
{"level":"info","message":"Connected to Database","timestamp":"2023-12-05 00:41:04"}
{"level":"info","message":"API listening port 3005","timestamp":"2023-12-05 00:43:52"}
{"level":"info","message":"Connected to Database","timestamp":"2023-12-05 00:43:52"}
{"level":"info","message":"API listening port 3005","timestamp":"2023-12-05 00:44:13"}
{"level":"info","message":"Connected to Database","timestamp":"2023-12-05 00:44:13"}
{"level":"info","message":"API listening port 3005","timestamp":"2023-12-05 13:37:27"}
{"level":"info","message":"Connected to Database","timestamp":"2023-12-05 13:37:27"}
{"level":"info","message":{"body":{"email":"taoQuispe@gmial.com","password":"957902342"},"method":"POST","params":"","query":"","url":"/api/user/validate"},"timestamp":"2023-12-05 13:37:28"}
{"level":"info","message":{"body":"","method":"GET","params":{},"query":{},"url":"/api/comercio/getByPersonId/41c3c221-4738-4206-8fa8-053a73fe043d"},"timestamp":"2023-12-05 13:37:30"}
{"level":"info","message":{"body":"","method":"GET","params":{},"query":{},"url":"/api/comercio/getByPersonId/41c3c221-4738-4206-8fa8-053a73fe043d"},"timestamp":"2023-12-05 13:37:30"}
